-- The C compiler identification is GNU 11.4.0
-- The CXX compiler identification is GNU 11.4.0
-- Detecting C compiler ABI info
-- Detecting C compiler ABI info - done
-- Check for working C compiler: /usr/bin/cc - skipped
-- Detecting C compile features
-- Detecting C compile features - done
-- Detecting CXX compiler ABI info
-- Detecting CXX compiler ABI info - done
-- Check for working CXX compiler: /usr/bin/c++ - skipped
-- Detecting CXX compile features
-- Detecting CXX compile features - done
-- Found ament_cmake: 1.3.5 (/opt/ros/humble/share/ament_cmake/cmake)
-- Found Python3: /usr/bin/python3.10 (found version "3.10.12") found components: Interpreter 
-- Found ament_lint_auto: 0.12.8 (/opt/ros/humble/share/ament_lint_auto/cmake)
-- Found geometry_msgs: 4.2.3 (/opt/ros/humble/share/geometry_msgs/cmake)
-- Found rosidl_generator_c: 3.1.5 (/opt/ros/humble/share/rosidl_generator_c/cmake)
-- Found rosidl_adapter: 3.1.5 (/opt/ros/humble/share/rosidl_adapter/cmake)
-- Found rosidl_generator_cpp: 3.1.5 (/opt/ros/humble/share/rosidl_generator_cpp/cmake)
-- Using all available rosidl_typesupport_c: rosidl_typesupport_fastrtps_c;rosidl_typesupport_introspection_c
-- Using all available rosidl_typesupport_cpp: rosidl_typesupport_fastrtps_cpp;rosidl_typesupport_introspection_cpp
-- Found rosidl_default_generators: 1.2.0 (/opt/ros/humble/share/rosidl_default_generators/cmake)
-- Found ament_cmake_ros: 0.10.0 (/opt/ros/humble/share/ament_cmake_ros/cmake)
-- Using all available rosidl_typesupport_c: rosidl_typesupport_fastrtps_c;rosidl_typesupport_introspection_c
-- Using all available rosidl_typesupport_cpp: rosidl_typesupport_fastrtps_cpp;rosidl_typesupport_introspection_cpp
-- Found PythonInterp: /usr/bin/python3 (found suitable version "3.10.12", minimum required is "3.6") 
-- Found python_cmake_module: 0.10.0 (/opt/ros/humble/share/python_cmake_module/cmake)
-- Found PythonLibs: /usr/lib/x86_64-linux-gnu/libpython3.10.so (found suitable version "3.10.12", minimum required is "3.5") 
-- Using PYTHON_EXECUTABLE: /usr/bin/python3
-- Using PYTHON_INCLUDE_DIRS: /usr/include/python3.10
-- Using PYTHON_LIBRARIES: /usr/lib/x86_64-linux-gnu/libpython3.10.so
-- Found PythonExtra: .so  
-- Added test 'lint_cmake' to check CMake code style
-- Added test 'xmllint' to check XML markup files
-- Configuring done
-- Generating done
-- Build files have been written to: /home/kaymarrr/FourTurtleSim_ws/build/controller_interfaces
[  2%] [34m[1mGenerating C code for ROS interfaces[0m
[  5%] [34m[1mGenerating C++ code for ROS interfaces[0m
[  5%] Built target ament_cmake_python_copy_controller_interfaces
running egg_info
creating controller_interfaces.egg-info
writing controller_interfaces.egg-info/PKG-INFO
writing dependency_links to controller_interfaces.egg-info/dependency_links.txt
writing top-level names to controller_interfaces.egg-info/top_level.txt
writing manifest file 'controller_interfaces.egg-info/SOURCES.txt'
reading manifest file 'controller_interfaces.egg-info/SOURCES.txt'
writing manifest file 'controller_interfaces.egg-info/SOURCES.txt'
[  5%] Built target ament_cmake_python_build_controller_interfaces_egg
[  5%] Built target controller_interfaces__cpp
[ 10%] [34m[1mGenerating C++ type support dispatch for ROS interfaces[0m
[ 10%] [34m[1mGenerating C++ type support for eProsima Fast-RTPS[0m
[ 12%] [34m[1mGenerating C++ introspection for ROS interfaces[0m
[ 15%] [32mBuilding C object CMakeFiles/controller_interfaces__rosidl_generator_c.dir/rosidl_generator_c/controller_interfaces/srv/detail/set_target__functions.c.o[0m
[ 17%] [32mBuilding C object CMakeFiles/controller_interfaces__rosidl_generator_c.dir/rosidl_generator_c/controller_interfaces/srv/detail/notify__functions.c.o[0m
[ 20%] [32m[1mLinking C shared library libcontroller_interfaces__rosidl_generator_c.so[0m
[ 20%] Built target controller_interfaces__rosidl_generator_c
[ 23%] [34m[1mGenerating C type support dispatch for ROS interfaces[0m
[ 25%] [34m[1mGenerating C introspection for ROS interfaces[0m
[ 28%] [34m[1mGenerating C type support for eProsima Fast-RTPS[0m
[ 33%] [32mBuilding CXX object CMakeFiles/controller_interfaces__rosidl_typesupport_fastrtps_cpp.dir/rosidl_typesupport_fastrtps_cpp/controller_interfaces/srv/detail/dds_fastrtps/notify__type_support.cpp.o[0m
[ 33%] [32mBuilding CXX object CMakeFiles/controller_interfaces__rosidl_typesupport_fastrtps_cpp.dir/rosidl_typesupport_fastrtps_cpp/controller_interfaces/srv/detail/dds_fastrtps/set_target__type_support.cpp.o[0m
[ 35%] [32mBuilding C object CMakeFiles/controller_interfaces__rosidl_typesupport_introspection_c.dir/rosidl_typesupport_introspection_c/controller_interfaces/srv/detail/set_target__type_support.c.o[0m
[ 38%] [32mBuilding C object CMakeFiles/controller_interfaces__rosidl_typesupport_introspection_c.dir/rosidl_typesupport_introspection_c/controller_interfaces/srv/detail/notify__type_support.c.o[0m
[ 41%] [32mBuilding CXX object CMakeFiles/controller_interfaces__rosidl_typesupport_cpp.dir/rosidl_typesupport_cpp/controller_interfaces/srv/notify__type_support.cpp.o[0m
[ 43%] [32mBuilding CXX object CMakeFiles/controller_interfaces__rosidl_typesupport_cpp.dir/rosidl_typesupport_cpp/controller_interfaces/srv/set_target__type_support.cpp.o[0m
[ 46%] [32mBuilding CXX object CMakeFiles/controller_interfaces__rosidl_typesupport_fastrtps_c.dir/rosidl_typesupport_fastrtps_c/controller_interfaces/srv/detail/notify__type_support_c.cpp.o[0m
[ 48%] [32mBuilding CXX object CMakeFiles/controller_interfaces__rosidl_typesupport_fastrtps_c.dir/rosidl_typesupport_fastrtps_c/controller_interfaces/srv/detail/set_target__type_support_c.cpp.o[0m
[ 51%] [32m[1mLinking C shared library libcontroller_interfaces__rosidl_typesupport_introspection_c.so[0m
[ 53%] [32mBuilding CXX object CMakeFiles/controller_interfaces__rosidl_typesupport_c.dir/rosidl_typesupport_c/controller_interfaces/srv/set_target__type_support.cpp.o[0m
[ 56%] [32mBuilding CXX object CMakeFiles/controller_interfaces__rosidl_typesupport_c.dir/rosidl_typesupport_c/controller_interfaces/srv/notify__type_support.cpp.o[0m
[ 56%] Built target controller_interfaces__rosidl_typesupport_introspection_c
[ 58%] [32mBuilding CXX object CMakeFiles/controller_interfaces__rosidl_typesupport_introspection_cpp.dir/rosidl_typesupport_introspection_cpp/controller_interfaces/srv/detail/set_target__type_support.cpp.o[0m
[ 61%] [32mBuilding CXX object CMakeFiles/controller_interfaces__rosidl_typesupport_introspection_cpp.dir/rosidl_typesupport_introspection_cpp/controller_interfaces/srv/detail/notify__type_support.cpp.o[0m
[ 64%] [32m[1mLinking CXX shared library libcontroller_interfaces__rosidl_typesupport_c.so[0m
[ 64%] Built target controller_interfaces__rosidl_typesupport_c
[ 66%] [32m[1mLinking CXX shared library libcontroller_interfaces__rosidl_typesupport_cpp.so[0m
[ 66%] Built target controller_interfaces__rosidl_typesupport_cpp
[ 69%] [32m[1mLinking CXX shared library libcontroller_interfaces__rosidl_typesupport_fastrtps_c.so[0m
[ 71%] [32m[1mLinking CXX shared library libcontroller_interfaces__rosidl_typesupport_fastrtps_cpp.so[0m
[ 71%] Built target controller_interfaces__rosidl_typesupport_fastrtps_c
[ 71%] Built target controller_interfaces__rosidl_typesupport_fastrtps_cpp
[ 74%] [32m[1mLinking CXX shared library libcontroller_interfaces__rosidl_typesupport_introspection_cpp.so[0m
[ 74%] Built target controller_interfaces__rosidl_typesupport_introspection_cpp
[ 74%] Built target controller_interfaces
[ 76%] [34m[1mGenerating Python code for ROS interfaces[0m
[ 76%] Built target controller_interfaces__py
[ 79%] [32mBuilding C object CMakeFiles/controller_interfaces__rosidl_generator_py.dir/rosidl_generator_py/controller_interfaces/srv/_set_target_s.c.o[0m
[ 82%] [32mBuilding C object CMakeFiles/controller_interfaces__rosidl_generator_py.dir/rosidl_generator_py/controller_interfaces/srv/_notify_s.c.o[0m
[ 84%] [32m[1mLinking C shared library rosidl_generator_py/controller_interfaces/libcontroller_interfaces__rosidl_generator_py.so[0m
[ 84%] Built target controller_interfaces__rosidl_generator_py
[ 87%] [32mBuilding C object CMakeFiles/controller_interfaces__rosidl_typesupport_fastrtps_c__pyext.dir/rosidl_generator_py/controller_interfaces/_controller_interfaces_s.ep.rosidl_typesupport_fastrtps_c.c.o[0m
[ 89%] [32mBuilding C object CMakeFiles/controller_interfaces__rosidl_typesupport_c__pyext.dir/rosidl_generator_py/controller_interfaces/_controller_interfaces_s.ep.rosidl_typesupport_c.c.o[0m
[ 92%] [32mBuilding C object CMakeFiles/controller_interfaces__rosidl_typesupport_introspection_c__pyext.dir/rosidl_generator_py/controller_interfaces/_controller_interfaces_s.ep.rosidl_typesupport_introspection_c.c.o[0m
[100%] [32m[1mLinking C shared library rosidl_generator_py/controller_interfaces/controller_interfaces_s__rosidl_typesupport_c.cpython-310-x86_64-linux-gnu.so[0m
[100%] [32m[1mLinking C shared library rosidl_generator_py/controller_interfaces/controller_interfaces_s__rosidl_typesupport_fastrtps_c.cpython-310-x86_64-linux-gnu.so[0m
[100%] [32m[1mLinking C shared library rosidl_generator_py/controller_interfaces/controller_interfaces_s__rosidl_typesupport_introspection_c.cpython-310-x86_64-linux-gnu.so[0m
[100%] Built target controller_interfaces__rosidl_typesupport_c__pyext
[100%] Built target controller_interfaces__rosidl_typesupport_introspection_c__pyext
[100%] Built target controller_interfaces__rosidl_typesupport_fastrtps_c__pyext
-- Install configuration: ""
-- Installing: /home/kaymarrr/FourTurtleSim_ws/install/controller_interfaces/share/ament_index/resource_index/rosidl_interfaces/controller_interfaces
-- Installing: /home/kaymarrr/FourTurtleSim_ws/install/controller_interfaces/include/controller_interfaces/controller_interfaces
-- Installing: /home/kaymarrr/FourTurtleSim_ws/install/controller_interfaces/include/controller_interfaces/controller_interfaces/msg
-- Installing: /home/kaymarrr/FourTurtleSim_ws/install/controller_interfaces/include/controller_interfaces/controller_interfaces/msg/rosidl_generator_c__visibility_control.h
-- Installing: /home/kaymarrr/FourTurtleSim_ws/install/controller_interfaces/include/controller_interfaces/controller_interfaces/srv
-- Installing: /home/kaymarrr/FourTurtleSim_ws/install/controller_interfaces/include/controller_interfaces/controller_interfaces/srv/detail
-- Installing: /home/kaymarrr/FourTurtleSim_ws/install/controller_interfaces/include/controller_interfaces/controller_interfaces/srv/detail/notify__type_support.h
-- Installing: /home/kaymarrr/FourTurtleSim_ws/install/controller_interfaces/include/controller_interfaces/controller_interfaces/srv/detail/set_target__functions.h
-- Installing: /home/kaymarrr/FourTurtleSim_ws/install/controller_interfaces/include/controller_interfaces/controller_interfaces/srv/detail/notify__struct.h
-- Installing: /home/kaymarrr/FourTurtleSim_ws/install/controller_interfaces/include/controller_interfaces/controller_interfaces/srv/detail/set_target__functions.c
-- Installing: /home/kaymarrr/FourTurtleSim_ws/install/controller_interfaces/include/controller_interfaces/controller_interfaces/srv/detail/notify__functions.c
-- Installing: /home/kaymarrr/FourTurtleSim_ws/install/controller_interfaces/include/controller_interfaces/controller_interfaces/srv/detail/notify__functions.h
-- Installing: /home/kaymarrr/FourTurtleSim_ws/install/controller_interfaces/include/controller_interfaces/controller_interfaces/srv/detail/set_target__struct.h
-- Installing: /home/kaymarrr/FourTurtleSim_ws/install/controller_interfaces/include/controller_interfaces/controller_interfaces/srv/detail/set_target__type_support.h
-- Installing: /home/kaymarrr/FourTurtleSim_ws/install/controller_interfaces/include/controller_interfaces/controller_interfaces/srv/notify.h
-- Installing: /home/kaymarrr/FourTurtleSim_ws/install/controller_interfaces/include/controller_interfaces/controller_interfaces/srv/set_target.h
-- Installing: /home/kaymarrr/FourTurtleSim_ws/install/controller_interfaces/share/controller_interfaces/environment/library_path.sh
-- Installing: /home/kaymarrr/FourTurtleSim_ws/install/controller_interfaces/share/controller_interfaces/environment/library_path.dsv
-- Installing: /home/kaymarrr/FourTurtleSim_ws/install/controller_interfaces/lib/libcontroller_interfaces__rosidl_generator_c.so
-- Set runtime path of "/home/kaymarrr/FourTurtleSim_ws/install/controller_interfaces/lib/libcontroller_interfaces__rosidl_generator_c.so" to ""
-- Up-to-date: /home/kaymarrr/FourTurtleSim_ws/install/controller_interfaces/include/controller_interfaces/controller_interfaces
-- Up-to-date: /home/kaymarrr/FourTurtleSim_ws/install/controller_interfaces/include/controller_interfaces/controller_interfaces/msg
-- Installing: /home/kaymarrr/FourTurtleSim_ws/install/controller_interfaces/include/controller_interfaces/controller_interfaces/msg/rosidl_typesupport_fastrtps_c__visibility_control.h
-- Up-to-date: /home/kaymarrr/FourTurtleSim_ws/install/controller_interfaces/include/controller_interfaces/controller_interfaces/srv
-- Up-to-date: /home/kaymarrr/FourTurtleSim_ws/install/controller_interfaces/include/controller_interfaces/controller_interfaces/srv/detail
-- Installing: /home/kaymarrr/FourTurtleSim_ws/install/controller_interfaces/include/controller_interfaces/controller_interfaces/srv/detail/notify__rosidl_typesupport_fastrtps_c.h
-- Installing: /home/kaymarrr/FourTurtleSim_ws/install/controller_interfaces/include/controller_interfaces/controller_interfaces/srv/detail/set_target__rosidl_typesupport_fastrtps_c.h
-- Installing: /home/kaymarrr/FourTurtleSim_ws/install/controller_interfaces/lib/libcontroller_interfaces__rosidl_typesupport_fastrtps_c.so
-- Set runtime path of "/home/kaymarrr/FourTurtleSim_ws/install/controller_interfaces/lib/libcontroller_interfaces__rosidl_typesupport_fastrtps_c.so" to ""
-- Up-to-date: /home/kaymarrr/FourTurtleSim_ws/install/controller_interfaces/include/controller_interfaces/controller_interfaces
-- Up-to-date: /home/kaymarrr/FourTurtleSim_ws/install/controller_interfaces/include/controller_interfaces/controller_interfaces/srv
-- Installing: /home/kaymarrr/FourTurtleSim_ws/install/controller_interfaces/include/controller_interfaces/controller_interfaces/srv/notify.hpp
-- Installing: /home/kaymarrr/FourTurtleSim_ws/install/controller_interfaces/include/controller_interfaces/controller_interfaces/srv/set_target.hpp
-- Up-to-date: /home/kaymarrr/FourTurtleSim_ws/install/controller_interfaces/include/controller_interfaces/controller_interfaces/srv/detail
-- Installing: /home/kaymarrr/FourTurtleSim_ws/install/controller_interfaces/include/controller_interfaces/controller_interfaces/srv/detail/set_target__builder.hpp
-- Installing: /home/kaymarrr/FourTurtleSim_ws/install/controller_interfaces/include/controller_interfaces/controller_interfaces/srv/detail/notify__struct.hpp
-- Installing: /home/kaymarrr/FourTurtleSim_ws/install/controller_interfaces/include/controller_interfaces/controller_interfaces/srv/detail/notify__traits.hpp
-- Installing: /home/kaymarrr/FourTurtleSim_ws/install/controller_interfaces/include/controller_interfaces/controller_interfaces/srv/detail/notify__builder.hpp
-- Installing: /home/kaymarrr/FourTurtleSim_ws/install/controller_interfaces/include/controller_interfaces/controller_interfaces/srv/detail/set_target__struct.hpp
-- Installing: /home/kaymarrr/FourTurtleSim_ws/install/controller_interfaces/include/controller_interfaces/controller_interfaces/srv/detail/set_target__traits.hpp
-- Up-to-date: /home/kaymarrr/FourTurtleSim_ws/install/controller_interfaces/include/controller_interfaces/controller_interfaces
-- Up-to-date: /home/kaymarrr/FourTurtleSim_ws/install/controller_interfaces/include/controller_interfaces/controller_interfaces/msg
-- Installing: /home/kaymarrr/FourTurtleSim_ws/install/controller_interfaces/include/controller_interfaces/controller_interfaces/msg/rosidl_typesupport_fastrtps_cpp__visibility_control.h
-- Up-to-date: /home/kaymarrr/FourTurtleSim_ws/install/controller_interfaces/include/controller_interfaces/controller_interfaces/srv
-- Up-to-date: /home/kaymarrr/FourTurtleSim_ws/install/controller_interfaces/include/controller_interfaces/controller_interfaces/srv/detail
-- Installing: /home/kaymarrr/FourTurtleSim_ws/install/controller_interfaces/include/controller_interfaces/controller_interfaces/srv/detail/set_target__rosidl_typesupport_fastrtps_cpp.hpp
-- Installing: /home/kaymarrr/FourTurtleSim_ws/install/controller_interfaces/include/controller_interfaces/controller_interfaces/srv/detail/notify__rosidl_typesupport_fastrtps_cpp.hpp
-- Installing: /home/kaymarrr/FourTurtleSim_ws/install/controller_interfaces/include/controller_interfaces/controller_interfaces/srv/detail/dds_fastrtps
-- Installing: /home/kaymarrr/FourTurtleSim_ws/install/controller_interfaces/lib/libcontroller_interfaces__rosidl_typesupport_fastrtps_cpp.so
-- Set runtime path of "/home/kaymarrr/FourTurtleSim_ws/install/controller_interfaces/lib/libcontroller_interfaces__rosidl_typesupport_fastrtps_cpp.so" to ""
-- Up-to-date: /home/kaymarrr/FourTurtleSim_ws/install/controller_interfaces/include/controller_interfaces/controller_interfaces
-- Up-to-date: /home/kaymarrr/FourTurtleSim_ws/install/controller_interfaces/include/controller_interfaces/controller_interfaces/msg
-- Installing: /home/kaymarrr/FourTurtleSim_ws/install/controller_interfaces/include/controller_interfaces/controller_interfaces/msg/rosidl_typesupport_introspection_c__visibility_control.h
-- Up-to-date: /home/kaymarrr/FourTurtleSim_ws/install/controller_interfaces/include/controller_interfaces/controller_interfaces/srv
-- Up-to-date: /home/kaymarrr/FourTurtleSim_ws/install/controller_interfaces/include/controller_interfaces/controller_interfaces/srv/detail
-- Installing: /home/kaymarrr/FourTurtleSim_ws/install/controller_interfaces/include/controller_interfaces/controller_interfaces/srv/detail/notify__rosidl_typesupport_introspection_c.h
-- Installing: /home/kaymarrr/FourTurtleSim_ws/install/controller_interfaces/include/controller_interfaces/controller_interfaces/srv/detail/notify__type_support.c
-- Installing: /home/kaymarrr/FourTurtleSim_ws/install/controller_interfaces/include/controller_interfaces/controller_interfaces/srv/detail/set_target__rosidl_typesupport_introspection_c.h
-- Installing: /home/kaymarrr/FourTurtleSim_ws/install/controller_interfaces/include/controller_interfaces/controller_interfaces/srv/detail/set_target__type_support.c
-- Installing: /home/kaymarrr/FourTurtleSim_ws/install/controller_interfaces/lib/libcontroller_interfaces__rosidl_typesupport_introspection_c.so
-- Set runtime path of "/home/kaymarrr/FourTurtleSim_ws/install/controller_interfaces/lib/libcontroller_interfaces__rosidl_typesupport_introspection_c.so" to ""
-- Installing: /home/kaymarrr/FourTurtleSim_ws/install/controller_interfaces/lib/libcontroller_interfaces__rosidl_typesupport_c.so
-- Set runtime path of "/home/kaymarrr/FourTurtleSim_ws/install/controller_interfaces/lib/libcontroller_interfaces__rosidl_typesupport_c.so" to ""
-- Up-to-date: /home/kaymarrr/FourTurtleSim_ws/install/controller_interfaces/include/controller_interfaces/controller_interfaces
-- Up-to-date: /home/kaymarrr/FourTurtleSim_ws/install/controller_interfaces/include/controller_interfaces/controller_interfaces/srv
-- Up-to-date: /home/kaymarrr/FourTurtleSim_ws/install/controller_interfaces/include/controller_interfaces/controller_interfaces/srv/detail
-- Installing: /home/kaymarrr/FourTurtleSim_ws/install/controller_interfaces/include/controller_interfaces/controller_interfaces/srv/detail/set_target__rosidl_typesupport_introspection_cpp.hpp
-- Installing: /home/kaymarrr/FourTurtleSim_ws/install/controller_interfaces/include/controller_interfaces/controller_interfaces/srv/detail/notify__type_support.cpp
-- Installing: /home/kaymarrr/FourTurtleSim_ws/install/controller_interfaces/include/controller_interfaces/controller_interfaces/srv/detail/notify__rosidl_typesupport_introspection_cpp.hpp
-- Installing: /home/kaymarrr/FourTurtleSim_ws/install/controller_interfaces/include/controller_interfaces/controller_interfaces/srv/detail/set_target__type_support.cpp
-- Installing: /home/kaymarrr/FourTurtleSim_ws/install/controller_interfaces/lib/libcontroller_interfaces__rosidl_typesupport_introspection_cpp.so
-- Set runtime path of "/home/kaymarrr/FourTurtleSim_ws/install/controller_interfaces/lib/libcontroller_interfaces__rosidl_typesupport_introspection_cpp.so" to ""
-- Installing: /home/kaymarrr/FourTurtleSim_ws/install/controller_interfaces/lib/libcontroller_interfaces__rosidl_typesupport_cpp.so
-- Set runtime path of "/home/kaymarrr/FourTurtleSim_ws/install/controller_interfaces/lib/libcontroller_interfaces__rosidl_typesupport_cpp.so" to ""
-- Installing: /home/kaymarrr/FourTurtleSim_ws/install/controller_interfaces/share/controller_interfaces/environment/pythonpath.sh
-- Installing: /home/kaymarrr/FourTurtleSim_ws/install/controller_interfaces/share/controller_interfaces/environment/pythonpath.dsv
-- Installing: /home/kaymarrr/FourTurtleSim_ws/install/controller_interfaces/local/lib/python3.10/dist-packages/controller_interfaces-0.0.0-py3.10.egg-info
-- Installing: /home/kaymarrr/FourTurtleSim_ws/install/controller_interfaces/local/lib/python3.10/dist-packages/controller_interfaces-0.0.0-py3.10.egg-info/top_level.txt
-- Installing: /home/kaymarrr/FourTurtleSim_ws/install/controller_interfaces/local/lib/python3.10/dist-packages/controller_interfaces-0.0.0-py3.10.egg-info/PKG-INFO
-- Installing: /home/kaymarrr/FourTurtleSim_ws/install/controller_interfaces/local/lib/python3.10/dist-packages/controller_interfaces-0.0.0-py3.10.egg-info/dependency_links.txt
-- Installing: /home/kaymarrr/FourTurtleSim_ws/install/controller_interfaces/local/lib/python3.10/dist-packages/controller_interfaces-0.0.0-py3.10.egg-info/SOURCES.txt
-- Installing: /home/kaymarrr/FourTurtleSim_ws/install/controller_interfaces/local/lib/python3.10/dist-packages/controller_interfaces
-- Installing: /home/kaymarrr/FourTurtleSim_ws/install/controller_interfaces/local/lib/python3.10/dist-packages/controller_interfaces/_controller_interfaces_s.ep.rosidl_typesupport_fastrtps_c.c
-- Installing: /home/kaymarrr/FourTurtleSim_ws/install/controller_interfaces/local/lib/python3.10/dist-packages/controller_interfaces/controller_interfaces_s__rosidl_typesupport_fastrtps_c.cpython-310-x86_64-linux-gnu.so
-- Installing: /home/kaymarrr/FourTurtleSim_ws/install/controller_interfaces/local/lib/python3.10/dist-packages/controller_interfaces/__init__.py
-- Installing: /home/kaymarrr/FourTurtleSim_ws/install/controller_interfaces/local/lib/python3.10/dist-packages/controller_interfaces/controller_interfaces_s__rosidl_typesupport_introspection_c.cpython-310-x86_64-linux-gnu.so
-- Installing: /home/kaymarrr/FourTurtleSim_ws/install/controller_interfaces/local/lib/python3.10/dist-packages/controller_interfaces/controller_interfaces_s__rosidl_typesupport_c.cpython-310-x86_64-linux-gnu.so
-- Installing: /home/kaymarrr/FourTurtleSim_ws/install/controller_interfaces/local/lib/python3.10/dist-packages/controller_interfaces/libcontroller_interfaces__rosidl_generator_py.so
-- Installing: /home/kaymarrr/FourTurtleSim_ws/install/controller_interfaces/local/lib/python3.10/dist-packages/controller_interfaces/_controller_interfaces_s.ep.rosidl_typesupport_c.c
-- Installing: /home/kaymarrr/FourTurtleSim_ws/install/controller_interfaces/local/lib/python3.10/dist-packages/controller_interfaces/srv
-- Installing: /home/kaymarrr/FourTurtleSim_ws/install/controller_interfaces/local/lib/python3.10/dist-packages/controller_interfaces/srv/_notify_s.c
-- Installing: /home/kaymarrr/FourTurtleSim_ws/install/controller_interfaces/local/lib/python3.10/dist-packages/controller_interfaces/srv/_set_target.py
-- Installing: /home/kaymarrr/FourTurtleSim_ws/install/controller_interfaces/local/lib/python3.10/dist-packages/controller_interfaces/srv/__init__.py
-- Installing: /home/kaymarrr/FourTurtleSim_ws/install/controller_interfaces/local/lib/python3.10/dist-packages/controller_interfaces/srv/_notify.py
-- Installing: /home/kaymarrr/FourTurtleSim_ws/install/controller_interfaces/local/lib/python3.10/dist-packages/controller_interfaces/srv/_set_target_s.c
-- Installing: /home/kaymarrr/FourTurtleSim_ws/install/controller_interfaces/local/lib/python3.10/dist-packages/controller_interfaces/_controller_interfaces_s.ep.rosidl_typesupport_introspection_c.c
Listing '/home/kaymarrr/FourTurtleSim_ws/install/controller_interfaces/local/lib/python3.10/dist-packages/controller_interfaces'...
Compiling '/home/kaymarrr/FourTurtleSim_ws/install/controller_interfaces/local/lib/python3.10/dist-packages/controller_interfaces/__init__.py'...
Listing '/home/kaymarrr/FourTurtleSim_ws/install/controller_interfaces/local/lib/python3.10/dist-packages/controller_interfaces/srv'...
Compiling '/home/kaymarrr/FourTurtleSim_ws/install/controller_interfaces/local/lib/python3.10/dist-packages/controller_interfaces/srv/__init__.py'...
Compiling '/home/kaymarrr/FourTurtleSim_ws/install/controller_interfaces/local/lib/python3.10/dist-packages/controller_interfaces/srv/_notify.py'...
Compiling '/home/kaymarrr/FourTurtleSim_ws/install/controller_interfaces/local/lib/python3.10/dist-packages/controller_interfaces/srv/_set_target.py'...
-- Installing: /home/kaymarrr/FourTurtleSim_ws/install/controller_interfaces/local/lib/python3.10/dist-packages/controller_interfaces/controller_interfaces_s__rosidl_typesupport_fastrtps_c.cpython-310-x86_64-linux-gnu.so
-- Set runtime path of "/home/kaymarrr/FourTurtleSim_ws/install/controller_interfaces/local/lib/python3.10/dist-packages/controller_interfaces/controller_interfaces_s__rosidl_typesupport_fastrtps_c.cpython-310-x86_64-linux-gnu.so" to ""
-- Installing: /home/kaymarrr/FourTurtleSim_ws/install/controller_interfaces/local/lib/python3.10/dist-packages/controller_interfaces/controller_interfaces_s__rosidl_typesupport_introspection_c.cpython-310-x86_64-linux-gnu.so
-- Set runtime path of "/home/kaymarrr/FourTurtleSim_ws/install/controller_interfaces/local/lib/python3.10/dist-packages/controller_interfaces/controller_interfaces_s__rosidl_typesupport_introspection_c.cpython-310-x86_64-linux-gnu.so" to ""
-- Installing: /home/kaymarrr/FourTurtleSim_ws/install/controller_interfaces/local/lib/python3.10/dist-packages/controller_interfaces/controller_interfaces_s__rosidl_typesupport_c.cpython-310-x86_64-linux-gnu.so
-- Set runtime path of "/home/kaymarrr/FourTurtleSim_ws/install/controller_interfaces/local/lib/python3.10/dist-packages/controller_interfaces/controller_interfaces_s__rosidl_typesupport_c.cpython-310-x86_64-linux-gnu.so" to ""
-- Installing: /home/kaymarrr/FourTurtleSim_ws/install/controller_interfaces/lib/libcontroller_interfaces__rosidl_generator_py.so
-- Set runtime path of "/home/kaymarrr/FourTurtleSim_ws/install/controller_interfaces/lib/libcontroller_interfaces__rosidl_generator_py.so" to ""
-- Installing: /home/kaymarrr/FourTurtleSim_ws/install/controller_interfaces/share/controller_interfaces/srv/SetTarget.idl
-- Installing: /home/kaymarrr/FourTurtleSim_ws/install/controller_interfaces/share/controller_interfaces/srv/Notify.idl
-- Installing: /home/kaymarrr/FourTurtleSim_ws/install/controller_interfaces/share/controller_interfaces/srv/SetTarget.srv
-- Installing: /home/kaymarrr/FourTurtleSim_ws/install/controller_interfaces/share/controller_interfaces/srv/SetTarget_Request.msg
-- Installing: /home/kaymarrr/FourTurtleSim_ws/install/controller_interfaces/share/controller_interfaces/srv/SetTarget_Response.msg
-- Installing: /home/kaymarrr/FourTurtleSim_ws/install/controller_interfaces/share/controller_interfaces/srv/Notify.srv
-- Installing: /home/kaymarrr/FourTurtleSim_ws/install/controller_interfaces/share/controller_interfaces/srv/Notify_Request.msg
-- Installing: /home/kaymarrr/FourTurtleSim_ws/install/controller_interfaces/share/controller_interfaces/srv/Notify_Response.msg
-- Installing: /home/kaymarrr/FourTurtleSim_ws/install/controller_interfaces/share/ament_index/resource_index/package_run_dependencies/controller_interfaces
-- Installing: /home/kaymarrr/FourTurtleSim_ws/install/controller_interfaces/share/ament_index/resource_index/parent_prefix_path/controller_interfaces
-- Installing: /home/kaymarrr/FourTurtleSim_ws/install/controller_interfaces/share/controller_interfaces/environment/ament_prefix_path.sh
-- Installing: /home/kaymarrr/FourTurtleSim_ws/install/controller_interfaces/share/controller_interfaces/environment/ament_prefix_path.dsv
-- Installing: /home/kaymarrr/FourTurtleSim_ws/install/controller_interfaces/share/controller_interfaces/environment/path.sh
-- Installing: /home/kaymarrr/FourTurtleSim_ws/install/controller_interfaces/share/controller_interfaces/environment/path.dsv
-- Installing: /home/kaymarrr/FourTurtleSim_ws/install/controller_interfaces/share/controller_interfaces/local_setup.bash
-- Installing: /home/kaymarrr/FourTurtleSim_ws/install/controller_interfaces/share/controller_interfaces/local_setup.sh
-- Installing: /home/kaymarrr/FourTurtleSim_ws/install/controller_interfaces/share/controller_interfaces/local_setup.zsh
-- Installing: /home/kaymarrr/FourTurtleSim_ws/install/controller_interfaces/share/controller_interfaces/local_setup.dsv
-- Installing: /home/kaymarrr/FourTurtleSim_ws/install/controller_interfaces/share/controller_interfaces/package.dsv
-- Installing: /home/kaymarrr/FourTurtleSim_ws/install/controller_interfaces/share/ament_index/resource_index/packages/controller_interfaces
-- Installing: /home/kaymarrr/FourTurtleSim_ws/install/controller_interfaces/share/controller_interfaces/cmake/export_controller_interfaces__rosidl_generator_cExport.cmake
-- Installing: /home/kaymarrr/FourTurtleSim_ws/install/controller_interfaces/share/controller_interfaces/cmake/export_controller_interfaces__rosidl_generator_cExport-noconfig.cmake
-- Installing: /home/kaymarrr/FourTurtleSim_ws/install/controller_interfaces/share/controller_interfaces/cmake/export_controller_interfaces__rosidl_typesupport_fastrtps_cExport.cmake
-- Installing: /home/kaymarrr/FourTurtleSim_ws/install/controller_interfaces/share/controller_interfaces/cmake/export_controller_interfaces__rosidl_typesupport_fastrtps_cExport-noconfig.cmake
-- Installing: /home/kaymarrr/FourTurtleSim_ws/install/controller_interfaces/share/controller_interfaces/cmake/export_controller_interfaces__rosidl_generator_cppExport.cmake
-- Installing: /home/kaymarrr/FourTurtleSim_ws/install/controller_interfaces/share/controller_interfaces/cmake/export_controller_interfaces__rosidl_typesupport_fastrtps_cppExport.cmake
-- Installing: /home/kaymarrr/FourTurtleSim_ws/install/controller_interfaces/share/controller_interfaces/cmake/export_controller_interfaces__rosidl_typesupport_fastrtps_cppExport-noconfig.cmake
-- Installing: /home/kaymarrr/FourTurtleSim_ws/install/controller_interfaces/share/controller_interfaces/cmake/controller_interfaces__rosidl_typesupport_introspection_cExport.cmake
-- Installing: /home/kaymarrr/FourTurtleSim_ws/install/controller_interfaces/share/controller_interfaces/cmake/controller_interfaces__rosidl_typesupport_introspection_cExport-noconfig.cmake
-- Installing: /home/kaymarrr/FourTurtleSim_ws/install/controller_interfaces/share/controller_interfaces/cmake/controller_interfaces__rosidl_typesupport_cExport.cmake
-- Installing: /home/kaymarrr/FourTurtleSim_ws/install/controller_interfaces/share/controller_interfaces/cmake/controller_interfaces__rosidl_typesupport_cExport-noconfig.cmake
-- Installing: /home/kaymarrr/FourTurtleSim_ws/install/controller_interfaces/share/controller_interfaces/cmake/controller_interfaces__rosidl_typesupport_introspection_cppExport.cmake
-- Installing: /home/kaymarrr/FourTurtleSim_ws/install/controller_interfaces/share/controller_interfaces/cmake/controller_interfaces__rosidl_typesupport_introspection_cppExport-noconfig.cmake
-- Installing: /home/kaymarrr/FourTurtleSim_ws/install/controller_interfaces/share/controller_interfaces/cmake/controller_interfaces__rosidl_typesupport_cppExport.cmake
-- Installing: /home/kaymarrr/FourTurtleSim_ws/install/controller_interfaces/share/controller_interfaces/cmake/controller_interfaces__rosidl_typesupport_cppExport-noconfig.cmake
-- Installing: /home/kaymarrr/FourTurtleSim_ws/install/controller_interfaces/share/controller_interfaces/cmake/export_controller_interfaces__rosidl_generator_pyExport.cmake
-- Installing: /home/kaymarrr/FourTurtleSim_ws/install/controller_interfaces/share/controller_interfaces/cmake/export_controller_interfaces__rosidl_generator_pyExport-noconfig.cmake
-- Installing: /home/kaymarrr/FourTurtleSim_ws/install/controller_interfaces/share/controller_interfaces/cmake/rosidl_cmake-extras.cmake
-- Installing: /home/kaymarrr/FourTurtleSim_ws/install/controller_interfaces/share/controller_interfaces/cmake/ament_cmake_export_dependencies-extras.cmake
-- Installing: /home/kaymarrr/FourTurtleSim_ws/install/controller_interfaces/share/controller_interfaces/cmake/ament_cmake_export_include_directories-extras.cmake
-- Installing: /home/kaymarrr/FourTurtleSim_ws/install/controller_interfaces/share/controller_interfaces/cmake/ament_cmake_export_libraries-extras.cmake
-- Installing: /home/kaymarrr/FourTurtleSim_ws/install/controller_interfaces/share/controller_interfaces/cmake/ament_cmake_export_targets-extras.cmake
-- Installing: /home/kaymarrr/FourTurtleSim_ws/install/controller_interfaces/share/controller_interfaces/cmake/rosidl_cmake_export_typesupport_targets-extras.cmake
-- Installing: /home/kaymarrr/FourTurtleSim_ws/install/controller_interfaces/share/controller_interfaces/cmake/rosidl_cmake_export_typesupport_libraries-extras.cmake
-- Installing: /home/kaymarrr/FourTurtleSim_ws/install/controller_interfaces/share/controller_interfaces/cmake/controller_interfacesConfig.cmake
-- Installing: /home/kaymarrr/FourTurtleSim_ws/install/controller_interfaces/share/controller_interfaces/cmake/controller_interfacesConfig-version.cmake
-- Installing: /home/kaymarrr/FourTurtleSim_ws/install/controller_interfaces/share/controller_interfaces/package.xml
