[0.305s] Invoking command in '/home/kaymarrr/FourTurtleSim_ws/build/controller_interfaces': CMAKE_PREFIX_PATH=${CMAKE_PREFIX_PATH}:/opt/ros/humble /usr/bin/cmake /home/kaymarrr/FourTurtleSim_ws/src/controller_interfaces -DCMAKE_INSTALL_PREFIX=/home/kaymarrr/FourTurtleSim_ws/install/controller_interfaces
[0.391s] -- The C compiler identification is GNU 11.4.0
[0.455s] -- The CXX compiler identification is GNU 11.4.0
[0.464s] -- Detecting C compiler ABI info
[0.513s] -- Detecting C compiler ABI info - done
[0.520s] -- Check for working C compiler: /usr/bin/cc - skipped
[0.520s] -- Detecting C compile features
[0.521s] -- Detecting C compile features - done
[0.524s] -- Detecting CXX compiler ABI info
[0.579s] -- Detecting CXX compiler ABI info - done
[0.585s] -- Check for working CXX compiler: /usr/bin/c++ - skipped
[0.585s] -- Detecting CXX compile features
[0.585s] -- Detecting CXX compile features - done
[0.592s] -- Found ament_cmake: 1.3.5 (/opt/ros/humble/share/ament_cmake/cmake)
[0.749s] -- Found Python3: /usr/bin/python3.10 (found version "3.10.12") found components: Interpreter 
[0.847s] -- Found ament_lint_auto: 0.12.8 (/opt/ros/humble/share/ament_lint_auto/cmake)
[0.911s] -- Found geometry_msgs: 4.2.3 (/opt/ros/humble/share/geometry_msgs/cmake)
[0.943s] -- Found rosidl_generator_c: 3.1.5 (/opt/ros/humble/share/rosidl_generator_c/cmake)
[0.947s] -- Found rosidl_adapter: 3.1.5 (/opt/ros/humble/share/rosidl_adapter/cmake)
[0.953s] -- Found rosidl_generator_cpp: 3.1.5 (/opt/ros/humble/share/rosidl_generator_cpp/cmake)
[0.965s] -- Using all available rosidl_typesupport_c: rosidl_typesupport_fastrtps_c;rosidl_typesupport_introspection_c
[0.982s] -- Using all available rosidl_typesupport_cpp: rosidl_typesupport_fastrtps_cpp;rosidl_typesupport_introspection_cpp
[1.086s] -- Found rosidl_default_generators: 1.2.0 (/opt/ros/humble/share/rosidl_default_generators/cmake)
[1.313s] -- Found ament_cmake_ros: 0.10.0 (/opt/ros/humble/share/ament_cmake_ros/cmake)
[1.709s] -- Using all available rosidl_typesupport_c: rosidl_typesupport_fastrtps_c;rosidl_typesupport_introspection_c
[1.884s] -- Using all available rosidl_typesupport_cpp: rosidl_typesupport_fastrtps_cpp;rosidl_typesupport_introspection_cpp
[1.910s] -- Found PythonInterp: /usr/bin/python3 (found suitable version "3.10.12", minimum required is "3.6") 
[1.913s] -- Found python_cmake_module: 0.10.0 (/opt/ros/humble/share/python_cmake_module/cmake)
[1.943s] -- Found PythonLibs: /usr/lib/x86_64-linux-gnu/libpython3.10.so (found suitable version "3.10.12", minimum required is "3.5") 
[1.943s] -- Using PYTHON_EXECUTABLE: /usr/bin/python3
[1.943s] -- Using PYTHON_INCLUDE_DIRS: /usr/include/python3.10
[1.944s] -- Using PYTHON_LIBRARIES: /usr/lib/x86_64-linux-gnu/libpython3.10.so
[1.967s] -- Found PythonExtra: .so  
[2.049s] -- Added test 'lint_cmake' to check CMake code style
[2.050s] -- Added test 'xmllint' to check XML markup files
[2.053s] -- Configuring done
[2.081s] -- Generating done
[2.083s] -- Build files have been written to: /home/kaymarrr/FourTurtleSim_ws/build/controller_interfaces
[2.100s] Invoked command in '/home/kaymarrr/FourTurtleSim_ws/build/controller_interfaces' returned '0': CMAKE_PREFIX_PATH=${CMAKE_PREFIX_PATH}:/opt/ros/humble /usr/bin/cmake /home/kaymarrr/FourTurtleSim_ws/src/controller_interfaces -DCMAKE_INSTALL_PREFIX=/home/kaymarrr/FourTurtleSim_ws/install/controller_interfaces
[2.101s] Invoking command in '/home/kaymarrr/FourTurtleSim_ws/build/controller_interfaces': CMAKE_PREFIX_PATH=${CMAKE_PREFIX_PATH}:/opt/ros/humble /usr/bin/cmake --build /home/kaymarrr/FourTurtleSim_ws/build/controller_interfaces -- -j16 -l16
[2.134s] [  2%] [34m[1mGenerating C code for ROS interfaces[0m
[2.142s] [  5%] [34m[1mGenerating C++ code for ROS interfaces[0m
[2.148s] [  5%] Built target ament_cmake_python_copy_controller_interfaces
[2.377s] running egg_info
[2.378s] creating controller_interfaces.egg-info
[2.378s] writing controller_interfaces.egg-info/PKG-INFO
[2.378s] writing dependency_links to controller_interfaces.egg-info/dependency_links.txt
[2.378s] writing top-level names to controller_interfaces.egg-info/top_level.txt
[2.378s] writing manifest file 'controller_interfaces.egg-info/SOURCES.txt'
[2.380s] reading manifest file 'controller_interfaces.egg-info/SOURCES.txt'
[2.380s] writing manifest file 'controller_interfaces.egg-info/SOURCES.txt'
[2.401s] [  5%] Built target ament_cmake_python_build_controller_interfaces_egg
[2.469s] [  5%] Built target controller_interfaces__cpp
[2.482s] [ 10%] [34m[1mGenerating C++ type support dispatch for ROS interfaces[0m
[2.482s] [ 10%] [34m[1mGenerating C++ type support for eProsima Fast-RTPS[0m
[2.482s] [ 12%] [34m[1mGenerating C++ introspection for ROS interfaces[0m
[2.485s] [ 15%] [32mBuilding C object CMakeFiles/controller_interfaces__rosidl_generator_c.dir/rosidl_generator_c/controller_interfaces/srv/detail/set_target__functions.c.o[0m
[2.486s] [ 17%] [32mBuilding C object CMakeFiles/controller_interfaces__rosidl_generator_c.dir/rosidl_generator_c/controller_interfaces/srv/detail/notify__functions.c.o[0m
[2.565s] [ 20%] [32m[1mLinking C shared library libcontroller_interfaces__rosidl_generator_c.so[0m
[2.599s] [ 20%] Built target controller_interfaces__rosidl_generator_c
[2.609s] [ 23%] [34m[1mGenerating C type support dispatch for ROS interfaces[0m
[2.609s] [ 25%] [34m[1mGenerating C introspection for ROS interfaces[0m
[2.611s] [ 28%] [34m[1mGenerating C type support for eProsima Fast-RTPS[0m
[2.926s] [ 33%] [32mBuilding CXX object CMakeFiles/controller_interfaces__rosidl_typesupport_fastrtps_cpp.dir/rosidl_typesupport_fastrtps_cpp/controller_interfaces/srv/detail/dds_fastrtps/notify__type_support.cpp.o[0m
[2.927s] [ 33%] [32mBuilding CXX object CMakeFiles/controller_interfaces__rosidl_typesupport_fastrtps_cpp.dir/rosidl_typesupport_fastrtps_cpp/controller_interfaces/srv/detail/dds_fastrtps/set_target__type_support.cpp.o[0m
[2.978s] [ 35%] [32mBuilding C object CMakeFiles/controller_interfaces__rosidl_typesupport_introspection_c.dir/rosidl_typesupport_introspection_c/controller_interfaces/srv/detail/set_target__type_support.c.o[0m
[2.978s] [ 38%] [32mBuilding C object CMakeFiles/controller_interfaces__rosidl_typesupport_introspection_c.dir/rosidl_typesupport_introspection_c/controller_interfaces/srv/detail/notify__type_support.c.o[0m
[3.000s] [ 41%] [32mBuilding CXX object CMakeFiles/controller_interfaces__rosidl_typesupport_cpp.dir/rosidl_typesupport_cpp/controller_interfaces/srv/notify__type_support.cpp.o[0m
[3.000s] [ 43%] [32mBuilding CXX object CMakeFiles/controller_interfaces__rosidl_typesupport_cpp.dir/rosidl_typesupport_cpp/controller_interfaces/srv/set_target__type_support.cpp.o[0m
[3.023s] [ 46%] [32mBuilding CXX object CMakeFiles/controller_interfaces__rosidl_typesupport_fastrtps_c.dir/rosidl_typesupport_fastrtps_c/controller_interfaces/srv/detail/notify__type_support_c.cpp.o[0m
[3.035s] [ 48%] [32mBuilding CXX object CMakeFiles/controller_interfaces__rosidl_typesupport_fastrtps_c.dir/rosidl_typesupport_fastrtps_c/controller_interfaces/srv/detail/set_target__type_support_c.cpp.o[0m
[3.052s] [ 51%] [32m[1mLinking C shared library libcontroller_interfaces__rosidl_typesupport_introspection_c.so[0m
[3.057s] [ 53%] [32mBuilding CXX object CMakeFiles/controller_interfaces__rosidl_typesupport_c.dir/rosidl_typesupport_c/controller_interfaces/srv/set_target__type_support.cpp.o[0m
[3.086s] [ 56%] [32mBuilding CXX object CMakeFiles/controller_interfaces__rosidl_typesupport_c.dir/rosidl_typesupport_c/controller_interfaces/srv/notify__type_support.cpp.o[0m
[3.117s] [ 56%] Built target controller_interfaces__rosidl_typesupport_introspection_c
[3.130s] [ 58%] [32mBuilding CXX object CMakeFiles/controller_interfaces__rosidl_typesupport_introspection_cpp.dir/rosidl_typesupport_introspection_cpp/controller_interfaces/srv/detail/set_target__type_support.cpp.o[0m
[3.139s] [ 61%] [32mBuilding CXX object CMakeFiles/controller_interfaces__rosidl_typesupport_introspection_cpp.dir/rosidl_typesupport_introspection_cpp/controller_interfaces/srv/detail/notify__type_support.cpp.o[0m
[3.199s] [ 64%] [32m[1mLinking CXX shared library libcontroller_interfaces__rosidl_typesupport_c.so[0m
[3.387s] [ 64%] Built target controller_interfaces__rosidl_typesupport_c
[3.591s] [ 66%] [32m[1mLinking CXX shared library libcontroller_interfaces__rosidl_typesupport_cpp.so[0m
[3.699s] [ 66%] Built target controller_interfaces__rosidl_typesupport_cpp
[3.825s] [ 69%] [32m[1mLinking CXX shared library libcontroller_interfaces__rosidl_typesupport_fastrtps_c.so[0m
[3.888s] [ 71%] [32m[1mLinking CXX shared library libcontroller_interfaces__rosidl_typesupport_fastrtps_cpp.so[0m
[3.963s] [ 71%] Built target controller_interfaces__rosidl_typesupport_fastrtps_c
[4.003s] [ 71%] Built target controller_interfaces__rosidl_typesupport_fastrtps_cpp
[4.032s] [ 74%] [32m[1mLinking CXX shared library libcontroller_interfaces__rosidl_typesupport_introspection_cpp.so[0m
[4.091s] [ 74%] Built target controller_interfaces__rosidl_typesupport_introspection_cpp
[4.109s] [ 74%] Built target controller_interfaces
[4.126s] [ 76%] [34m[1mGenerating Python code for ROS interfaces[0m
[4.546s] [ 76%] Built target controller_interfaces__py
[4.556s] [ 79%] [32mBuilding C object CMakeFiles/controller_interfaces__rosidl_generator_py.dir/rosidl_generator_py/controller_interfaces/srv/_set_target_s.c.o[0m
[4.556s] [ 82%] [32mBuilding C object CMakeFiles/controller_interfaces__rosidl_generator_py.dir/rosidl_generator_py/controller_interfaces/srv/_notify_s.c.o[0m
[4.660s] [ 84%] [32m[1mLinking C shared library rosidl_generator_py/controller_interfaces/libcontroller_interfaces__rosidl_generator_py.so[0m
[4.686s] [ 84%] Built target controller_interfaces__rosidl_generator_py
[4.697s] [ 87%] [32mBuilding C object CMakeFiles/controller_interfaces__rosidl_typesupport_fastrtps_c__pyext.dir/rosidl_generator_py/controller_interfaces/_controller_interfaces_s.ep.rosidl_typesupport_fastrtps_c.c.o[0m
[4.698s] [ 89%] [32mBuilding C object CMakeFiles/controller_interfaces__rosidl_typesupport_c__pyext.dir/rosidl_generator_py/controller_interfaces/_controller_interfaces_s.ep.rosidl_typesupport_c.c.o[0m
[4.698s] [ 92%] [32mBuilding C object CMakeFiles/controller_interfaces__rosidl_typesupport_introspection_c__pyext.dir/rosidl_generator_py/controller_interfaces/_controller_interfaces_s.ep.rosidl_typesupport_introspection_c.c.o[0m
[4.777s] [100%] [32m[1mLinking C shared library rosidl_generator_py/controller_interfaces/controller_interfaces_s__rosidl_typesupport_c.cpython-310-x86_64-linux-gnu.so[0m
[4.777s] [100%] [32m[1mLinking C shared library rosidl_generator_py/controller_interfaces/controller_interfaces_s__rosidl_typesupport_fastrtps_c.cpython-310-x86_64-linux-gnu.so[0m
[4.777s] [100%] [32m[1mLinking C shared library rosidl_generator_py/controller_interfaces/controller_interfaces_s__rosidl_typesupport_introspection_c.cpython-310-x86_64-linux-gnu.so[0m
[4.805s] [100%] Built target controller_interfaces__rosidl_typesupport_c__pyext
[4.805s] [100%] Built target controller_interfaces__rosidl_typesupport_introspection_c__pyext
[4.805s] [100%] Built target controller_interfaces__rosidl_typesupport_fastrtps_c__pyext
[4.811s] Invoked command in '/home/kaymarrr/FourTurtleSim_ws/build/controller_interfaces' returned '0': CMAKE_PREFIX_PATH=${CMAKE_PREFIX_PATH}:/opt/ros/humble /usr/bin/cmake --build /home/kaymarrr/FourTurtleSim_ws/build/controller_interfaces -- -j16 -l16
[4.854s] Invoking command in '/home/kaymarrr/FourTurtleSim_ws/build/controller_interfaces': CMAKE_PREFIX_PATH=${CMAKE_PREFIX_PATH}:/opt/ros/humble /usr/bin/cmake --install /home/kaymarrr/FourTurtleSim_ws/build/controller_interfaces
[4.859s] -- Install configuration: ""
[4.859s] -- Installing: /home/kaymarrr/FourTurtleSim_ws/install/controller_interfaces/share/ament_index/resource_index/rosidl_interfaces/controller_interfaces
[4.859s] -- Installing: /home/kaymarrr/FourTurtleSim_ws/install/controller_interfaces/include/controller_interfaces/controller_interfaces
[4.859s] -- Installing: /home/kaymarrr/FourTurtleSim_ws/install/controller_interfaces/include/controller_interfaces/controller_interfaces/msg
[4.859s] -- Installing: /home/kaymarrr/FourTurtleSim_ws/install/controller_interfaces/include/controller_interfaces/controller_interfaces/msg/rosidl_generator_c__visibility_control.h
[4.859s] -- Installing: /home/kaymarrr/FourTurtleSim_ws/install/controller_interfaces/include/controller_interfaces/controller_interfaces/srv
[4.859s] -- Installing: /home/kaymarrr/FourTurtleSim_ws/install/controller_interfaces/include/controller_interfaces/controller_interfaces/srv/detail
[4.859s] -- Installing: /home/kaymarrr/FourTurtleSim_ws/install/controller_interfaces/include/controller_interfaces/controller_interfaces/srv/detail/notify__type_support.h
[4.859s] -- Installing: /home/kaymarrr/FourTurtleSim_ws/install/controller_interfaces/include/controller_interfaces/controller_interfaces/srv/detail/set_target__functions.h
[4.859s] -- Installing: /home/kaymarrr/FourTurtleSim_ws/install/controller_interfaces/include/controller_interfaces/controller_interfaces/srv/detail/notify__struct.h
[4.860s] -- Installing: /home/kaymarrr/FourTurtleSim_ws/install/controller_interfaces/include/controller_interfaces/controller_interfaces/srv/detail/set_target__functions.c
[4.860s] -- Installing: /home/kaymarrr/FourTurtleSim_ws/install/controller_interfaces/include/controller_interfaces/controller_interfaces/srv/detail/notify__functions.c
[4.860s] -- Installing: /home/kaymarrr/FourTurtleSim_ws/install/controller_interfaces/include/controller_interfaces/controller_interfaces/srv/detail/notify__functions.h
[4.860s] -- Installing: /home/kaymarrr/FourTurtleSim_ws/install/controller_interfaces/include/controller_interfaces/controller_interfaces/srv/detail/set_target__struct.h
[4.860s] -- Installing: /home/kaymarrr/FourTurtleSim_ws/install/controller_interfaces/include/controller_interfaces/controller_interfaces/srv/detail/set_target__type_support.h
[4.860s] -- Installing: /home/kaymarrr/FourTurtleSim_ws/install/controller_interfaces/include/controller_interfaces/controller_interfaces/srv/notify.h
[4.860s] -- Installing: /home/kaymarrr/FourTurtleSim_ws/install/controller_interfaces/include/controller_interfaces/controller_interfaces/srv/set_target.h
[4.860s] -- Installing: /home/kaymarrr/FourTurtleSim_ws/install/controller_interfaces/share/controller_interfaces/environment/library_path.sh
[4.860s] -- Installing: /home/kaymarrr/FourTurtleSim_ws/install/controller_interfaces/share/controller_interfaces/environment/library_path.dsv
[4.860s] -- Installing: /home/kaymarrr/FourTurtleSim_ws/install/controller_interfaces/lib/libcontroller_interfaces__rosidl_generator_c.so
[4.861s] -- Set runtime path of "/home/kaymarrr/FourTurtleSim_ws/install/controller_interfaces/lib/libcontroller_interfaces__rosidl_generator_c.so" to ""
[4.861s] -- Up-to-date: /home/kaymarrr/FourTurtleSim_ws/install/controller_interfaces/include/controller_interfaces/controller_interfaces
[4.861s] -- Up-to-date: /home/kaymarrr/FourTurtleSim_ws/install/controller_interfaces/include/controller_interfaces/controller_interfaces/msg
[4.861s] -- Installing: /home/kaymarrr/FourTurtleSim_ws/install/controller_interfaces/include/controller_interfaces/controller_interfaces/msg/rosidl_typesupport_fastrtps_c__visibility_control.h
[4.861s] -- Up-to-date: /home/kaymarrr/FourTurtleSim_ws/install/controller_interfaces/include/controller_interfaces/controller_interfaces/srv
[4.861s] -- Up-to-date: /home/kaymarrr/FourTurtleSim_ws/install/controller_interfaces/include/controller_interfaces/controller_interfaces/srv/detail
[4.861s] -- Installing: /home/kaymarrr/FourTurtleSim_ws/install/controller_interfaces/include/controller_interfaces/controller_interfaces/srv/detail/notify__rosidl_typesupport_fastrtps_c.h
[4.861s] -- Installing: /home/kaymarrr/FourTurtleSim_ws/install/controller_interfaces/include/controller_interfaces/controller_interfaces/srv/detail/set_target__rosidl_typesupport_fastrtps_c.h
[4.861s] -- Installing: /home/kaymarrr/FourTurtleSim_ws/install/controller_interfaces/lib/libcontroller_interfaces__rosidl_typesupport_fastrtps_c.so
[4.861s] -- Set runtime path of "/home/kaymarrr/FourTurtleSim_ws/install/controller_interfaces/lib/libcontroller_interfaces__rosidl_typesupport_fastrtps_c.so" to ""
[4.861s] -- Up-to-date: /home/kaymarrr/FourTurtleSim_ws/install/controller_interfaces/include/controller_interfaces/controller_interfaces
[4.861s] -- Up-to-date: /home/kaymarrr/FourTurtleSim_ws/install/controller_interfaces/include/controller_interfaces/controller_interfaces/srv
[4.861s] -- Installing: /home/kaymarrr/FourTurtleSim_ws/install/controller_interfaces/include/controller_interfaces/controller_interfaces/srv/notify.hpp
[4.861s] -- Installing: /home/kaymarrr/FourTurtleSim_ws/install/controller_interfaces/include/controller_interfaces/controller_interfaces/srv/set_target.hpp
[4.861s] -- Up-to-date: /home/kaymarrr/FourTurtleSim_ws/install/controller_interfaces/include/controller_interfaces/controller_interfaces/srv/detail
[4.862s] -- Installing: /home/kaymarrr/FourTurtleSim_ws/install/controller_interfaces/include/controller_interfaces/controller_interfaces/srv/detail/set_target__builder.hpp
[4.862s] -- Installing: /home/kaymarrr/FourTurtleSim_ws/install/controller_interfaces/include/controller_interfaces/controller_interfaces/srv/detail/notify__struct.hpp
[4.862s] -- Installing: /home/kaymarrr/FourTurtleSim_ws/install/controller_interfaces/include/controller_interfaces/controller_interfaces/srv/detail/notify__traits.hpp
[4.862s] -- Installing: /home/kaymarrr/FourTurtleSim_ws/install/controller_interfaces/include/controller_interfaces/controller_interfaces/srv/detail/notify__builder.hpp
[4.862s] -- Installing: /home/kaymarrr/FourTurtleSim_ws/install/controller_interfaces/include/controller_interfaces/controller_interfaces/srv/detail/set_target__struct.hpp
[4.862s] -- Installing: /home/kaymarrr/FourTurtleSim_ws/install/controller_interfaces/include/controller_interfaces/controller_interfaces/srv/detail/set_target__traits.hpp
[4.862s] -- Up-to-date: /home/kaymarrr/FourTurtleSim_ws/install/controller_interfaces/include/controller_interfaces/controller_interfaces
[4.862s] -- Up-to-date: /home/kaymarrr/FourTurtleSim_ws/install/controller_interfaces/include/controller_interfaces/controller_interfaces/msg
[4.862s] -- Installing: /home/kaymarrr/FourTurtleSim_ws/install/controller_interfaces/include/controller_interfaces/controller_interfaces/msg/rosidl_typesupport_fastrtps_cpp__visibility_control.h
[4.862s] -- Up-to-date: /home/kaymarrr/FourTurtleSim_ws/install/controller_interfaces/include/controller_interfaces/controller_interfaces/srv
[4.862s] -- Up-to-date: /home/kaymarrr/FourTurtleSim_ws/install/controller_interfaces/include/controller_interfaces/controller_interfaces/srv/detail
[4.862s] -- Installing: /home/kaymarrr/FourTurtleSim_ws/install/controller_interfaces/include/controller_interfaces/controller_interfaces/srv/detail/set_target__rosidl_typesupport_fastrtps_cpp.hpp
[4.862s] -- Installing: /home/kaymarrr/FourTurtleSim_ws/install/controller_interfaces/include/controller_interfaces/controller_interfaces/srv/detail/notify__rosidl_typesupport_fastrtps_cpp.hpp
[4.862s] -- Installing: /home/kaymarrr/FourTurtleSim_ws/install/controller_interfaces/include/controller_interfaces/controller_interfaces/srv/detail/dds_fastrtps
[4.862s] -- Installing: /home/kaymarrr/FourTurtleSim_ws/install/controller_interfaces/lib/libcontroller_interfaces__rosidl_typesupport_fastrtps_cpp.so
[4.862s] -- Set runtime path of "/home/kaymarrr/FourTurtleSim_ws/install/controller_interfaces/lib/libcontroller_interfaces__rosidl_typesupport_fastrtps_cpp.so" to ""
[4.862s] -- Up-to-date: /home/kaymarrr/FourTurtleSim_ws/install/controller_interfaces/include/controller_interfaces/controller_interfaces
[4.863s] -- Up-to-date: /home/kaymarrr/FourTurtleSim_ws/install/controller_interfaces/include/controller_interfaces/controller_interfaces/msg
[4.863s] -- Installing: /home/kaymarrr/FourTurtleSim_ws/install/controller_interfaces/include/controller_interfaces/controller_interfaces/msg/rosidl_typesupport_introspection_c__visibility_control.h
[4.863s] -- Up-to-date: /home/kaymarrr/FourTurtleSim_ws/install/controller_interfaces/include/controller_interfaces/controller_interfaces/srv
[4.863s] -- Up-to-date: /home/kaymarrr/FourTurtleSim_ws/install/controller_interfaces/include/controller_interfaces/controller_interfaces/srv/detail
[4.863s] -- Installing: /home/kaymarrr/FourTurtleSim_ws/install/controller_interfaces/include/controller_interfaces/controller_interfaces/srv/detail/notify__rosidl_typesupport_introspection_c.h
[4.863s] -- Installing: /home/kaymarrr/FourTurtleSim_ws/install/controller_interfaces/include/controller_interfaces/controller_interfaces/srv/detail/notify__type_support.c
[4.863s] -- Installing: /home/kaymarrr/FourTurtleSim_ws/install/controller_interfaces/include/controller_interfaces/controller_interfaces/srv/detail/set_target__rosidl_typesupport_introspection_c.h
[4.863s] -- Installing: /home/kaymarrr/FourTurtleSim_ws/install/controller_interfaces/include/controller_interfaces/controller_interfaces/srv/detail/set_target__type_support.c
[4.863s] -- Installing: /home/kaymarrr/FourTurtleSim_ws/install/controller_interfaces/lib/libcontroller_interfaces__rosidl_typesupport_introspection_c.so
[4.863s] -- Set runtime path of "/home/kaymarrr/FourTurtleSim_ws/install/controller_interfaces/lib/libcontroller_interfaces__rosidl_typesupport_introspection_c.so" to ""
[4.863s] -- Installing: /home/kaymarrr/FourTurtleSim_ws/install/controller_interfaces/lib/libcontroller_interfaces__rosidl_typesupport_c.so
[4.863s] -- Set runtime path of "/home/kaymarrr/FourTurtleSim_ws/install/controller_interfaces/lib/libcontroller_interfaces__rosidl_typesupport_c.so" to ""
[4.863s] -- Up-to-date: /home/kaymarrr/FourTurtleSim_ws/install/controller_interfaces/include/controller_interfaces/controller_interfaces
[4.863s] -- Up-to-date: /home/kaymarrr/FourTurtleSim_ws/install/controller_interfaces/include/controller_interfaces/controller_interfaces/srv
[4.863s] -- Up-to-date: /home/kaymarrr/FourTurtleSim_ws/install/controller_interfaces/include/controller_interfaces/controller_interfaces/srv/detail
[4.863s] -- Installing: /home/kaymarrr/FourTurtleSim_ws/install/controller_interfaces/include/controller_interfaces/controller_interfaces/srv/detail/set_target__rosidl_typesupport_introspection_cpp.hpp
[4.863s] -- Installing: /home/kaymarrr/FourTurtleSim_ws/install/controller_interfaces/include/controller_interfaces/controller_interfaces/srv/detail/notify__type_support.cpp
[4.864s] -- Installing: /home/kaymarrr/FourTurtleSim_ws/install/controller_interfaces/include/controller_interfaces/controller_interfaces/srv/detail/notify__rosidl_typesupport_introspection_cpp.hpp
[4.864s] -- Installing: /home/kaymarrr/FourTurtleSim_ws/install/controller_interfaces/include/controller_interfaces/controller_interfaces/srv/detail/set_target__type_support.cpp
[4.864s] -- Installing: /home/kaymarrr/FourTurtleSim_ws/install/controller_interfaces/lib/libcontroller_interfaces__rosidl_typesupport_introspection_cpp.so
[4.864s] -- Set runtime path of "/home/kaymarrr/FourTurtleSim_ws/install/controller_interfaces/lib/libcontroller_interfaces__rosidl_typesupport_introspection_cpp.so" to ""
[4.864s] -- Installing: /home/kaymarrr/FourTurtleSim_ws/install/controller_interfaces/lib/libcontroller_interfaces__rosidl_typesupport_cpp.so
[4.864s] -- Set runtime path of "/home/kaymarrr/FourTurtleSim_ws/install/controller_interfaces/lib/libcontroller_interfaces__rosidl_typesupport_cpp.so" to ""
[4.864s] -- Installing: /home/kaymarrr/FourTurtleSim_ws/install/controller_interfaces/share/controller_interfaces/environment/pythonpath.sh
[4.864s] -- Installing: /home/kaymarrr/FourTurtleSim_ws/install/controller_interfaces/share/controller_interfaces/environment/pythonpath.dsv
[4.864s] -- Installing: /home/kaymarrr/FourTurtleSim_ws/install/controller_interfaces/local/lib/python3.10/dist-packages/controller_interfaces-0.0.0-py3.10.egg-info
[4.864s] -- Installing: /home/kaymarrr/FourTurtleSim_ws/install/controller_interfaces/local/lib/python3.10/dist-packages/controller_interfaces-0.0.0-py3.10.egg-info/top_level.txt
[4.864s] -- Installing: /home/kaymarrr/FourTurtleSim_ws/install/controller_interfaces/local/lib/python3.10/dist-packages/controller_interfaces-0.0.0-py3.10.egg-info/PKG-INFO
[4.864s] -- Installing: /home/kaymarrr/FourTurtleSim_ws/install/controller_interfaces/local/lib/python3.10/dist-packages/controller_interfaces-0.0.0-py3.10.egg-info/dependency_links.txt
[4.864s] -- Installing: /home/kaymarrr/FourTurtleSim_ws/install/controller_interfaces/local/lib/python3.10/dist-packages/controller_interfaces-0.0.0-py3.10.egg-info/SOURCES.txt
[4.864s] -- Installing: /home/kaymarrr/FourTurtleSim_ws/install/controller_interfaces/local/lib/python3.10/dist-packages/controller_interfaces
[4.865s] -- Installing: /home/kaymarrr/FourTurtleSim_ws/install/controller_interfaces/local/lib/python3.10/dist-packages/controller_interfaces/_controller_interfaces_s.ep.rosidl_typesupport_fastrtps_c.c
[4.865s] -- Installing: /home/kaymarrr/FourTurtleSim_ws/install/controller_interfaces/local/lib/python3.10/dist-packages/controller_interfaces/controller_interfaces_s__rosidl_typesupport_fastrtps_c.cpython-310-x86_64-linux-gnu.so
[4.865s] -- Installing: /home/kaymarrr/FourTurtleSim_ws/install/controller_interfaces/local/lib/python3.10/dist-packages/controller_interfaces/__init__.py
[4.865s] -- Installing: /home/kaymarrr/FourTurtleSim_ws/install/controller_interfaces/local/lib/python3.10/dist-packages/controller_interfaces/controller_interfaces_s__rosidl_typesupport_introspection_c.cpython-310-x86_64-linux-gnu.so
[4.865s] -- Installing: /home/kaymarrr/FourTurtleSim_ws/install/controller_interfaces/local/lib/python3.10/dist-packages/controller_interfaces/controller_interfaces_s__rosidl_typesupport_c.cpython-310-x86_64-linux-gnu.so
[4.865s] -- Installing: /home/kaymarrr/FourTurtleSim_ws/install/controller_interfaces/local/lib/python3.10/dist-packages/controller_interfaces/libcontroller_interfaces__rosidl_generator_py.so
[4.865s] -- Installing: /home/kaymarrr/FourTurtleSim_ws/install/controller_interfaces/local/lib/python3.10/dist-packages/controller_interfaces/_controller_interfaces_s.ep.rosidl_typesupport_c.c
[4.865s] -- Installing: /home/kaymarrr/FourTurtleSim_ws/install/controller_interfaces/local/lib/python3.10/dist-packages/controller_interfaces/srv
[4.865s] -- Installing: /home/kaymarrr/FourTurtleSim_ws/install/controller_interfaces/local/lib/python3.10/dist-packages/controller_interfaces/srv/_notify_s.c
[4.865s] -- Installing: /home/kaymarrr/FourTurtleSim_ws/install/controller_interfaces/local/lib/python3.10/dist-packages/controller_interfaces/srv/_set_target.py
[4.865s] -- Installing: /home/kaymarrr/FourTurtleSim_ws/install/controller_interfaces/local/lib/python3.10/dist-packages/controller_interfaces/srv/__init__.py
[4.865s] -- Installing: /home/kaymarrr/FourTurtleSim_ws/install/controller_interfaces/local/lib/python3.10/dist-packages/controller_interfaces/srv/_notify.py
[4.865s] -- Installing: /home/kaymarrr/FourTurtleSim_ws/install/controller_interfaces/local/lib/python3.10/dist-packages/controller_interfaces/srv/_set_target_s.c
[4.865s] -- Installing: /home/kaymarrr/FourTurtleSim_ws/install/controller_interfaces/local/lib/python3.10/dist-packages/controller_interfaces/_controller_interfaces_s.ep.rosidl_typesupport_introspection_c.c
[4.893s] Listing '/home/kaymarrr/FourTurtleSim_ws/install/controller_interfaces/local/lib/python3.10/dist-packages/controller_interfaces'...
[4.893s] Compiling '/home/kaymarrr/FourTurtleSim_ws/install/controller_interfaces/local/lib/python3.10/dist-packages/controller_interfaces/__init__.py'...
[4.893s] Listing '/home/kaymarrr/FourTurtleSim_ws/install/controller_interfaces/local/lib/python3.10/dist-packages/controller_interfaces/srv'...
[4.893s] Compiling '/home/kaymarrr/FourTurtleSim_ws/install/controller_interfaces/local/lib/python3.10/dist-packages/controller_interfaces/srv/__init__.py'...
[4.893s] Compiling '/home/kaymarrr/FourTurtleSim_ws/install/controller_interfaces/local/lib/python3.10/dist-packages/controller_interfaces/srv/_notify.py'...
[4.894s] Compiling '/home/kaymarrr/FourTurtleSim_ws/install/controller_interfaces/local/lib/python3.10/dist-packages/controller_interfaces/srv/_set_target.py'...
[4.896s] -- Installing: /home/kaymarrr/FourTurtleSim_ws/install/controller_interfaces/local/lib/python3.10/dist-packages/controller_interfaces/controller_interfaces_s__rosidl_typesupport_fastrtps_c.cpython-310-x86_64-linux-gnu.so
[4.896s] -- Set runtime path of "/home/kaymarrr/FourTurtleSim_ws/install/controller_interfaces/local/lib/python3.10/dist-packages/controller_interfaces/controller_interfaces_s__rosidl_typesupport_fastrtps_c.cpython-310-x86_64-linux-gnu.so" to ""
[4.897s] -- Installing: /home/kaymarrr/FourTurtleSim_ws/install/controller_interfaces/local/lib/python3.10/dist-packages/controller_interfaces/controller_interfaces_s__rosidl_typesupport_introspection_c.cpython-310-x86_64-linux-gnu.so
[4.897s] -- Set runtime path of "/home/kaymarrr/FourTurtleSim_ws/install/controller_interfaces/local/lib/python3.10/dist-packages/controller_interfaces/controller_interfaces_s__rosidl_typesupport_introspection_c.cpython-310-x86_64-linux-gnu.so" to ""
[4.897s] -- Installing: /home/kaymarrr/FourTurtleSim_ws/install/controller_interfaces/local/lib/python3.10/dist-packages/controller_interfaces/controller_interfaces_s__rosidl_typesupport_c.cpython-310-x86_64-linux-gnu.so
[4.897s] -- Set runtime path of "/home/kaymarrr/FourTurtleSim_ws/install/controller_interfaces/local/lib/python3.10/dist-packages/controller_interfaces/controller_interfaces_s__rosidl_typesupport_c.cpython-310-x86_64-linux-gnu.so" to ""
[4.897s] -- Installing: /home/kaymarrr/FourTurtleSim_ws/install/controller_interfaces/lib/libcontroller_interfaces__rosidl_generator_py.so
[4.897s] -- Set runtime path of "/home/kaymarrr/FourTurtleSim_ws/install/controller_interfaces/lib/libcontroller_interfaces__rosidl_generator_py.so" to ""
[4.897s] -- Installing: /home/kaymarrr/FourTurtleSim_ws/install/controller_interfaces/share/controller_interfaces/srv/SetTarget.idl
[4.897s] -- Installing: /home/kaymarrr/FourTurtleSim_ws/install/controller_interfaces/share/controller_interfaces/srv/Notify.idl
[4.897s] -- Installing: /home/kaymarrr/FourTurtleSim_ws/install/controller_interfaces/share/controller_interfaces/srv/SetTarget.srv
[4.898s] -- Installing: /home/kaymarrr/FourTurtleSim_ws/install/controller_interfaces/share/controller_interfaces/srv/SetTarget_Request.msg
[4.898s] -- Installing: /home/kaymarrr/FourTurtleSim_ws/install/controller_interfaces/share/controller_interfaces/srv/SetTarget_Response.msg
[4.898s] -- Installing: /home/kaymarrr/FourTurtleSim_ws/install/controller_interfaces/share/controller_interfaces/srv/Notify.srv
[4.898s] -- Installing: /home/kaymarrr/FourTurtleSim_ws/install/controller_interfaces/share/controller_interfaces/srv/Notify_Request.msg
[4.898s] -- Installing: /home/kaymarrr/FourTurtleSim_ws/install/controller_interfaces/share/controller_interfaces/srv/Notify_Response.msg
[4.898s] -- Installing: /home/kaymarrr/FourTurtleSim_ws/install/controller_interfaces/share/ament_index/resource_index/package_run_dependencies/controller_interfaces
[4.898s] -- Installing: /home/kaymarrr/FourTurtleSim_ws/install/controller_interfaces/share/ament_index/resource_index/parent_prefix_path/controller_interfaces
[4.898s] -- Installing: /home/kaymarrr/FourTurtleSim_ws/install/controller_interfaces/share/controller_interfaces/environment/ament_prefix_path.sh
[4.898s] -- Installing: /home/kaymarrr/FourTurtleSim_ws/install/controller_interfaces/share/controller_interfaces/environment/ament_prefix_path.dsv
[4.898s] -- Installing: /home/kaymarrr/FourTurtleSim_ws/install/controller_interfaces/share/controller_interfaces/environment/path.sh
[4.898s] -- Installing: /home/kaymarrr/FourTurtleSim_ws/install/controller_interfaces/share/controller_interfaces/environment/path.dsv
[4.899s] -- Installing: /home/kaymarrr/FourTurtleSim_ws/install/controller_interfaces/share/controller_interfaces/local_setup.bash
[4.899s] -- Installing: /home/kaymarrr/FourTurtleSim_ws/install/controller_interfaces/share/controller_interfaces/local_setup.sh
[4.899s] -- Installing: /home/kaymarrr/FourTurtleSim_ws/install/controller_interfaces/share/controller_interfaces/local_setup.zsh
[4.899s] -- Installing: /home/kaymarrr/FourTurtleSim_ws/install/controller_interfaces/share/controller_interfaces/local_setup.dsv
[4.899s] -- Installing: /home/kaymarrr/FourTurtleSim_ws/install/controller_interfaces/share/controller_interfaces/package.dsv
[4.899s] -- Installing: /home/kaymarrr/FourTurtleSim_ws/install/controller_interfaces/share/ament_index/resource_index/packages/controller_interfaces
[4.899s] -- Installing: /home/kaymarrr/FourTurtleSim_ws/install/controller_interfaces/share/controller_interfaces/cmake/export_controller_interfaces__rosidl_generator_cExport.cmake
[4.899s] -- Installing: /home/kaymarrr/FourTurtleSim_ws/install/controller_interfaces/share/controller_interfaces/cmake/export_controller_interfaces__rosidl_generator_cExport-noconfig.cmake
[4.899s] -- Installing: /home/kaymarrr/FourTurtleSim_ws/install/controller_interfaces/share/controller_interfaces/cmake/export_controller_interfaces__rosidl_typesupport_fastrtps_cExport.cmake
[4.899s] -- Installing: /home/kaymarrr/FourTurtleSim_ws/install/controller_interfaces/share/controller_interfaces/cmake/export_controller_interfaces__rosidl_typesupport_fastrtps_cExport-noconfig.cmake
[4.899s] -- Installing: /home/kaymarrr/FourTurtleSim_ws/install/controller_interfaces/share/controller_interfaces/cmake/export_controller_interfaces__rosidl_generator_cppExport.cmake
[4.899s] -- Installing: /home/kaymarrr/FourTurtleSim_ws/install/controller_interfaces/share/controller_interfaces/cmake/export_controller_interfaces__rosidl_typesupport_fastrtps_cppExport.cmake
[4.900s] -- Installing: /home/kaymarrr/FourTurtleSim_ws/install/controller_interfaces/share/controller_interfaces/cmake/export_controller_interfaces__rosidl_typesupport_fastrtps_cppExport-noconfig.cmake
[4.900s] -- Installing: /home/kaymarrr/FourTurtleSim_ws/install/controller_interfaces/share/controller_interfaces/cmake/controller_interfaces__rosidl_typesupport_introspection_cExport.cmake
[4.900s] -- Installing: /home/kaymarrr/FourTurtleSim_ws/install/controller_interfaces/share/controller_interfaces/cmake/controller_interfaces__rosidl_typesupport_introspection_cExport-noconfig.cmake
[4.900s] -- Installing: /home/kaymarrr/FourTurtleSim_ws/install/controller_interfaces/share/controller_interfaces/cmake/controller_interfaces__rosidl_typesupport_cExport.cmake
[4.900s] -- Installing: /home/kaymarrr/FourTurtleSim_ws/install/controller_interfaces/share/controller_interfaces/cmake/controller_interfaces__rosidl_typesupport_cExport-noconfig.cmake
[4.900s] -- Installing: /home/kaymarrr/FourTurtleSim_ws/install/controller_interfaces/share/controller_interfaces/cmake/controller_interfaces__rosidl_typesupport_introspection_cppExport.cmake
[4.900s] -- Installing: /home/kaymarrr/FourTurtleSim_ws/install/controller_interfaces/share/controller_interfaces/cmake/controller_interfaces__rosidl_typesupport_introspection_cppExport-noconfig.cmake
[4.900s] -- Installing: /home/kaymarrr/FourTurtleSim_ws/install/controller_interfaces/share/controller_interfaces/cmake/controller_interfaces__rosidl_typesupport_cppExport.cmake
[4.900s] -- Installing: /home/kaymarrr/FourTurtleSim_ws/install/controller_interfaces/share/controller_interfaces/cmake/controller_interfaces__rosidl_typesupport_cppExport-noconfig.cmake
[4.900s] -- Installing: /home/kaymarrr/FourTurtleSim_ws/install/controller_interfaces/share/controller_interfaces/cmake/export_controller_interfaces__rosidl_generator_pyExport.cmake
[4.900s] -- Installing: /home/kaymarrr/FourTurtleSim_ws/install/controller_interfaces/share/controller_interfaces/cmake/export_controller_interfaces__rosidl_generator_pyExport-noconfig.cmake
[4.900s] -- Installing: /home/kaymarrr/FourTurtleSim_ws/install/controller_interfaces/share/controller_interfaces/cmake/rosidl_cmake-extras.cmake
[4.900s] -- Installing: /home/kaymarrr/FourTurtleSim_ws/install/controller_interfaces/share/controller_interfaces/cmake/ament_cmake_export_dependencies-extras.cmake
[4.901s] -- Installing: /home/kaymarrr/FourTurtleSim_ws/install/controller_interfaces/share/controller_interfaces/cmake/ament_cmake_export_include_directories-extras.cmake
[4.901s] -- Installing: /home/kaymarrr/FourTurtleSim_ws/install/controller_interfaces/share/controller_interfaces/cmake/ament_cmake_export_libraries-extras.cmake
[4.901s] -- Installing: /home/kaymarrr/FourTurtleSim_ws/install/controller_interfaces/share/controller_interfaces/cmake/ament_cmake_export_targets-extras.cmake
[4.901s] -- Installing: /home/kaymarrr/FourTurtleSim_ws/install/controller_interfaces/share/controller_interfaces/cmake/rosidl_cmake_export_typesupport_targets-extras.cmake
[4.901s] -- Installing: /home/kaymarrr/FourTurtleSim_ws/install/controller_interfaces/share/controller_interfaces/cmake/rosidl_cmake_export_typesupport_libraries-extras.cmake
[4.901s] -- Installing: /home/kaymarrr/FourTurtleSim_ws/install/controller_interfaces/share/controller_interfaces/cmake/controller_interfacesConfig.cmake
[4.901s] -- Installing: /home/kaymarrr/FourTurtleSim_ws/install/controller_interfaces/share/controller_interfaces/cmake/controller_interfacesConfig-version.cmake
[4.901s] -- Installing: /home/kaymarrr/FourTurtleSim_ws/install/controller_interfaces/share/controller_interfaces/package.xml
[4.902s] Invoked command in '/home/kaymarrr/FourTurtleSim_ws/build/controller_interfaces' returned '0': CMAKE_PREFIX_PATH=${CMAKE_PREFIX_PATH}:/opt/ros/humble /usr/bin/cmake --install /home/kaymarrr/FourTurtleSim_ws/build/controller_interfaces
