[0.739s] DEBUG:colcon:Command line arguments: ['/usr/bin/colcon', 'build']
[0.739s] DEBUG:colcon:Parsed command line arguments: Namespace(log_base=None, log_level=None, verb_name='build', build_base='build', install_base='install', merge_install=False, symlink_install=False, test_result_base=None, continue_on_error=False, executor='parallel', parallel_workers=16, event_handlers=None, ignore_user_meta=False, metas=['./colcon.meta'], base_paths=['.'], packages_ignore=None, packages_ignore_regex=None, paths=None, packages_up_to=None, packages_up_to_regex=None, packages_above=None, packages_above_and_dependencies=None, packages_above_depth=None, packages_select_by_dep=None, packages_skip_by_dep=None, packages_skip_up_to=None, packages_select_build_failed=False, packages_skip_build_finished=False, packages_select_test_failures=False, packages_skip_test_passed=False, packages_select=None, packages_skip=None, packages_select_regex=None, packages_skip_regex=None, packages_start=None, packages_end=None, allow_overriding=[], cmake_args=None, cmake_target=None, cmake_target_skip_unavailable=False, cmake_clean_cache=False, cmake_clean_first=False, cmake_force_configure=False, ament_cmake_args=None, catkin_cmake_args=None, catkin_skip_building_tests=False, verb_parser=<colcon_defaults.argument_parser.defaults.DefaultArgumentsDecorator object at 0x7f3e5b647fa0>, verb_extension=<colcon_core.verb.build.BuildVerb object at 0x7f3e5c81ff10>, main=<bound method BuildVerb.main of <colcon_core.verb.build.BuildVerb object at 0x7f3e5c81ff10>>)
[0.783s] Level 1:colcon.colcon_core.package_discovery:discover_packages(colcon_meta) check parameters
[0.783s] Level 1:colcon.colcon_core.package_discovery:discover_packages(recursive) check parameters
[0.783s] Level 1:colcon.colcon_core.package_discovery:discover_packages(ignore) check parameters
[0.783s] Level 1:colcon.colcon_core.package_discovery:discover_packages(path) check parameters
[0.783s] Level 1:colcon.colcon_core.package_discovery:discover_packages(colcon_meta) discover
[0.783s] Level 1:colcon.colcon_core.package_discovery:discover_packages(recursive) discover
[0.783s] INFO:colcon.colcon_core.package_discovery:Crawling recursively for packages in '/home/kaymarrr/FourTurtleSim_ws'
[0.783s] Level 1:colcon.colcon_core.package_identification:_identify(.) by extensions ['ignore', 'ignore_ament_install']
[0.783s] Level 1:colcon.colcon_core.package_identification:_identify(.) by extension 'ignore'
[0.783s] Level 1:colcon.colcon_core.package_identification:_identify(.) by extension 'ignore_ament_install'
[0.783s] Level 1:colcon.colcon_core.package_identification:_identify(.) by extensions ['colcon_pkg']
[0.783s] Level 1:colcon.colcon_core.package_identification:_identify(.) by extension 'colcon_pkg'
[0.783s] Level 1:colcon.colcon_core.package_identification:_identify(.) by extensions ['colcon_meta']
[0.783s] Level 1:colcon.colcon_core.package_identification:_identify(.) by extension 'colcon_meta'
[0.783s] Level 1:colcon.colcon_core.package_identification:_identify(.) by extensions ['ros']
[0.783s] Level 1:colcon.colcon_core.package_identification:_identify(.) by extension 'ros'
[0.791s] Level 1:colcon.colcon_core.package_identification:_identify(.) by extensions ['cmake', 'python']
[0.791s] Level 1:colcon.colcon_core.package_identification:_identify(.) by extension 'cmake'
[0.791s] Level 1:colcon.colcon_core.package_identification:_identify(.) by extension 'python'
[0.791s] Level 1:colcon.colcon_core.package_identification:_identify(.) by extensions ['python_setup_py']
[0.791s] Level 1:colcon.colcon_core.package_identification:_identify(.) by extension 'python_setup_py'
[0.791s] Level 1:colcon.colcon_core.package_identification:_identify(build) by extensions ['ignore', 'ignore_ament_install']
[0.791s] Level 1:colcon.colcon_core.package_identification:_identify(build) by extension 'ignore'
[0.791s] Level 1:colcon.colcon_core.package_identification:_identify(build) ignored
[0.791s] Level 1:colcon.colcon_core.package_identification:_identify(install) by extensions ['ignore', 'ignore_ament_install']
[0.791s] Level 1:colcon.colcon_core.package_identification:_identify(install) by extension 'ignore'
[0.791s] Level 1:colcon.colcon_core.package_identification:_identify(install) ignored
[0.791s] Level 1:colcon.colcon_core.package_identification:_identify(log) by extensions ['ignore', 'ignore_ament_install']
[0.791s] Level 1:colcon.colcon_core.package_identification:_identify(log) by extension 'ignore'
[0.791s] Level 1:colcon.colcon_core.package_identification:_identify(log) ignored
[0.791s] Level 1:colcon.colcon_core.package_identification:_identify(src) by extensions ['ignore', 'ignore_ament_install']
[0.791s] Level 1:colcon.colcon_core.package_identification:_identify(src) by extension 'ignore'
[0.791s] Level 1:colcon.colcon_core.package_identification:_identify(src) by extension 'ignore_ament_install'
[0.791s] Level 1:colcon.colcon_core.package_identification:_identify(src) by extensions ['colcon_pkg']
[0.791s] Level 1:colcon.colcon_core.package_identification:_identify(src) by extension 'colcon_pkg'
[0.791s] Level 1:colcon.colcon_core.package_identification:_identify(src) by extensions ['colcon_meta']
[0.791s] Level 1:colcon.colcon_core.package_identification:_identify(src) by extension 'colcon_meta'
[0.791s] Level 1:colcon.colcon_core.package_identification:_identify(src) by extensions ['ros']
[0.791s] Level 1:colcon.colcon_core.package_identification:_identify(src) by extension 'ros'
[0.791s] Level 1:colcon.colcon_core.package_identification:_identify(src) by extensions ['cmake', 'python']
[0.791s] Level 1:colcon.colcon_core.package_identification:_identify(src) by extension 'cmake'
[0.791s] Level 1:colcon.colcon_core.package_identification:_identify(src) by extension 'python'
[0.791s] Level 1:colcon.colcon_core.package_identification:_identify(src) by extensions ['python_setup_py']
[0.792s] Level 1:colcon.colcon_core.package_identification:_identify(src) by extension 'python_setup_py'
[0.792s] Level 1:colcon.colcon_core.package_identification:_identify(src/controller) by extensions ['ignore', 'ignore_ament_install']
[0.792s] Level 1:colcon.colcon_core.package_identification:_identify(src/controller) by extension 'ignore'
[0.792s] Level 1:colcon.colcon_core.package_identification:_identify(src/controller) by extension 'ignore_ament_install'
[0.792s] Level 1:colcon.colcon_core.package_identification:_identify(src/controller) by extensions ['colcon_pkg']
[0.792s] Level 1:colcon.colcon_core.package_identification:_identify(src/controller) by extension 'colcon_pkg'
[0.792s] Level 1:colcon.colcon_core.package_identification:_identify(src/controller) by extensions ['colcon_meta']
[0.792s] Level 1:colcon.colcon_core.package_identification:_identify(src/controller) by extension 'colcon_meta'
[0.792s] Level 1:colcon.colcon_core.package_identification:_identify(src/controller) by extensions ['ros']
[0.792s] Level 1:colcon.colcon_core.package_identification:_identify(src/controller) by extension 'ros'
[0.794s] DEBUG:colcon.colcon_core.package_identification:Package 'src/controller' with type 'ros.ament_cmake' and name 'controller'
[0.794s] Level 1:colcon.colcon_core.package_identification:_identify(src/controller_interfaces) by extensions ['ignore', 'ignore_ament_install']
[0.794s] Level 1:colcon.colcon_core.package_identification:_identify(src/controller_interfaces) by extension 'ignore'
[0.794s] Level 1:colcon.colcon_core.package_identification:_identify(src/controller_interfaces) by extension 'ignore_ament_install'
[0.794s] Level 1:colcon.colcon_core.package_identification:_identify(src/controller_interfaces) by extensions ['colcon_pkg']
[0.794s] Level 1:colcon.colcon_core.package_identification:_identify(src/controller_interfaces) by extension 'colcon_pkg'
[0.794s] Level 1:colcon.colcon_core.package_identification:_identify(src/controller_interfaces) by extensions ['colcon_meta']
[0.794s] Level 1:colcon.colcon_core.package_identification:_identify(src/controller_interfaces) by extension 'colcon_meta'
[0.794s] Level 1:colcon.colcon_core.package_identification:_identify(src/controller_interfaces) by extensions ['ros']
[0.794s] Level 1:colcon.colcon_core.package_identification:_identify(src/controller_interfaces) by extension 'ros'
[0.795s] DEBUG:colcon.colcon_core.package_identification:Package 'src/controller_interfaces' with type 'ros.ament_cmake' and name 'controller_interfaces'
[0.795s] Level 1:colcon.colcon_core.package_identification:_identify(src/turtlesim_plus) by extensions ['ignore', 'ignore_ament_install']
[0.795s] Level 1:colcon.colcon_core.package_identification:_identify(src/turtlesim_plus) by extension 'ignore'
[0.795s] Level 1:colcon.colcon_core.package_identification:_identify(src/turtlesim_plus) by extension 'ignore_ament_install'
[0.795s] Level 1:colcon.colcon_core.package_identification:_identify(src/turtlesim_plus) by extensions ['colcon_pkg']
[0.795s] Level 1:colcon.colcon_core.package_identification:_identify(src/turtlesim_plus) by extension 'colcon_pkg'
[0.795s] Level 1:colcon.colcon_core.package_identification:_identify(src/turtlesim_plus) by extensions ['colcon_meta']
[0.795s] Level 1:colcon.colcon_core.package_identification:_identify(src/turtlesim_plus) by extension 'colcon_meta'
[0.795s] Level 1:colcon.colcon_core.package_identification:_identify(src/turtlesim_plus) by extensions ['ros']
[0.795s] Level 1:colcon.colcon_core.package_identification:_identify(src/turtlesim_plus) by extension 'ros'
[0.795s] Level 1:colcon.colcon_core.package_identification:_identify(src/turtlesim_plus) by extensions ['cmake', 'python']
[0.795s] Level 1:colcon.colcon_core.package_identification:_identify(src/turtlesim_plus) by extension 'cmake'
[0.795s] Level 1:colcon.colcon_core.package_identification:_identify(src/turtlesim_plus) by extension 'python'
[0.795s] Level 1:colcon.colcon_core.package_identification:_identify(src/turtlesim_plus) by extensions ['python_setup_py']
[0.795s] Level 1:colcon.colcon_core.package_identification:_identify(src/turtlesim_plus) by extension 'python_setup_py'
[0.795s] Level 1:colcon.colcon_core.package_identification:_identify(src/turtlesim_plus/turtlesim_plus) by extensions ['ignore', 'ignore_ament_install']
[0.795s] Level 1:colcon.colcon_core.package_identification:_identify(src/turtlesim_plus/turtlesim_plus) by extension 'ignore'
[0.795s] Level 1:colcon.colcon_core.package_identification:_identify(src/turtlesim_plus/turtlesim_plus) by extension 'ignore_ament_install'
[0.795s] Level 1:colcon.colcon_core.package_identification:_identify(src/turtlesim_plus/turtlesim_plus) by extensions ['colcon_pkg']
[0.795s] Level 1:colcon.colcon_core.package_identification:_identify(src/turtlesim_plus/turtlesim_plus) by extension 'colcon_pkg'
[0.795s] Level 1:colcon.colcon_core.package_identification:_identify(src/turtlesim_plus/turtlesim_plus) by extensions ['colcon_meta']
[0.795s] Level 1:colcon.colcon_core.package_identification:_identify(src/turtlesim_plus/turtlesim_plus) by extension 'colcon_meta'
[0.795s] Level 1:colcon.colcon_core.package_identification:_identify(src/turtlesim_plus/turtlesim_plus) by extensions ['ros']
[0.795s] Level 1:colcon.colcon_core.package_identification:_identify(src/turtlesim_plus/turtlesim_plus) by extension 'ros'
[0.796s] DEBUG:colcon.colcon_core.package_identification:Package 'src/turtlesim_plus/turtlesim_plus' with type 'ros.ament_cmake' and name 'turtlesim_plus'
[0.796s] Level 1:colcon.colcon_core.package_identification:_identify(src/turtlesim_plus/turtlesim_plus_interfaces) by extensions ['ignore', 'ignore_ament_install']
[0.796s] Level 1:colcon.colcon_core.package_identification:_identify(src/turtlesim_plus/turtlesim_plus_interfaces) by extension 'ignore'
[0.796s] Level 1:colcon.colcon_core.package_identification:_identify(src/turtlesim_plus/turtlesim_plus_interfaces) by extension 'ignore_ament_install'
[0.796s] Level 1:colcon.colcon_core.package_identification:_identify(src/turtlesim_plus/turtlesim_plus_interfaces) by extensions ['colcon_pkg']
[0.796s] Level 1:colcon.colcon_core.package_identification:_identify(src/turtlesim_plus/turtlesim_plus_interfaces) by extension 'colcon_pkg'
[0.796s] Level 1:colcon.colcon_core.package_identification:_identify(src/turtlesim_plus/turtlesim_plus_interfaces) by extensions ['colcon_meta']
[0.796s] Level 1:colcon.colcon_core.package_identification:_identify(src/turtlesim_plus/turtlesim_plus_interfaces) by extension 'colcon_meta'
[0.796s] Level 1:colcon.colcon_core.package_identification:_identify(src/turtlesim_plus/turtlesim_plus_interfaces) by extensions ['ros']
[0.796s] Level 1:colcon.colcon_core.package_identification:_identify(src/turtlesim_plus/turtlesim_plus_interfaces) by extension 'ros'
[0.797s] DEBUG:colcon.colcon_core.package_identification:Package 'src/turtlesim_plus/turtlesim_plus_interfaces' with type 'ros.ament_cmake' and name 'turtlesim_plus_interfaces'
[0.797s] Level 1:colcon.colcon_core.package_discovery:discover_packages(recursive) using defaults
[0.797s] Level 1:colcon.colcon_core.package_discovery:discover_packages(ignore) discover
[0.797s] Level 1:colcon.colcon_core.package_discovery:discover_packages(ignore) using defaults
[0.797s] Level 1:colcon.colcon_core.package_discovery:discover_packages(path) discover
[0.797s] Level 1:colcon.colcon_core.package_discovery:discover_packages(path) using defaults
[0.867s] Level 1:colcon.colcon_core.package_discovery:discover_packages(prefix_path) check parameters
[0.867s] Level 1:colcon.colcon_core.package_discovery:discover_packages(prefix_path) discover
[0.893s] DEBUG:colcon.colcon_installed_package_information.package_discovery:Found 1 installed packages in /home/kaymarrr/dev_ws/install
[0.903s] DEBUG:colcon.colcon_installed_package_information.package_discovery:Found 4 installed packages in /home/kaymarrr/FourTurtleSim_ws/install
[0.913s] DEBUG:colcon.colcon_installed_package_information.package_discovery:Found 2 installed packages in /home/kaymarrr/simulation_solution_ws/install
[0.931s] DEBUG:colcon.colcon_installed_package_information.package_discovery:Found 1 installed packages in /home/kaymarrr/simulation_exercise_ws/install
[0.942s] DEBUG:colcon.colcon_installed_package_information.package_discovery:Found 2 installed packages in /home/kaymarrr/simulation_noob_ws/install
[0.952s] DEBUG:colcon.colcon_installed_package_information.package_discovery:Found 1 installed packages in /home/kaymarrr/modelling_solution_ws/install
[0.963s] DEBUG:colcon.colcon_installed_package_information.package_discovery:Found 1 installed packages in /home/kaymarrr/modelling_exercise_ws/install
[0.974s] DEBUG:colcon.colcon_installed_package_information.package_discovery:Found 6 installed packages in /home/kaymarrr/turtle_ws/install
[0.984s] DEBUG:colcon.colcon_installed_package_information.package_discovery:Found 4 installed packages in /home/kaymarrr/turtle_exam_ws/install
[0.996s] DEBUG:colcon.colcon_installed_package_information.package_discovery:Found 366 installed packages in /opt/ros/humble
[0.998s] Level 1:colcon.colcon_core.package_discovery:discover_packages(prefix_path) using defaults
[1.077s] Level 5:colcon.colcon_core.verb:set package 'controller' build argument 'cmake_args' from command line to 'None'
[1.077s] Level 5:colcon.colcon_core.verb:set package 'controller' build argument 'cmake_target' from command line to 'None'
[1.077s] Level 5:colcon.colcon_core.verb:set package 'controller' build argument 'cmake_target_skip_unavailable' from command line to 'False'
[1.077s] Level 5:colcon.colcon_core.verb:set package 'controller' build argument 'cmake_clean_cache' from command line to 'False'
[1.077s] Level 5:colcon.colcon_core.verb:set package 'controller' build argument 'cmake_clean_first' from command line to 'False'
[1.077s] Level 5:colcon.colcon_core.verb:set package 'controller' build argument 'cmake_force_configure' from command line to 'False'
[1.077s] Level 5:colcon.colcon_core.verb:set package 'controller' build argument 'ament_cmake_args' from command line to 'None'
[1.077s] Level 5:colcon.colcon_core.verb:set package 'controller' build argument 'catkin_cmake_args' from command line to 'None'
[1.077s] Level 5:colcon.colcon_core.verb:set package 'controller' build argument 'catkin_skip_building_tests' from command line to 'False'
[1.077s] DEBUG:colcon.colcon_core.verb:Building package 'controller' with the following arguments: {'ament_cmake_args': None, 'build_base': '/home/kaymarrr/FourTurtleSim_ws/build/controller', 'catkin_cmake_args': None, 'catkin_skip_building_tests': False, 'cmake_args': None, 'cmake_clean_cache': False, 'cmake_clean_first': False, 'cmake_force_configure': False, 'cmake_target': None, 'cmake_target_skip_unavailable': False, 'install_base': '/home/kaymarrr/FourTurtleSim_ws/install/controller', 'merge_install': False, 'path': '/home/kaymarrr/FourTurtleSim_ws/src/controller', 'symlink_install': False, 'test_result_base': None}
[1.088s] Level 5:colcon.colcon_core.verb:set package 'controller_interfaces' build argument 'cmake_args' from command line to 'None'
[1.088s] Level 5:colcon.colcon_core.verb:set package 'controller_interfaces' build argument 'cmake_target' from command line to 'None'
[1.088s] Level 5:colcon.colcon_core.verb:set package 'controller_interfaces' build argument 'cmake_target_skip_unavailable' from command line to 'False'
[1.088s] Level 5:colcon.colcon_core.verb:set package 'controller_interfaces' build argument 'cmake_clean_cache' from command line to 'False'
[1.088s] Level 5:colcon.colcon_core.verb:set package 'controller_interfaces' build argument 'cmake_clean_first' from command line to 'False'
[1.088s] Level 5:colcon.colcon_core.verb:set package 'controller_interfaces' build argument 'cmake_force_configure' from command line to 'False'
[1.088s] Level 5:colcon.colcon_core.verb:set package 'controller_interfaces' build argument 'ament_cmake_args' from command line to 'None'
[1.088s] Level 5:colcon.colcon_core.verb:set package 'controller_interfaces' build argument 'catkin_cmake_args' from command line to 'None'
[1.088s] Level 5:colcon.colcon_core.verb:set package 'controller_interfaces' build argument 'catkin_skip_building_tests' from command line to 'False'
[1.088s] DEBUG:colcon.colcon_core.verb:Building package 'controller_interfaces' with the following arguments: {'ament_cmake_args': None, 'build_base': '/home/kaymarrr/FourTurtleSim_ws/build/controller_interfaces', 'catkin_cmake_args': None, 'catkin_skip_building_tests': False, 'cmake_args': None, 'cmake_clean_cache': False, 'cmake_clean_first': False, 'cmake_force_configure': False, 'cmake_target': None, 'cmake_target_skip_unavailable': False, 'install_base': '/home/kaymarrr/FourTurtleSim_ws/install/controller_interfaces', 'merge_install': False, 'path': '/home/kaymarrr/FourTurtleSim_ws/src/controller_interfaces', 'symlink_install': False, 'test_result_base': None}
[1.099s] Level 5:colcon.colcon_core.verb:set package 'turtlesim_plus' build argument 'cmake_args' from command line to 'None'
[1.099s] Level 5:colcon.colcon_core.verb:set package 'turtlesim_plus' build argument 'cmake_target' from command line to 'None'
[1.099s] Level 5:colcon.colcon_core.verb:set package 'turtlesim_plus' build argument 'cmake_target_skip_unavailable' from command line to 'False'
[1.099s] Level 5:colcon.colcon_core.verb:set package 'turtlesim_plus' build argument 'cmake_clean_cache' from command line to 'False'
[1.099s] Level 5:colcon.colcon_core.verb:set package 'turtlesim_plus' build argument 'cmake_clean_first' from command line to 'False'
[1.099s] Level 5:colcon.colcon_core.verb:set package 'turtlesim_plus' build argument 'cmake_force_configure' from command line to 'False'
[1.099s] Level 5:colcon.colcon_core.verb:set package 'turtlesim_plus' build argument 'ament_cmake_args' from command line to 'None'
[1.099s] Level 5:colcon.colcon_core.verb:set package 'turtlesim_plus' build argument 'catkin_cmake_args' from command line to 'None'
[1.099s] Level 5:colcon.colcon_core.verb:set package 'turtlesim_plus' build argument 'catkin_skip_building_tests' from command line to 'False'
[1.099s] DEBUG:colcon.colcon_core.verb:Building package 'turtlesim_plus' with the following arguments: {'ament_cmake_args': None, 'build_base': '/home/kaymarrr/FourTurtleSim_ws/build/turtlesim_plus', 'catkin_cmake_args': None, 'catkin_skip_building_tests': False, 'cmake_args': None, 'cmake_clean_cache': False, 'cmake_clean_first': False, 'cmake_force_configure': False, 'cmake_target': None, 'cmake_target_skip_unavailable': False, 'install_base': '/home/kaymarrr/FourTurtleSim_ws/install/turtlesim_plus', 'merge_install': False, 'path': '/home/kaymarrr/FourTurtleSim_ws/src/turtlesim_plus/turtlesim_plus', 'symlink_install': False, 'test_result_base': None}
[1.110s] Level 5:colcon.colcon_core.verb:set package 'turtlesim_plus_interfaces' build argument 'cmake_args' from command line to 'None'
[1.110s] Level 5:colcon.colcon_core.verb:set package 'turtlesim_plus_interfaces' build argument 'cmake_target' from command line to 'None'
[1.110s] Level 5:colcon.colcon_core.verb:set package 'turtlesim_plus_interfaces' build argument 'cmake_target_skip_unavailable' from command line to 'False'
[1.110s] Level 5:colcon.colcon_core.verb:set package 'turtlesim_plus_interfaces' build argument 'cmake_clean_cache' from command line to 'False'
[1.110s] Level 5:colcon.colcon_core.verb:set package 'turtlesim_plus_interfaces' build argument 'cmake_clean_first' from command line to 'False'
[1.110s] Level 5:colcon.colcon_core.verb:set package 'turtlesim_plus_interfaces' build argument 'cmake_force_configure' from command line to 'False'
[1.110s] Level 5:colcon.colcon_core.verb:set package 'turtlesim_plus_interfaces' build argument 'ament_cmake_args' from command line to 'None'
[1.110s] Level 5:colcon.colcon_core.verb:set package 'turtlesim_plus_interfaces' build argument 'catkin_cmake_args' from command line to 'None'
[1.110s] Level 5:colcon.colcon_core.verb:set package 'turtlesim_plus_interfaces' build argument 'catkin_skip_building_tests' from command line to 'False'
[1.110s] DEBUG:colcon.colcon_core.verb:Building package 'turtlesim_plus_interfaces' with the following arguments: {'ament_cmake_args': None, 'build_base': '/home/kaymarrr/FourTurtleSim_ws/build/turtlesim_plus_interfaces', 'catkin_cmake_args': None, 'catkin_skip_building_tests': False, 'cmake_args': None, 'cmake_clean_cache': False, 'cmake_clean_first': False, 'cmake_force_configure': False, 'cmake_target': None, 'cmake_target_skip_unavailable': False, 'install_base': '/home/kaymarrr/FourTurtleSim_ws/install/turtlesim_plus_interfaces', 'merge_install': False, 'path': '/home/kaymarrr/FourTurtleSim_ws/src/turtlesim_plus/turtlesim_plus_interfaces', 'symlink_install': False, 'test_result_base': None}
[1.120s] INFO:colcon.colcon_core.executor:Executing jobs using 'parallel' executor
[1.132s] DEBUG:colcon.colcon_parallel_executor.executor.parallel:run_until_complete
[1.132s] INFO:colcon.colcon_ros.task.ament_cmake.build:Building ROS package in '/home/kaymarrr/FourTurtleSim_ws/src/controller' with build type 'ament_cmake'
[1.132s] INFO:colcon.colcon_cmake.task.cmake.build:Building CMake package in '/home/kaymarrr/FourTurtleSim_ws/src/controller'
[1.147s] INFO:colcon.colcon_core.plugin_system:Skipping extension 'colcon_core.shell.bat': Not used on non-Windows systems
[1.147s] INFO:colcon.colcon_core.shell:Skip shell extension 'powershell' for command environment: Not usable outside of PowerShell
[1.147s] DEBUG:colcon.colcon_core.shell:Skip shell extension 'dsv' for command environment
[1.281s] INFO:colcon.colcon_ros.task.ament_cmake.build:Building ROS package in '/home/kaymarrr/FourTurtleSim_ws/src/controller_interfaces' with build type 'ament_cmake'
[1.281s] INFO:colcon.colcon_cmake.task.cmake.build:Building CMake package in '/home/kaymarrr/FourTurtleSim_ws/src/controller_interfaces'
[1.292s] INFO:colcon.colcon_core.shell:Skip shell extension 'powershell' for command environment: Not usable outside of PowerShell
[1.292s] DEBUG:colcon.colcon_core.shell:Skip shell extension 'dsv' for command environment
[1.432s] INFO:colcon.colcon_ros.task.ament_cmake.build:Building ROS package in '/home/kaymarrr/FourTurtleSim_ws/src/turtlesim_plus/turtlesim_plus' with build type 'ament_cmake'
[1.432s] INFO:colcon.colcon_cmake.task.cmake.build:Building CMake package in '/home/kaymarrr/FourTurtleSim_ws/src/turtlesim_plus/turtlesim_plus'
[1.443s] INFO:colcon.colcon_core.shell:Skip shell extension 'powershell' for command environment: Not usable outside of PowerShell
[1.443s] DEBUG:colcon.colcon_core.shell:Skip shell extension 'dsv' for command environment
[1.570s] INFO:colcon.colcon_ros.task.ament_cmake.build:Building ROS package in '/home/kaymarrr/FourTurtleSim_ws/src/turtlesim_plus/turtlesim_plus_interfaces' with build type 'ament_cmake'
[1.570s] INFO:colcon.colcon_cmake.task.cmake.build:Building CMake package in '/home/kaymarrr/FourTurtleSim_ws/src/turtlesim_plus/turtlesim_plus_interfaces'
[1.589s] INFO:colcon.colcon_core.shell:Skip shell extension 'powershell' for command environment: Not usable outside of PowerShell
[1.589s] DEBUG:colcon.colcon_core.shell:Skip shell extension 'dsv' for command environment
[1.735s] DEBUG:colcon.colcon_core.event_handler.log_command:Invoking command in '/home/kaymarrr/FourTurtleSim_ws/build/controller': CMAKE_PREFIX_PATH=${CMAKE_PREFIX_PATH}:/opt/ros/humble /usr/bin/cmake --build /home/kaymarrr/FourTurtleSim_ws/build/controller -- -j16 -l16
[1.738s] DEBUG:colcon.colcon_core.event_handler.log_command:Invoking command in '/home/kaymarrr/FourTurtleSim_ws/build/controller_interfaces': CMAKE_PREFIX_PATH=${CMAKE_PREFIX_PATH}:/opt/ros/humble /usr/bin/cmake --build /home/kaymarrr/FourTurtleSim_ws/build/controller_interfaces -- -j16 -l16
[1.741s] DEBUG:colcon.colcon_core.event_handler.log_command:Invoking command in '/home/kaymarrr/FourTurtleSim_ws/build/turtlesim_plus': CMAKE_PREFIX_PATH=${CMAKE_PREFIX_PATH}:/opt/ros/humble /usr/bin/cmake --build /home/kaymarrr/FourTurtleSim_ws/build/turtlesim_plus -- -j16 -l16
[1.744s] DEBUG:colcon.colcon_core.event_handler.log_command:Invoking command in '/home/kaymarrr/FourTurtleSim_ws/build/turtlesim_plus_interfaces': CMAKE_PREFIX_PATH=${CMAKE_PREFIX_PATH}:/opt/ros/humble /usr/bin/cmake --build /home/kaymarrr/FourTurtleSim_ws/build/turtlesim_plus_interfaces -- -j16 -l16
[2.133s] DEBUG:colcon.colcon_core.event_handler.log_command:Invoked command in '/home/kaymarrr/FourTurtleSim_ws/build/controller_interfaces' returned '0': CMAKE_PREFIX_PATH=${CMAKE_PREFIX_PATH}:/opt/ros/humble /usr/bin/cmake --build /home/kaymarrr/FourTurtleSim_ws/build/controller_interfaces -- -j16 -l16
[2.134s] DEBUG:colcon.colcon_core.event_handler.log_command:Invoked command in '/home/kaymarrr/FourTurtleSim_ws/build/turtlesim_plus' returned '0': CMAKE_PREFIX_PATH=${CMAKE_PREFIX_PATH}:/opt/ros/humble /usr/bin/cmake --build /home/kaymarrr/FourTurtleSim_ws/build/turtlesim_plus -- -j16 -l16
[2.139s] DEBUG:colcon.colcon_core.event_handler.log_command:Invoked command in '/home/kaymarrr/FourTurtleSim_ws/build/controller' returned '0': CMAKE_PREFIX_PATH=${CMAKE_PREFIX_PATH}:/opt/ros/humble /usr/bin/cmake --build /home/kaymarrr/FourTurtleSim_ws/build/controller -- -j16 -l16
[2.160s] DEBUG:colcon.colcon_core.event_handler.log_command:Invoking command in '/home/kaymarrr/FourTurtleSim_ws/build/turtlesim_plus': CMAKE_PREFIX_PATH=${CMAKE_PREFIX_PATH}:/opt/ros/humble /usr/bin/cmake --install /home/kaymarrr/FourTurtleSim_ws/build/turtlesim_plus
[2.161s] DEBUG:colcon.colcon_core.event_handler.log_command:Invoked command in '/home/kaymarrr/FourTurtleSim_ws/build/turtlesim_plus_interfaces' returned '0': CMAKE_PREFIX_PATH=${CMAKE_PREFIX_PATH}:/opt/ros/humble /usr/bin/cmake --build /home/kaymarrr/FourTurtleSim_ws/build/turtlesim_plus_interfaces -- -j16 -l16
[2.164s] DEBUG:colcon.colcon_core.event_handler.log_command:Invoking command in '/home/kaymarrr/FourTurtleSim_ws/build/controller': CMAKE_PREFIX_PATH=${CMAKE_PREFIX_PATH}:/opt/ros/humble /usr/bin/cmake --install /home/kaymarrr/FourTurtleSim_ws/build/controller
[2.203s] DEBUG:colcon.colcon_core.event_handler.log_command:Invoking command in '/home/kaymarrr/FourTurtleSim_ws/build/controller_interfaces': CMAKE_PREFIX_PATH=${CMAKE_PREFIX_PATH}:/opt/ros/humble /usr/bin/cmake --install /home/kaymarrr/FourTurtleSim_ws/build/controller_interfaces
[2.215s] Level 1:colcon.colcon_core.environment:create_environment_scripts_only(turtlesim_plus)
[2.219s] DEBUG:colcon.colcon_core.event_handler.log_command:Invoked command in '/home/kaymarrr/FourTurtleSim_ws/build/turtlesim_plus' returned '0': CMAKE_PREFIX_PATH=${CMAKE_PREFIX_PATH}:/opt/ros/humble /usr/bin/cmake --install /home/kaymarrr/FourTurtleSim_ws/build/turtlesim_plus
[2.239s] Level 1:colcon.colcon_core.environment:checking '/home/kaymarrr/FourTurtleSim_ws/install/turtlesim_plus' for CMake module files
[2.239s] Level 1:colcon.colcon_core.environment:checking '/home/kaymarrr/FourTurtleSim_ws/install/turtlesim_plus' for CMake config files
[2.239s] Level 1:colcon.colcon_core.shell:create_environment_hook('turtlesim_plus', 'cmake_prefix_path')
[2.251s] INFO:colcon.colcon_core.shell:Creating environment hook '/home/kaymarrr/FourTurtleSim_ws/install/turtlesim_plus/share/turtlesim_plus/hook/cmake_prefix_path.ps1'
[2.252s] INFO:colcon.colcon_core.shell:Creating environment descriptor '/home/kaymarrr/FourTurtleSim_ws/install/turtlesim_plus/share/turtlesim_plus/hook/cmake_prefix_path.dsv'
[2.252s] INFO:colcon.colcon_core.shell:Creating environment hook '/home/kaymarrr/FourTurtleSim_ws/install/turtlesim_plus/share/turtlesim_plus/hook/cmake_prefix_path.sh'
[2.253s] Level 1:colcon.colcon_core.environment:checking '/home/kaymarrr/FourTurtleSim_ws/install/turtlesim_plus/lib'
[2.253s] Level 1:colcon.colcon_core.environment:checking '/home/kaymarrr/FourTurtleSim_ws/install/turtlesim_plus/bin'
[2.253s] Level 1:colcon.colcon_core.environment:checking '/home/kaymarrr/FourTurtleSim_ws/install/turtlesim_plus/lib/pkgconfig/turtlesim_plus.pc'
[2.254s] Level 1:colcon.colcon_core.environment:checking '/home/kaymarrr/FourTurtleSim_ws/install/turtlesim_plus/lib/python3.10/site-packages'
[2.254s] Level 1:colcon.colcon_core.environment:checking '/home/kaymarrr/FourTurtleSim_ws/install/turtlesim_plus/bin'
[2.273s] INFO:colcon.colcon_core.shell:Creating package script '/home/kaymarrr/FourTurtleSim_ws/install/turtlesim_plus/share/turtlesim_plus/package.ps1'
[2.274s] INFO:colcon.colcon_core.shell:Creating package descriptor '/home/kaymarrr/FourTurtleSim_ws/install/turtlesim_plus/share/turtlesim_plus/package.dsv'
[2.274s] INFO:colcon.colcon_core.shell:Creating package script '/home/kaymarrr/FourTurtleSim_ws/install/turtlesim_plus/share/turtlesim_plus/package.sh'
[2.275s] INFO:colcon.colcon_core.shell:Creating package script '/home/kaymarrr/FourTurtleSim_ws/install/turtlesim_plus/share/turtlesim_plus/package.bash'
[2.276s] INFO:colcon.colcon_core.shell:Creating package script '/home/kaymarrr/FourTurtleSim_ws/install/turtlesim_plus/share/turtlesim_plus/package.zsh'
[2.277s] Level 1:colcon.colcon_core.environment:create_file_with_runtime_dependencies(/home/kaymarrr/FourTurtleSim_ws/install/turtlesim_plus/share/colcon-core/packages/turtlesim_plus)
[2.278s] Level 1:colcon.colcon_core.environment:create_environment_scripts_only(controller)
[2.278s] DEBUG:colcon.colcon_core.event_handler.log_command:Invoked command in '/home/kaymarrr/FourTurtleSim_ws/build/controller' returned '0': CMAKE_PREFIX_PATH=${CMAKE_PREFIX_PATH}:/opt/ros/humble /usr/bin/cmake --install /home/kaymarrr/FourTurtleSim_ws/build/controller
[2.292s] Level 1:colcon.colcon_core.environment:checking '/home/kaymarrr/FourTurtleSim_ws/install/controller' for CMake module files
[2.292s] Level 1:colcon.colcon_core.environment:checking '/home/kaymarrr/FourTurtleSim_ws/install/controller' for CMake config files
[2.292s] Level 1:colcon.colcon_core.shell:create_environment_hook('controller', 'cmake_prefix_path')
[2.306s] INFO:colcon.colcon_core.shell:Creating environment hook '/home/kaymarrr/FourTurtleSim_ws/install/controller/share/controller/hook/cmake_prefix_path.ps1'
[2.306s] INFO:colcon.colcon_core.shell:Creating environment descriptor '/home/kaymarrr/FourTurtleSim_ws/install/controller/share/controller/hook/cmake_prefix_path.dsv'
[2.307s] INFO:colcon.colcon_core.shell:Creating environment hook '/home/kaymarrr/FourTurtleSim_ws/install/controller/share/controller/hook/cmake_prefix_path.sh'
[2.307s] Level 1:colcon.colcon_core.environment:checking '/home/kaymarrr/FourTurtleSim_ws/install/controller/lib'
[2.307s] Level 1:colcon.colcon_core.environment:checking '/home/kaymarrr/FourTurtleSim_ws/install/controller/bin'
[2.307s] Level 1:colcon.colcon_core.environment:checking '/home/kaymarrr/FourTurtleSim_ws/install/controller/lib/pkgconfig/controller.pc'
[2.307s] Level 1:colcon.colcon_core.environment:checking '/home/kaymarrr/FourTurtleSim_ws/install/controller/lib/python3.10/site-packages'
[2.308s] Level 1:colcon.colcon_core.environment:checking '/home/kaymarrr/FourTurtleSim_ws/install/controller/bin'
[2.320s] INFO:colcon.colcon_core.shell:Creating package script '/home/kaymarrr/FourTurtleSim_ws/install/controller/share/controller/package.ps1'
[2.321s] INFO:colcon.colcon_core.shell:Creating package descriptor '/home/kaymarrr/FourTurtleSim_ws/install/controller/share/controller/package.dsv'
[2.321s] INFO:colcon.colcon_core.shell:Creating package script '/home/kaymarrr/FourTurtleSim_ws/install/controller/share/controller/package.sh'
[2.321s] INFO:colcon.colcon_core.shell:Creating package script '/home/kaymarrr/FourTurtleSim_ws/install/controller/share/controller/package.bash'
[2.322s] INFO:colcon.colcon_core.shell:Creating package script '/home/kaymarrr/FourTurtleSim_ws/install/controller/share/controller/package.zsh'
[2.322s] Level 1:colcon.colcon_core.environment:create_file_with_runtime_dependencies(/home/kaymarrr/FourTurtleSim_ws/install/controller/share/colcon-core/packages/controller)
[2.324s] DEBUG:colcon.colcon_core.event_handler.log_command:Invoking command in '/home/kaymarrr/FourTurtleSim_ws/build/turtlesim_plus_interfaces': CMAKE_PREFIX_PATH=${CMAKE_PREFIX_PATH}:/opt/ros/humble /usr/bin/cmake --install /home/kaymarrr/FourTurtleSim_ws/build/turtlesim_plus_interfaces
[2.325s] Level 1:colcon.colcon_core.environment:create_environment_scripts_only(controller_interfaces)
[2.325s] DEBUG:colcon.colcon_core.event_handler.log_command:Invoked command in '/home/kaymarrr/FourTurtleSim_ws/build/controller_interfaces' returned '0': CMAKE_PREFIX_PATH=${CMAKE_PREFIX_PATH}:/opt/ros/humble /usr/bin/cmake --install /home/kaymarrr/FourTurtleSim_ws/build/controller_interfaces
[2.338s] Level 1:colcon.colcon_core.environment:checking '/home/kaymarrr/FourTurtleSim_ws/install/controller_interfaces' for CMake module files
[2.338s] Level 1:colcon.colcon_core.environment:checking '/home/kaymarrr/FourTurtleSim_ws/install/controller_interfaces' for CMake config files
[2.338s] Level 1:colcon.colcon_core.shell:create_environment_hook('controller_interfaces', 'cmake_prefix_path')
[2.351s] INFO:colcon.colcon_core.shell:Creating environment hook '/home/kaymarrr/FourTurtleSim_ws/install/controller_interfaces/share/controller_interfaces/hook/cmake_prefix_path.ps1'
[2.352s] INFO:colcon.colcon_core.shell:Creating environment descriptor '/home/kaymarrr/FourTurtleSim_ws/install/controller_interfaces/share/controller_interfaces/hook/cmake_prefix_path.dsv'
[2.352s] INFO:colcon.colcon_core.shell:Creating environment hook '/home/kaymarrr/FourTurtleSim_ws/install/controller_interfaces/share/controller_interfaces/hook/cmake_prefix_path.sh'
[2.352s] Level 1:colcon.colcon_core.environment:checking '/home/kaymarrr/FourTurtleSim_ws/install/controller_interfaces/lib'
[2.352s] Level 1:colcon.colcon_core.shell:create_environment_hook('controller_interfaces', 'ld_library_path_lib')
[2.364s] INFO:colcon.colcon_core.shell:Creating environment hook '/home/kaymarrr/FourTurtleSim_ws/install/controller_interfaces/share/controller_interfaces/hook/ld_library_path_lib.ps1'
[2.365s] INFO:colcon.colcon_core.shell:Creating environment descriptor '/home/kaymarrr/FourTurtleSim_ws/install/controller_interfaces/share/controller_interfaces/hook/ld_library_path_lib.dsv'
[2.365s] INFO:colcon.colcon_core.shell:Creating environment hook '/home/kaymarrr/FourTurtleSim_ws/install/controller_interfaces/share/controller_interfaces/hook/ld_library_path_lib.sh'
[2.365s] Level 1:colcon.colcon_core.environment:checking '/home/kaymarrr/FourTurtleSim_ws/install/controller_interfaces/bin'
[2.365s] Level 1:colcon.colcon_core.environment:checking '/home/kaymarrr/FourTurtleSim_ws/install/controller_interfaces/lib/pkgconfig/controller_interfaces.pc'
[2.365s] Level 1:colcon.colcon_core.environment:checking '/home/kaymarrr/FourTurtleSim_ws/install/controller_interfaces/lib/python3.10/site-packages'
[2.365s] Level 1:colcon.colcon_core.environment:checking '/home/kaymarrr/FourTurtleSim_ws/install/controller_interfaces/bin'
[2.379s] INFO:colcon.colcon_core.shell:Creating package script '/home/kaymarrr/FourTurtleSim_ws/install/controller_interfaces/share/controller_interfaces/package.ps1'
[2.380s] INFO:colcon.colcon_core.shell:Creating package descriptor '/home/kaymarrr/FourTurtleSim_ws/install/controller_interfaces/share/controller_interfaces/package.dsv'
[2.380s] INFO:colcon.colcon_core.shell:Creating package script '/home/kaymarrr/FourTurtleSim_ws/install/controller_interfaces/share/controller_interfaces/package.sh'
[2.380s] INFO:colcon.colcon_core.shell:Creating package script '/home/kaymarrr/FourTurtleSim_ws/install/controller_interfaces/share/controller_interfaces/package.bash'
[2.380s] INFO:colcon.colcon_core.shell:Creating package script '/home/kaymarrr/FourTurtleSim_ws/install/controller_interfaces/share/controller_interfaces/package.zsh'
[2.381s] Level 1:colcon.colcon_core.environment:create_file_with_runtime_dependencies(/home/kaymarrr/FourTurtleSim_ws/install/controller_interfaces/share/colcon-core/packages/controller_interfaces)
[2.404s] Level 1:colcon.colcon_core.environment:create_environment_scripts_only(turtlesim_plus)
[2.418s] Level 1:colcon.colcon_core.environment:checking '/home/kaymarrr/FourTurtleSim_ws/install/turtlesim_plus' for CMake module files
[2.418s] Level 1:colcon.colcon_core.environment:checking '/home/kaymarrr/FourTurtleSim_ws/install/turtlesim_plus' for CMake config files
[2.418s] Level 1:colcon.colcon_core.shell:create_environment_hook('turtlesim_plus', 'cmake_prefix_path')
[2.437s] INFO:colcon.colcon_core.shell:Creating environment hook '/home/kaymarrr/FourTurtleSim_ws/install/turtlesim_plus/share/turtlesim_plus/hook/cmake_prefix_path.ps1'
[2.437s] INFO:colcon.colcon_core.shell:Creating environment descriptor '/home/kaymarrr/FourTurtleSim_ws/install/turtlesim_plus/share/turtlesim_plus/hook/cmake_prefix_path.dsv'
[2.437s] INFO:colcon.colcon_core.shell:Creating environment hook '/home/kaymarrr/FourTurtleSim_ws/install/turtlesim_plus/share/turtlesim_plus/hook/cmake_prefix_path.sh'
[2.438s] Level 1:colcon.colcon_core.environment:checking '/home/kaymarrr/FourTurtleSim_ws/install/turtlesim_plus/lib'
[2.438s] Level 1:colcon.colcon_core.environment:checking '/home/kaymarrr/FourTurtleSim_ws/install/turtlesim_plus/bin'
[2.438s] Level 1:colcon.colcon_core.environment:checking '/home/kaymarrr/FourTurtleSim_ws/install/turtlesim_plus/lib/pkgconfig/turtlesim_plus.pc'
[2.438s] Level 1:colcon.colcon_core.environment:checking '/home/kaymarrr/FourTurtleSim_ws/install/turtlesim_plus/lib/python3.10/site-packages'
[2.438s] Level 1:colcon.colcon_core.environment:checking '/home/kaymarrr/FourTurtleSim_ws/install/turtlesim_plus/bin'
[2.450s] INFO:colcon.colcon_core.shell:Creating package script '/home/kaymarrr/FourTurtleSim_ws/install/turtlesim_plus/share/turtlesim_plus/package.ps1'
[2.450s] INFO:colcon.colcon_core.shell:Creating package descriptor '/home/kaymarrr/FourTurtleSim_ws/install/turtlesim_plus/share/turtlesim_plus/package.dsv'
[2.450s] INFO:colcon.colcon_core.shell:Creating package script '/home/kaymarrr/FourTurtleSim_ws/install/turtlesim_plus/share/turtlesim_plus/package.sh'
[2.451s] INFO:colcon.colcon_core.shell:Creating package script '/home/kaymarrr/FourTurtleSim_ws/install/turtlesim_plus/share/turtlesim_plus/package.bash'
[2.451s] INFO:colcon.colcon_core.shell:Creating package script '/home/kaymarrr/FourTurtleSim_ws/install/turtlesim_plus/share/turtlesim_plus/package.zsh'
[2.451s] Level 1:colcon.colcon_core.environment:create_file_with_runtime_dependencies(/home/kaymarrr/FourTurtleSim_ws/install/turtlesim_plus/share/colcon-core/packages/turtlesim_plus)
[2.464s] Level 1:colcon.colcon_core.environment:create_environment_scripts_only(controller)
[2.477s] Level 1:colcon.colcon_core.environment:checking '/home/kaymarrr/FourTurtleSim_ws/install/controller' for CMake module files
[2.477s] Level 1:colcon.colcon_core.environment:checking '/home/kaymarrr/FourTurtleSim_ws/install/controller' for CMake config files
[2.478s] Level 1:colcon.colcon_core.shell:create_environment_hook('controller', 'cmake_prefix_path')
[2.491s] INFO:colcon.colcon_core.shell:Creating environment hook '/home/kaymarrr/FourTurtleSim_ws/install/controller/share/controller/hook/cmake_prefix_path.ps1'
[2.492s] INFO:colcon.colcon_core.shell:Creating environment descriptor '/home/kaymarrr/FourTurtleSim_ws/install/controller/share/controller/hook/cmake_prefix_path.dsv'
[2.492s] INFO:colcon.colcon_core.shell:Creating environment hook '/home/kaymarrr/FourTurtleSim_ws/install/controller/share/controller/hook/cmake_prefix_path.sh'
[2.492s] Level 1:colcon.colcon_core.environment:checking '/home/kaymarrr/FourTurtleSim_ws/install/controller/lib'
[2.493s] Level 1:colcon.colcon_core.environment:checking '/home/kaymarrr/FourTurtleSim_ws/install/controller/bin'
[2.493s] Level 1:colcon.colcon_core.environment:checking '/home/kaymarrr/FourTurtleSim_ws/install/controller/lib/pkgconfig/controller.pc'
[2.493s] Level 1:colcon.colcon_core.environment:checking '/home/kaymarrr/FourTurtleSim_ws/install/controller/lib/python3.10/site-packages'
[2.493s] Level 1:colcon.colcon_core.environment:checking '/home/kaymarrr/FourTurtleSim_ws/install/controller/bin'
[2.506s] INFO:colcon.colcon_core.shell:Creating package script '/home/kaymarrr/FourTurtleSim_ws/install/controller/share/controller/package.ps1'
[2.506s] INFO:colcon.colcon_core.shell:Creating package descriptor '/home/kaymarrr/FourTurtleSim_ws/install/controller/share/controller/package.dsv'
[2.507s] INFO:colcon.colcon_core.shell:Creating package script '/home/kaymarrr/FourTurtleSim_ws/install/controller/share/controller/package.sh'
[2.507s] INFO:colcon.colcon_core.shell:Creating package script '/home/kaymarrr/FourTurtleSim_ws/install/controller/share/controller/package.bash'
[2.507s] INFO:colcon.colcon_core.shell:Creating package script '/home/kaymarrr/FourTurtleSim_ws/install/controller/share/controller/package.zsh'
[2.508s] Level 1:colcon.colcon_core.environment:create_file_with_runtime_dependencies(/home/kaymarrr/FourTurtleSim_ws/install/controller/share/colcon-core/packages/controller)
[2.522s] Level 1:colcon.colcon_core.environment:create_environment_scripts_only(controller_interfaces)
[2.534s] Level 1:colcon.colcon_core.environment:checking '/home/kaymarrr/FourTurtleSim_ws/install/controller_interfaces' for CMake module files
[2.535s] Level 1:colcon.colcon_core.environment:checking '/home/kaymarrr/FourTurtleSim_ws/install/controller_interfaces' for CMake config files
[2.535s] Level 1:colcon.colcon_core.shell:create_environment_hook('controller_interfaces', 'cmake_prefix_path')
[2.549s] INFO:colcon.colcon_core.shell:Creating environment hook '/home/kaymarrr/FourTurtleSim_ws/install/controller_interfaces/share/controller_interfaces/hook/cmake_prefix_path.ps1'
[2.550s] INFO:colcon.colcon_core.shell:Creating environment descriptor '/home/kaymarrr/FourTurtleSim_ws/install/controller_interfaces/share/controller_interfaces/hook/cmake_prefix_path.dsv'
[2.550s] INFO:colcon.colcon_core.shell:Creating environment hook '/home/kaymarrr/FourTurtleSim_ws/install/controller_interfaces/share/controller_interfaces/hook/cmake_prefix_path.sh'
[2.550s] Level 1:colcon.colcon_core.environment:checking '/home/kaymarrr/FourTurtleSim_ws/install/controller_interfaces/lib'
[2.550s] Level 1:colcon.colcon_core.shell:create_environment_hook('controller_interfaces', 'ld_library_path_lib')
[2.563s] INFO:colcon.colcon_core.shell:Creating environment hook '/home/kaymarrr/FourTurtleSim_ws/install/controller_interfaces/share/controller_interfaces/hook/ld_library_path_lib.ps1'
[2.564s] INFO:colcon.colcon_core.shell:Creating environment descriptor '/home/kaymarrr/FourTurtleSim_ws/install/controller_interfaces/share/controller_interfaces/hook/ld_library_path_lib.dsv'
[2.564s] INFO:colcon.colcon_core.shell:Creating environment hook '/home/kaymarrr/FourTurtleSim_ws/install/controller_interfaces/share/controller_interfaces/hook/ld_library_path_lib.sh'
[2.564s] Level 1:colcon.colcon_core.environment:checking '/home/kaymarrr/FourTurtleSim_ws/install/controller_interfaces/bin'
[2.564s] Level 1:colcon.colcon_core.environment:checking '/home/kaymarrr/FourTurtleSim_ws/install/controller_interfaces/lib/pkgconfig/controller_interfaces.pc'
[2.564s] Level 1:colcon.colcon_core.environment:checking '/home/kaymarrr/FourTurtleSim_ws/install/controller_interfaces/lib/python3.10/site-packages'
[2.565s] Level 1:colcon.colcon_core.environment:checking '/home/kaymarrr/FourTurtleSim_ws/install/controller_interfaces/bin'
[2.579s] INFO:colcon.colcon_core.shell:Creating package script '/home/kaymarrr/FourTurtleSim_ws/install/controller_interfaces/share/controller_interfaces/package.ps1'
[2.579s] INFO:colcon.colcon_core.shell:Creating package descriptor '/home/kaymarrr/FourTurtleSim_ws/install/controller_interfaces/share/controller_interfaces/package.dsv'
[2.580s] INFO:colcon.colcon_core.shell:Creating package script '/home/kaymarrr/FourTurtleSim_ws/install/controller_interfaces/share/controller_interfaces/package.sh'
[2.580s] INFO:colcon.colcon_core.shell:Creating package script '/home/kaymarrr/FourTurtleSim_ws/install/controller_interfaces/share/controller_interfaces/package.bash'
[2.580s] INFO:colcon.colcon_core.shell:Creating package script '/home/kaymarrr/FourTurtleSim_ws/install/controller_interfaces/share/controller_interfaces/package.zsh'
[2.581s] Level 1:colcon.colcon_core.environment:create_file_with_runtime_dependencies(/home/kaymarrr/FourTurtleSim_ws/install/controller_interfaces/share/colcon-core/packages/controller_interfaces)
[2.581s] Level 1:colcon.colcon_core.environment:create_environment_scripts_only(turtlesim_plus_interfaces)
[2.582s] DEBUG:colcon.colcon_core.event_handler.log_command:Invoked command in '/home/kaymarrr/FourTurtleSim_ws/build/turtlesim_plus_interfaces' returned '0': CMAKE_PREFIX_PATH=${CMAKE_PREFIX_PATH}:/opt/ros/humble /usr/bin/cmake --install /home/kaymarrr/FourTurtleSim_ws/build/turtlesim_plus_interfaces
[2.595s] Level 1:colcon.colcon_core.environment:checking '/home/kaymarrr/FourTurtleSim_ws/install/turtlesim_plus_interfaces' for CMake module files
[2.595s] Level 1:colcon.colcon_core.environment:checking '/home/kaymarrr/FourTurtleSim_ws/install/turtlesim_plus_interfaces' for CMake config files
[2.596s] Level 1:colcon.colcon_core.shell:create_environment_hook('turtlesim_plus_interfaces', 'cmake_prefix_path')
[2.608s] INFO:colcon.colcon_core.shell:Creating environment hook '/home/kaymarrr/FourTurtleSim_ws/install/turtlesim_plus_interfaces/share/turtlesim_plus_interfaces/hook/cmake_prefix_path.ps1'
[2.609s] INFO:colcon.colcon_core.shell:Creating environment descriptor '/home/kaymarrr/FourTurtleSim_ws/install/turtlesim_plus_interfaces/share/turtlesim_plus_interfaces/hook/cmake_prefix_path.dsv'
[2.609s] INFO:colcon.colcon_core.shell:Creating environment hook '/home/kaymarrr/FourTurtleSim_ws/install/turtlesim_plus_interfaces/share/turtlesim_plus_interfaces/hook/cmake_prefix_path.sh'
[2.609s] Level 1:colcon.colcon_core.environment:checking '/home/kaymarrr/FourTurtleSim_ws/install/turtlesim_plus_interfaces/lib'
[2.609s] Level 1:colcon.colcon_core.shell:create_environment_hook('turtlesim_plus_interfaces', 'ld_library_path_lib')
[2.623s] INFO:colcon.colcon_core.shell:Creating environment hook '/home/kaymarrr/FourTurtleSim_ws/install/turtlesim_plus_interfaces/share/turtlesim_plus_interfaces/hook/ld_library_path_lib.ps1'
[2.623s] INFO:colcon.colcon_core.shell:Creating environment descriptor '/home/kaymarrr/FourTurtleSim_ws/install/turtlesim_plus_interfaces/share/turtlesim_plus_interfaces/hook/ld_library_path_lib.dsv'
[2.624s] INFO:colcon.colcon_core.shell:Creating environment hook '/home/kaymarrr/FourTurtleSim_ws/install/turtlesim_plus_interfaces/share/turtlesim_plus_interfaces/hook/ld_library_path_lib.sh'
[2.624s] Level 1:colcon.colcon_core.environment:checking '/home/kaymarrr/FourTurtleSim_ws/install/turtlesim_plus_interfaces/bin'
[2.624s] Level 1:colcon.colcon_core.environment:checking '/home/kaymarrr/FourTurtleSim_ws/install/turtlesim_plus_interfaces/lib/pkgconfig/turtlesim_plus_interfaces.pc'
[2.624s] Level 1:colcon.colcon_core.environment:checking '/home/kaymarrr/FourTurtleSim_ws/install/turtlesim_plus_interfaces/lib/python3.10/site-packages'
[2.624s] Level 1:colcon.colcon_core.environment:checking '/home/kaymarrr/FourTurtleSim_ws/install/turtlesim_plus_interfaces/bin'
[2.637s] INFO:colcon.colcon_core.shell:Creating package script '/home/kaymarrr/FourTurtleSim_ws/install/turtlesim_plus_interfaces/share/turtlesim_plus_interfaces/package.ps1'
[2.637s] INFO:colcon.colcon_core.shell:Creating package descriptor '/home/kaymarrr/FourTurtleSim_ws/install/turtlesim_plus_interfaces/share/turtlesim_plus_interfaces/package.dsv'
[2.637s] INFO:colcon.colcon_core.shell:Creating package script '/home/kaymarrr/FourTurtleSim_ws/install/turtlesim_plus_interfaces/share/turtlesim_plus_interfaces/package.sh'
[2.638s] INFO:colcon.colcon_core.shell:Creating package script '/home/kaymarrr/FourTurtleSim_ws/install/turtlesim_plus_interfaces/share/turtlesim_plus_interfaces/package.bash'
[2.638s] INFO:colcon.colcon_core.shell:Creating package script '/home/kaymarrr/FourTurtleSim_ws/install/turtlesim_plus_interfaces/share/turtlesim_plus_interfaces/package.zsh'
[2.638s] Level 1:colcon.colcon_core.environment:create_file_with_runtime_dependencies(/home/kaymarrr/FourTurtleSim_ws/install/turtlesim_plus_interfaces/share/colcon-core/packages/turtlesim_plus_interfaces)
[2.731s] Level 1:colcon.colcon_core.environment:create_environment_scripts_only(turtlesim_plus_interfaces)
[2.742s] Level 1:colcon.colcon_core.environment:checking '/home/kaymarrr/FourTurtleSim_ws/install/turtlesim_plus_interfaces' for CMake module files
[2.743s] Level 1:colcon.colcon_core.environment:checking '/home/kaymarrr/FourTurtleSim_ws/install/turtlesim_plus_interfaces' for CMake config files
[2.743s] Level 1:colcon.colcon_core.shell:create_environment_hook('turtlesim_plus_interfaces', 'cmake_prefix_path')
[2.754s] INFO:colcon.colcon_core.shell:Creating environment hook '/home/kaymarrr/FourTurtleSim_ws/install/turtlesim_plus_interfaces/share/turtlesim_plus_interfaces/hook/cmake_prefix_path.ps1'
[2.754s] INFO:colcon.colcon_core.shell:Creating environment descriptor '/home/kaymarrr/FourTurtleSim_ws/install/turtlesim_plus_interfaces/share/turtlesim_plus_interfaces/hook/cmake_prefix_path.dsv'
[2.755s] INFO:colcon.colcon_core.shell:Creating environment hook '/home/kaymarrr/FourTurtleSim_ws/install/turtlesim_plus_interfaces/share/turtlesim_plus_interfaces/hook/cmake_prefix_path.sh'
[2.755s] Level 1:colcon.colcon_core.environment:checking '/home/kaymarrr/FourTurtleSim_ws/install/turtlesim_plus_interfaces/lib'
[2.755s] Level 1:colcon.colcon_core.shell:create_environment_hook('turtlesim_plus_interfaces', 'ld_library_path_lib')
[2.767s] INFO:colcon.colcon_core.shell:Creating environment hook '/home/kaymarrr/FourTurtleSim_ws/install/turtlesim_plus_interfaces/share/turtlesim_plus_interfaces/hook/ld_library_path_lib.ps1'
[2.767s] INFO:colcon.colcon_core.shell:Creating environment descriptor '/home/kaymarrr/FourTurtleSim_ws/install/turtlesim_plus_interfaces/share/turtlesim_plus_interfaces/hook/ld_library_path_lib.dsv'
[2.767s] INFO:colcon.colcon_core.shell:Creating environment hook '/home/kaymarrr/FourTurtleSim_ws/install/turtlesim_plus_interfaces/share/turtlesim_plus_interfaces/hook/ld_library_path_lib.sh'
[2.768s] Level 1:colcon.colcon_core.environment:checking '/home/kaymarrr/FourTurtleSim_ws/install/turtlesim_plus_interfaces/bin'
[2.768s] Level 1:colcon.colcon_core.environment:checking '/home/kaymarrr/FourTurtleSim_ws/install/turtlesim_plus_interfaces/lib/pkgconfig/turtlesim_plus_interfaces.pc'
[2.768s] Level 1:colcon.colcon_core.environment:checking '/home/kaymarrr/FourTurtleSim_ws/install/turtlesim_plus_interfaces/lib/python3.10/site-packages'
[2.768s] Level 1:colcon.colcon_core.environment:checking '/home/kaymarrr/FourTurtleSim_ws/install/turtlesim_plus_interfaces/bin'
[2.781s] INFO:colcon.colcon_core.shell:Creating package script '/home/kaymarrr/FourTurtleSim_ws/install/turtlesim_plus_interfaces/share/turtlesim_plus_interfaces/package.ps1'
[2.782s] INFO:colcon.colcon_core.shell:Creating package descriptor '/home/kaymarrr/FourTurtleSim_ws/install/turtlesim_plus_interfaces/share/turtlesim_plus_interfaces/package.dsv'
[2.783s] INFO:colcon.colcon_core.shell:Creating package script '/home/kaymarrr/FourTurtleSim_ws/install/turtlesim_plus_interfaces/share/turtlesim_plus_interfaces/package.sh'
[2.783s] INFO:colcon.colcon_core.shell:Creating package script '/home/kaymarrr/FourTurtleSim_ws/install/turtlesim_plus_interfaces/share/turtlesim_plus_interfaces/package.bash'
[2.783s] INFO:colcon.colcon_core.shell:Creating package script '/home/kaymarrr/FourTurtleSim_ws/install/turtlesim_plus_interfaces/share/turtlesim_plus_interfaces/package.zsh'
[2.783s] Level 1:colcon.colcon_core.environment:create_file_with_runtime_dependencies(/home/kaymarrr/FourTurtleSim_ws/install/turtlesim_plus_interfaces/share/colcon-core/packages/turtlesim_plus_interfaces)
[2.784s] DEBUG:colcon.colcon_parallel_executor.executor.parallel:closing loop
[2.784s] DEBUG:colcon.colcon_parallel_executor.executor.parallel:loop closed
[2.784s] DEBUG:colcon.colcon_parallel_executor.executor.parallel:run_until_complete finished with '0'
[2.784s] DEBUG:colcon.colcon_core.event_reactor:joining thread
[2.810s] INFO:colcon.colcon_core.plugin_system:Skipping extension 'colcon_notification.desktop_notification.terminal_notifier': Not used on non-Darwin systems
[2.810s] INFO:colcon.colcon_core.plugin_system:Skipping extension 'colcon_notification.desktop_notification.win32': Not used on non-Windows systems
[2.810s] INFO:colcon.colcon_notification.desktop_notification:Sending desktop notification using 'notify2'
[2.819s] DEBUG:colcon.colcon_core.event_reactor:joined thread
[2.833s] INFO:colcon.colcon_core.shell:Creating prefix script '/home/kaymarrr/FourTurtleSim_ws/install/local_setup.ps1'
[2.834s] INFO:colcon.colcon_core.shell:Creating prefix util module '/home/kaymarrr/FourTurtleSim_ws/install/_local_setup_util_ps1.py'
[2.835s] INFO:colcon.colcon_core.shell:Creating prefix chain script '/home/kaymarrr/FourTurtleSim_ws/install/setup.ps1'
[2.846s] INFO:colcon.colcon_core.shell:Creating prefix script '/home/kaymarrr/FourTurtleSim_ws/install/local_setup.sh'
[2.847s] INFO:colcon.colcon_core.shell:Creating prefix util module '/home/kaymarrr/FourTurtleSim_ws/install/_local_setup_util_sh.py'
[2.847s] INFO:colcon.colcon_core.shell:Creating prefix chain script '/home/kaymarrr/FourTurtleSim_ws/install/setup.sh'
[2.858s] INFO:colcon.colcon_core.shell:Creating prefix script '/home/kaymarrr/FourTurtleSim_ws/install/local_setup.bash'
[2.858s] INFO:colcon.colcon_core.shell:Creating prefix chain script '/home/kaymarrr/FourTurtleSim_ws/install/setup.bash'
[2.869s] INFO:colcon.colcon_core.shell:Creating prefix script '/home/kaymarrr/FourTurtleSim_ws/install/local_setup.zsh'
[2.870s] INFO:colcon.colcon_core.shell:Creating prefix chain script '/home/kaymarrr/FourTurtleSim_ws/install/setup.zsh'
