[0.917s] DEBUG:colcon:Command line arguments: ['/usr/bin/colcon', 'build']
[0.918s] DEBUG:colcon:Parsed command line arguments: Namespace(log_base=None, log_level=None, verb_name='build', build_base='build', install_base='install', merge_install=False, symlink_install=False, test_result_base=None, continue_on_error=False, executor='parallel', parallel_workers=16, event_handlers=None, ignore_user_meta=False, metas=['./colcon.meta'], base_paths=['.'], packages_ignore=None, packages_ignore_regex=None, paths=None, packages_up_to=None, packages_up_to_regex=None, packages_above=None, packages_above_and_dependencies=None, packages_above_depth=None, packages_select_by_dep=None, packages_skip_by_dep=None, packages_skip_up_to=None, packages_select_build_failed=False, packages_skip_build_finished=False, packages_select_test_failures=False, packages_skip_test_passed=False, packages_select=None, packages_skip=None, packages_select_regex=None, packages_skip_regex=None, packages_start=None, packages_end=None, allow_overriding=[], cmake_args=None, cmake_target=None, cmake_target_skip_unavailable=False, cmake_clean_cache=False, cmake_clean_first=False, cmake_force_configure=False, ament_cmake_args=None, catkin_cmake_args=None, catkin_skip_building_tests=False, verb_parser=<colcon_defaults.argument_parser.defaults.DefaultArgumentsDecorator object at 0x7fe6fbd85ba0>, verb_extension=<colcon_core.verb.build.BuildVerb object at 0x7fe6fbdd5030>, main=<bound method BuildVerb.main of <colcon_core.verb.build.BuildVerb object at 0x7fe6fbdd5030>>)
[0.979s] Level 1:colcon.colcon_core.package_discovery:discover_packages(colcon_meta) check parameters
[0.979s] Level 1:colcon.colcon_core.package_discovery:discover_packages(recursive) check parameters
[0.979s] Level 1:colcon.colcon_core.package_discovery:discover_packages(ignore) check parameters
[0.979s] Level 1:colcon.colcon_core.package_discovery:discover_packages(path) check parameters
[0.979s] Level 1:colcon.colcon_core.package_discovery:discover_packages(colcon_meta) discover
[0.980s] Level 1:colcon.colcon_core.package_discovery:discover_packages(recursive) discover
[0.980s] INFO:colcon.colcon_core.package_discovery:Crawling recursively for packages in '/home/kaymarrr/FourTurtleSim_ws'
[0.980s] Level 1:colcon.colcon_core.package_identification:_identify(.) by extensions ['ignore', 'ignore_ament_install']
[0.980s] Level 1:colcon.colcon_core.package_identification:_identify(.) by extension 'ignore'
[0.980s] Level 1:colcon.colcon_core.package_identification:_identify(.) by extension 'ignore_ament_install'
[0.980s] Level 1:colcon.colcon_core.package_identification:_identify(.) by extensions ['colcon_pkg']
[0.980s] Level 1:colcon.colcon_core.package_identification:_identify(.) by extension 'colcon_pkg'
[0.980s] Level 1:colcon.colcon_core.package_identification:_identify(.) by extensions ['colcon_meta']
[0.980s] Level 1:colcon.colcon_core.package_identification:_identify(.) by extension 'colcon_meta'
[0.980s] Level 1:colcon.colcon_core.package_identification:_identify(.) by extensions ['ros']
[0.980s] Level 1:colcon.colcon_core.package_identification:_identify(.) by extension 'ros'
[0.990s] Level 1:colcon.colcon_core.package_identification:_identify(.) by extensions ['cmake', 'python']
[0.990s] Level 1:colcon.colcon_core.package_identification:_identify(.) by extension 'cmake'
[0.990s] Level 1:colcon.colcon_core.package_identification:_identify(.) by extension 'python'
[0.990s] Level 1:colcon.colcon_core.package_identification:_identify(.) by extensions ['python_setup_py']
[0.990s] Level 1:colcon.colcon_core.package_identification:_identify(.) by extension 'python_setup_py'
[0.990s] Level 1:colcon.colcon_core.package_identification:_identify(build) by extensions ['ignore', 'ignore_ament_install']
[0.990s] Level 1:colcon.colcon_core.package_identification:_identify(build) by extension 'ignore'
[0.990s] Level 1:colcon.colcon_core.package_identification:_identify(build) ignored
[0.991s] Level 1:colcon.colcon_core.package_identification:_identify(install) by extensions ['ignore', 'ignore_ament_install']
[0.991s] Level 1:colcon.colcon_core.package_identification:_identify(install) by extension 'ignore'
[0.991s] Level 1:colcon.colcon_core.package_identification:_identify(install) ignored
[0.991s] Level 1:colcon.colcon_core.package_identification:_identify(log) by extensions ['ignore', 'ignore_ament_install']
[0.991s] Level 1:colcon.colcon_core.package_identification:_identify(log) by extension 'ignore'
[0.991s] Level 1:colcon.colcon_core.package_identification:_identify(log) ignored
[0.991s] Level 1:colcon.colcon_core.package_identification:_identify(src) by extensions ['ignore', 'ignore_ament_install']
[0.991s] Level 1:colcon.colcon_core.package_identification:_identify(src) by extension 'ignore'
[0.991s] Level 1:colcon.colcon_core.package_identification:_identify(src) by extension 'ignore_ament_install'
[0.991s] Level 1:colcon.colcon_core.package_identification:_identify(src) by extensions ['colcon_pkg']
[0.991s] Level 1:colcon.colcon_core.package_identification:_identify(src) by extension 'colcon_pkg'
[0.991s] Level 1:colcon.colcon_core.package_identification:_identify(src) by extensions ['colcon_meta']
[0.991s] Level 1:colcon.colcon_core.package_identification:_identify(src) by extension 'colcon_meta'
[0.991s] Level 1:colcon.colcon_core.package_identification:_identify(src) by extensions ['ros']
[0.991s] Level 1:colcon.colcon_core.package_identification:_identify(src) by extension 'ros'
[0.991s] Level 1:colcon.colcon_core.package_identification:_identify(src) by extensions ['cmake', 'python']
[0.991s] Level 1:colcon.colcon_core.package_identification:_identify(src) by extension 'cmake'
[0.991s] Level 1:colcon.colcon_core.package_identification:_identify(src) by extension 'python'
[0.991s] Level 1:colcon.colcon_core.package_identification:_identify(src) by extensions ['python_setup_py']
[0.991s] Level 1:colcon.colcon_core.package_identification:_identify(src) by extension 'python_setup_py'
[0.991s] Level 1:colcon.colcon_core.package_identification:_identify(src/controller) by extensions ['ignore', 'ignore_ament_install']
[0.991s] Level 1:colcon.colcon_core.package_identification:_identify(src/controller) by extension 'ignore'
[0.991s] Level 1:colcon.colcon_core.package_identification:_identify(src/controller) by extension 'ignore_ament_install'
[0.991s] Level 1:colcon.colcon_core.package_identification:_identify(src/controller) by extensions ['colcon_pkg']
[0.991s] Level 1:colcon.colcon_core.package_identification:_identify(src/controller) by extension 'colcon_pkg'
[0.991s] Level 1:colcon.colcon_core.package_identification:_identify(src/controller) by extensions ['colcon_meta']
[0.991s] Level 1:colcon.colcon_core.package_identification:_identify(src/controller) by extension 'colcon_meta'
[0.991s] Level 1:colcon.colcon_core.package_identification:_identify(src/controller) by extensions ['ros']
[0.991s] Level 1:colcon.colcon_core.package_identification:_identify(src/controller) by extension 'ros'
[0.994s] DEBUG:colcon.colcon_core.package_identification:Package 'src/controller' with type 'ros.ament_cmake' and name 'controller'
[0.994s] Level 1:colcon.colcon_core.package_identification:_identify(src/controller_interfaces) by extensions ['ignore', 'ignore_ament_install']
[0.994s] Level 1:colcon.colcon_core.package_identification:_identify(src/controller_interfaces) by extension 'ignore'
[0.994s] Level 1:colcon.colcon_core.package_identification:_identify(src/controller_interfaces) by extension 'ignore_ament_install'
[0.994s] Level 1:colcon.colcon_core.package_identification:_identify(src/controller_interfaces) by extensions ['colcon_pkg']
[0.994s] Level 1:colcon.colcon_core.package_identification:_identify(src/controller_interfaces) by extension 'colcon_pkg'
[0.994s] Level 1:colcon.colcon_core.package_identification:_identify(src/controller_interfaces) by extensions ['colcon_meta']
[0.994s] Level 1:colcon.colcon_core.package_identification:_identify(src/controller_interfaces) by extension 'colcon_meta'
[0.994s] Level 1:colcon.colcon_core.package_identification:_identify(src/controller_interfaces) by extensions ['ros']
[0.994s] Level 1:colcon.colcon_core.package_identification:_identify(src/controller_interfaces) by extension 'ros'
[0.995s] DEBUG:colcon.colcon_core.package_identification:Package 'src/controller_interfaces' with type 'ros.ament_cmake' and name 'controller_interfaces'
[0.995s] Level 1:colcon.colcon_core.package_identification:_identify(src/turtlesim_plus) by extensions ['ignore', 'ignore_ament_install']
[0.995s] Level 1:colcon.colcon_core.package_identification:_identify(src/turtlesim_plus) by extension 'ignore'
[0.995s] Level 1:colcon.colcon_core.package_identification:_identify(src/turtlesim_plus) by extension 'ignore_ament_install'
[0.995s] Level 1:colcon.colcon_core.package_identification:_identify(src/turtlesim_plus) by extensions ['colcon_pkg']
[0.995s] Level 1:colcon.colcon_core.package_identification:_identify(src/turtlesim_plus) by extension 'colcon_pkg'
[0.995s] Level 1:colcon.colcon_core.package_identification:_identify(src/turtlesim_plus) by extensions ['colcon_meta']
[0.995s] Level 1:colcon.colcon_core.package_identification:_identify(src/turtlesim_plus) by extension 'colcon_meta'
[0.995s] Level 1:colcon.colcon_core.package_identification:_identify(src/turtlesim_plus) by extensions ['ros']
[0.995s] Level 1:colcon.colcon_core.package_identification:_identify(src/turtlesim_plus) by extension 'ros'
[0.995s] Level 1:colcon.colcon_core.package_identification:_identify(src/turtlesim_plus) by extensions ['cmake', 'python']
[0.995s] Level 1:colcon.colcon_core.package_identification:_identify(src/turtlesim_plus) by extension 'cmake'
[0.995s] Level 1:colcon.colcon_core.package_identification:_identify(src/turtlesim_plus) by extension 'python'
[0.995s] Level 1:colcon.colcon_core.package_identification:_identify(src/turtlesim_plus) by extensions ['python_setup_py']
[0.995s] Level 1:colcon.colcon_core.package_identification:_identify(src/turtlesim_plus) by extension 'python_setup_py'
[0.995s] Level 1:colcon.colcon_core.package_identification:_identify(src/turtlesim_plus/turtlesim_plus) by extensions ['ignore', 'ignore_ament_install']
[0.995s] Level 1:colcon.colcon_core.package_identification:_identify(src/turtlesim_plus/turtlesim_plus) by extension 'ignore'
[0.995s] Level 1:colcon.colcon_core.package_identification:_identify(src/turtlesim_plus/turtlesim_plus) by extension 'ignore_ament_install'
[0.995s] Level 1:colcon.colcon_core.package_identification:_identify(src/turtlesim_plus/turtlesim_plus) by extensions ['colcon_pkg']
[0.995s] Level 1:colcon.colcon_core.package_identification:_identify(src/turtlesim_plus/turtlesim_plus) by extension 'colcon_pkg'
[0.995s] Level 1:colcon.colcon_core.package_identification:_identify(src/turtlesim_plus/turtlesim_plus) by extensions ['colcon_meta']
[0.995s] Level 1:colcon.colcon_core.package_identification:_identify(src/turtlesim_plus/turtlesim_plus) by extension 'colcon_meta'
[0.995s] Level 1:colcon.colcon_core.package_identification:_identify(src/turtlesim_plus/turtlesim_plus) by extensions ['ros']
[0.995s] Level 1:colcon.colcon_core.package_identification:_identify(src/turtlesim_plus/turtlesim_plus) by extension 'ros'
[0.996s] DEBUG:colcon.colcon_core.package_identification:Package 'src/turtlesim_plus/turtlesim_plus' with type 'ros.ament_cmake' and name 'turtlesim_plus'
[0.996s] Level 1:colcon.colcon_core.package_identification:_identify(src/turtlesim_plus/turtlesim_plus_interfaces) by extensions ['ignore', 'ignore_ament_install']
[0.996s] Level 1:colcon.colcon_core.package_identification:_identify(src/turtlesim_plus/turtlesim_plus_interfaces) by extension 'ignore'
[0.996s] Level 1:colcon.colcon_core.package_identification:_identify(src/turtlesim_plus/turtlesim_plus_interfaces) by extension 'ignore_ament_install'
[0.996s] Level 1:colcon.colcon_core.package_identification:_identify(src/turtlesim_plus/turtlesim_plus_interfaces) by extensions ['colcon_pkg']
[0.996s] Level 1:colcon.colcon_core.package_identification:_identify(src/turtlesim_plus/turtlesim_plus_interfaces) by extension 'colcon_pkg'
[0.996s] Level 1:colcon.colcon_core.package_identification:_identify(src/turtlesim_plus/turtlesim_plus_interfaces) by extensions ['colcon_meta']
[0.996s] Level 1:colcon.colcon_core.package_identification:_identify(src/turtlesim_plus/turtlesim_plus_interfaces) by extension 'colcon_meta'
[0.996s] Level 1:colcon.colcon_core.package_identification:_identify(src/turtlesim_plus/turtlesim_plus_interfaces) by extensions ['ros']
[0.996s] Level 1:colcon.colcon_core.package_identification:_identify(src/turtlesim_plus/turtlesim_plus_interfaces) by extension 'ros'
[0.996s] DEBUG:colcon.colcon_core.package_identification:Package 'src/turtlesim_plus/turtlesim_plus_interfaces' with type 'ros.ament_cmake' and name 'turtlesim_plus_interfaces'
[0.996s] Level 1:colcon.colcon_core.package_discovery:discover_packages(recursive) using defaults
[0.997s] Level 1:colcon.colcon_core.package_discovery:discover_packages(ignore) discover
[0.997s] Level 1:colcon.colcon_core.package_discovery:discover_packages(ignore) using defaults
[0.997s] Level 1:colcon.colcon_core.package_discovery:discover_packages(path) discover
[0.997s] Level 1:colcon.colcon_core.package_discovery:discover_packages(path) using defaults
[1.068s] Level 1:colcon.colcon_core.package_discovery:discover_packages(prefix_path) check parameters
[1.068s] Level 1:colcon.colcon_core.package_discovery:discover_packages(prefix_path) discover
[1.093s] DEBUG:colcon.colcon_installed_package_information.package_discovery:Found 2 installed packages in /home/kaymarrr/simulation_solution_ws/install
[1.103s] DEBUG:colcon.colcon_installed_package_information.package_discovery:Found 1 installed packages in /home/kaymarrr/simulation_exercise_ws/install
[1.114s] DEBUG:colcon.colcon_installed_package_information.package_discovery:Found 2 installed packages in /home/kaymarrr/simulation_noob_ws/install
[1.124s] DEBUG:colcon.colcon_installed_package_information.package_discovery:Found 1 installed packages in /home/kaymarrr/modelling_solution_ws/install
[1.134s] DEBUG:colcon.colcon_installed_package_information.package_discovery:Found 1 installed packages in /home/kaymarrr/modelling_exercise_ws/install
[1.152s] DEBUG:colcon.colcon_installed_package_information.package_discovery:Found 6 installed packages in /home/kaymarrr/turtle_ws/install
[1.163s] DEBUG:colcon.colcon_installed_package_information.package_discovery:Found 304 installed packages in /opt/ros/humble
[1.164s] Level 1:colcon.colcon_core.package_discovery:discover_packages(prefix_path) using defaults
[1.240s] Level 5:colcon.colcon_core.verb:set package 'controller' build argument 'cmake_args' from command line to 'None'
[1.240s] Level 5:colcon.colcon_core.verb:set package 'controller' build argument 'cmake_target' from command line to 'None'
[1.241s] Level 5:colcon.colcon_core.verb:set package 'controller' build argument 'cmake_target_skip_unavailable' from command line to 'False'
[1.241s] Level 5:colcon.colcon_core.verb:set package 'controller' build argument 'cmake_clean_cache' from command line to 'False'
[1.241s] Level 5:colcon.colcon_core.verb:set package 'controller' build argument 'cmake_clean_first' from command line to 'False'
[1.241s] Level 5:colcon.colcon_core.verb:set package 'controller' build argument 'cmake_force_configure' from command line to 'False'
[1.241s] Level 5:colcon.colcon_core.verb:set package 'controller' build argument 'ament_cmake_args' from command line to 'None'
[1.241s] Level 5:colcon.colcon_core.verb:set package 'controller' build argument 'catkin_cmake_args' from command line to 'None'
[1.241s] Level 5:colcon.colcon_core.verb:set package 'controller' build argument 'catkin_skip_building_tests' from command line to 'False'
[1.241s] DEBUG:colcon.colcon_core.verb:Building package 'controller' with the following arguments: {'ament_cmake_args': None, 'build_base': '/home/kaymarrr/FourTurtleSim_ws/build/controller', 'catkin_cmake_args': None, 'catkin_skip_building_tests': False, 'cmake_args': None, 'cmake_clean_cache': False, 'cmake_clean_first': False, 'cmake_force_configure': False, 'cmake_target': None, 'cmake_target_skip_unavailable': False, 'install_base': '/home/kaymarrr/FourTurtleSim_ws/install/controller', 'merge_install': False, 'path': '/home/kaymarrr/FourTurtleSim_ws/src/controller', 'symlink_install': False, 'test_result_base': None}
[1.252s] Level 5:colcon.colcon_core.verb:set package 'controller_interfaces' build argument 'cmake_args' from command line to 'None'
[1.252s] Level 5:colcon.colcon_core.verb:set package 'controller_interfaces' build argument 'cmake_target' from command line to 'None'
[1.252s] Level 5:colcon.colcon_core.verb:set package 'controller_interfaces' build argument 'cmake_target_skip_unavailable' from command line to 'False'
[1.252s] Level 5:colcon.colcon_core.verb:set package 'controller_interfaces' build argument 'cmake_clean_cache' from command line to 'False'
[1.252s] Level 5:colcon.colcon_core.verb:set package 'controller_interfaces' build argument 'cmake_clean_first' from command line to 'False'
[1.252s] Level 5:colcon.colcon_core.verb:set package 'controller_interfaces' build argument 'cmake_force_configure' from command line to 'False'
[1.252s] Level 5:colcon.colcon_core.verb:set package 'controller_interfaces' build argument 'ament_cmake_args' from command line to 'None'
[1.252s] Level 5:colcon.colcon_core.verb:set package 'controller_interfaces' build argument 'catkin_cmake_args' from command line to 'None'
[1.252s] Level 5:colcon.colcon_core.verb:set package 'controller_interfaces' build argument 'catkin_skip_building_tests' from command line to 'False'
[1.252s] DEBUG:colcon.colcon_core.verb:Building package 'controller_interfaces' with the following arguments: {'ament_cmake_args': None, 'build_base': '/home/kaymarrr/FourTurtleSim_ws/build/controller_interfaces', 'catkin_cmake_args': None, 'catkin_skip_building_tests': False, 'cmake_args': None, 'cmake_clean_cache': False, 'cmake_clean_first': False, 'cmake_force_configure': False, 'cmake_target': None, 'cmake_target_skip_unavailable': False, 'install_base': '/home/kaymarrr/FourTurtleSim_ws/install/controller_interfaces', 'merge_install': False, 'path': '/home/kaymarrr/FourTurtleSim_ws/src/controller_interfaces', 'symlink_install': False, 'test_result_base': None}
[1.263s] Level 5:colcon.colcon_core.verb:set package 'turtlesim_plus' build argument 'cmake_args' from command line to 'None'
[1.263s] Level 5:colcon.colcon_core.verb:set package 'turtlesim_plus' build argument 'cmake_target' from command line to 'None'
[1.263s] Level 5:colcon.colcon_core.verb:set package 'turtlesim_plus' build argument 'cmake_target_skip_unavailable' from command line to 'False'
[1.263s] Level 5:colcon.colcon_core.verb:set package 'turtlesim_plus' build argument 'cmake_clean_cache' from command line to 'False'
[1.263s] Level 5:colcon.colcon_core.verb:set package 'turtlesim_plus' build argument 'cmake_clean_first' from command line to 'False'
[1.263s] Level 5:colcon.colcon_core.verb:set package 'turtlesim_plus' build argument 'cmake_force_configure' from command line to 'False'
[1.263s] Level 5:colcon.colcon_core.verb:set package 'turtlesim_plus' build argument 'ament_cmake_args' from command line to 'None'
[1.263s] Level 5:colcon.colcon_core.verb:set package 'turtlesim_plus' build argument 'catkin_cmake_args' from command line to 'None'
[1.263s] Level 5:colcon.colcon_core.verb:set package 'turtlesim_plus' build argument 'catkin_skip_building_tests' from command line to 'False'
[1.263s] DEBUG:colcon.colcon_core.verb:Building package 'turtlesim_plus' with the following arguments: {'ament_cmake_args': None, 'build_base': '/home/kaymarrr/FourTurtleSim_ws/build/turtlesim_plus', 'catkin_cmake_args': None, 'catkin_skip_building_tests': False, 'cmake_args': None, 'cmake_clean_cache': False, 'cmake_clean_first': False, 'cmake_force_configure': False, 'cmake_target': None, 'cmake_target_skip_unavailable': False, 'install_base': '/home/kaymarrr/FourTurtleSim_ws/install/turtlesim_plus', 'merge_install': False, 'path': '/home/kaymarrr/FourTurtleSim_ws/src/turtlesim_plus/turtlesim_plus', 'symlink_install': False, 'test_result_base': None}
[1.274s] Level 5:colcon.colcon_core.verb:set package 'turtlesim_plus_interfaces' build argument 'cmake_args' from command line to 'None'
[1.274s] Level 5:colcon.colcon_core.verb:set package 'turtlesim_plus_interfaces' build argument 'cmake_target' from command line to 'None'
[1.274s] Level 5:colcon.colcon_core.verb:set package 'turtlesim_plus_interfaces' build argument 'cmake_target_skip_unavailable' from command line to 'False'
[1.274s] Level 5:colcon.colcon_core.verb:set package 'turtlesim_plus_interfaces' build argument 'cmake_clean_cache' from command line to 'False'
[1.274s] Level 5:colcon.colcon_core.verb:set package 'turtlesim_plus_interfaces' build argument 'cmake_clean_first' from command line to 'False'
[1.274s] Level 5:colcon.colcon_core.verb:set package 'turtlesim_plus_interfaces' build argument 'cmake_force_configure' from command line to 'False'
[1.274s] Level 5:colcon.colcon_core.verb:set package 'turtlesim_plus_interfaces' build argument 'ament_cmake_args' from command line to 'None'
[1.274s] Level 5:colcon.colcon_core.verb:set package 'turtlesim_plus_interfaces' build argument 'catkin_cmake_args' from command line to 'None'
[1.274s] Level 5:colcon.colcon_core.verb:set package 'turtlesim_plus_interfaces' build argument 'catkin_skip_building_tests' from command line to 'False'
[1.274s] DEBUG:colcon.colcon_core.verb:Building package 'turtlesim_plus_interfaces' with the following arguments: {'ament_cmake_args': None, 'build_base': '/home/kaymarrr/FourTurtleSim_ws/build/turtlesim_plus_interfaces', 'catkin_cmake_args': None, 'catkin_skip_building_tests': False, 'cmake_args': None, 'cmake_clean_cache': False, 'cmake_clean_first': False, 'cmake_force_configure': False, 'cmake_target': None, 'cmake_target_skip_unavailable': False, 'install_base': '/home/kaymarrr/FourTurtleSim_ws/install/turtlesim_plus_interfaces', 'merge_install': False, 'path': '/home/kaymarrr/FourTurtleSim_ws/src/turtlesim_plus/turtlesim_plus_interfaces', 'symlink_install': False, 'test_result_base': None}
[1.284s] INFO:colcon.colcon_core.executor:Executing jobs using 'parallel' executor
[1.295s] DEBUG:colcon.colcon_parallel_executor.executor.parallel:run_until_complete
[1.295s] INFO:colcon.colcon_ros.task.ament_cmake.build:Building ROS package in '/home/kaymarrr/FourTurtleSim_ws/src/controller' with build type 'ament_cmake'
[1.295s] INFO:colcon.colcon_cmake.task.cmake.build:Building CMake package in '/home/kaymarrr/FourTurtleSim_ws/src/controller'
[1.323s] INFO:colcon.colcon_core.plugin_system:Skipping extension 'colcon_core.shell.bat': Not used on non-Windows systems
[1.323s] INFO:colcon.colcon_core.shell:Skip shell extension 'powershell' for command environment: Not usable outside of PowerShell
[1.323s] DEBUG:colcon.colcon_core.shell:Skip shell extension 'dsv' for command environment
[1.407s] INFO:colcon.colcon_ros.task.ament_cmake.build:Building ROS package in '/home/kaymarrr/FourTurtleSim_ws/src/controller_interfaces' with build type 'ament_cmake'
[1.407s] INFO:colcon.colcon_cmake.task.cmake.build:Building CMake package in '/home/kaymarrr/FourTurtleSim_ws/src/controller_interfaces'
[1.418s] INFO:colcon.colcon_core.shell:Skip shell extension 'powershell' for command environment: Not usable outside of PowerShell
[1.418s] DEBUG:colcon.colcon_core.shell:Skip shell extension 'dsv' for command environment
[1.504s] INFO:colcon.colcon_ros.task.ament_cmake.build:Building ROS package in '/home/kaymarrr/FourTurtleSim_ws/src/turtlesim_plus/turtlesim_plus' with build type 'ament_cmake'
[1.504s] INFO:colcon.colcon_cmake.task.cmake.build:Building CMake package in '/home/kaymarrr/FourTurtleSim_ws/src/turtlesim_plus/turtlesim_plus'
[1.515s] INFO:colcon.colcon_core.shell:Skip shell extension 'powershell' for command environment: Not usable outside of PowerShell
[1.515s] DEBUG:colcon.colcon_core.shell:Skip shell extension 'dsv' for command environment
[1.601s] INFO:colcon.colcon_ros.task.ament_cmake.build:Building ROS package in '/home/kaymarrr/FourTurtleSim_ws/src/turtlesim_plus/turtlesim_plus_interfaces' with build type 'ament_cmake'
[1.601s] INFO:colcon.colcon_cmake.task.cmake.build:Building CMake package in '/home/kaymarrr/FourTurtleSim_ws/src/turtlesim_plus/turtlesim_plus_interfaces'
[1.612s] INFO:colcon.colcon_core.shell:Skip shell extension 'powershell' for command environment: Not usable outside of PowerShell
[1.612s] DEBUG:colcon.colcon_core.shell:Skip shell extension 'dsv' for command environment
[1.700s] DEBUG:colcon.colcon_core.event_handler.log_command:Invoking command in '/home/kaymarrr/FourTurtleSim_ws/build/controller': CMAKE_PREFIX_PATH=${CMAKE_PREFIX_PATH}:/opt/ros/humble /usr/bin/cmake /home/kaymarrr/FourTurtleSim_ws/src/controller -DCMAKE_INSTALL_PREFIX=/home/kaymarrr/FourTurtleSim_ws/install/controller
[1.713s] DEBUG:colcon.colcon_core.event_handler.log_command:Invoking command in '/home/kaymarrr/FourTurtleSim_ws/build/controller_interfaces': CMAKE_PREFIX_PATH=${CMAKE_PREFIX_PATH}:/opt/ros/humble /usr/bin/cmake /home/kaymarrr/FourTurtleSim_ws/src/controller_interfaces -DCMAKE_INSTALL_PREFIX=/home/kaymarrr/FourTurtleSim_ws/install/controller_interfaces
[1.715s] DEBUG:colcon.colcon_core.event_handler.log_command:Invoking command in '/home/kaymarrr/FourTurtleSim_ws/build/turtlesim_plus': CMAKE_PREFIX_PATH=${CMAKE_PREFIX_PATH}:/opt/ros/humble /usr/bin/cmake /home/kaymarrr/FourTurtleSim_ws/src/turtlesim_plus/turtlesim_plus -DCMAKE_INSTALL_PREFIX=/home/kaymarrr/FourTurtleSim_ws/install/turtlesim_plus
[1.717s] DEBUG:colcon.colcon_core.event_handler.log_command:Invoking command in '/home/kaymarrr/FourTurtleSim_ws/build/turtlesim_plus_interfaces': CMAKE_PREFIX_PATH=${CMAKE_PREFIX_PATH}:/opt/ros/humble /usr/bin/cmake /home/kaymarrr/FourTurtleSim_ws/src/turtlesim_plus/turtlesim_plus_interfaces -DCMAKE_INSTALL_PREFIX=/home/kaymarrr/FourTurtleSim_ws/install/turtlesim_plus_interfaces
[3.072s] DEBUG:colcon.colcon_core.event_handler.log_command:Invoked command in '/home/kaymarrr/FourTurtleSim_ws/build/turtlesim_plus' returned '0': CMAKE_PREFIX_PATH=${CMAKE_PREFIX_PATH}:/opt/ros/humble /usr/bin/cmake /home/kaymarrr/FourTurtleSim_ws/src/turtlesim_plus/turtlesim_plus -DCMAKE_INSTALL_PREFIX=/home/kaymarrr/FourTurtleSim_ws/install/turtlesim_plus
[3.074s] DEBUG:colcon.colcon_core.event_handler.log_command:Invoking command in '/home/kaymarrr/FourTurtleSim_ws/build/turtlesim_plus': CMAKE_PREFIX_PATH=${CMAKE_PREFIX_PATH}:/opt/ros/humble /usr/bin/cmake --build /home/kaymarrr/FourTurtleSim_ws/build/turtlesim_plus -- -j16 -l16
[3.116s] DEBUG:colcon.colcon_core.event_handler.log_command:Invoked command in '/home/kaymarrr/FourTurtleSim_ws/build/controller' returned '0': CMAKE_PREFIX_PATH=${CMAKE_PREFIX_PATH}:/opt/ros/humble /usr/bin/cmake /home/kaymarrr/FourTurtleSim_ws/src/controller -DCMAKE_INSTALL_PREFIX=/home/kaymarrr/FourTurtleSim_ws/install/controller
[3.116s] DEBUG:colcon.colcon_core.event_handler.log_command:Invoking command in '/home/kaymarrr/FourTurtleSim_ws/build/controller': CMAKE_PREFIX_PATH=${CMAKE_PREFIX_PATH}:/opt/ros/humble /usr/bin/cmake --build /home/kaymarrr/FourTurtleSim_ws/build/controller -- -j16 -l16
[3.267s] DEBUG:colcon.colcon_core.event_handler.log_command:Invoked command in '/home/kaymarrr/FourTurtleSim_ws/build/turtlesim_plus_interfaces' returned '0': CMAKE_PREFIX_PATH=${CMAKE_PREFIX_PATH}:/opt/ros/humble /usr/bin/cmake /home/kaymarrr/FourTurtleSim_ws/src/turtlesim_plus/turtlesim_plus_interfaces -DCMAKE_INSTALL_PREFIX=/home/kaymarrr/FourTurtleSim_ws/install/turtlesim_plus_interfaces
[3.268s] DEBUG:colcon.colcon_core.event_handler.log_command:Invoking command in '/home/kaymarrr/FourTurtleSim_ws/build/turtlesim_plus_interfaces': CMAKE_PREFIX_PATH=${CMAKE_PREFIX_PATH}:/opt/ros/humble /usr/bin/cmake --build /home/kaymarrr/FourTurtleSim_ws/build/turtlesim_plus_interfaces -- -j16 -l16
[3.368s] DEBUG:colcon.colcon_core.event_handler.log_command:Invoked command in '/home/kaymarrr/FourTurtleSim_ws/build/turtlesim_plus' returned '0': CMAKE_PREFIX_PATH=${CMAKE_PREFIX_PATH}:/opt/ros/humble /usr/bin/cmake --build /home/kaymarrr/FourTurtleSim_ws/build/turtlesim_plus -- -j16 -l16
[3.395s] DEBUG:colcon.colcon_core.event_handler.log_command:Invoking command in '/home/kaymarrr/FourTurtleSim_ws/build/turtlesim_plus': CMAKE_PREFIX_PATH=${CMAKE_PREFIX_PATH}:/opt/ros/humble /usr/bin/cmake --install /home/kaymarrr/FourTurtleSim_ws/build/turtlesim_plus
[3.450s] Level 1:colcon.colcon_core.environment:create_environment_scripts_only(turtlesim_plus)
[3.451s] DEBUG:colcon.colcon_core.event_handler.log_command:Invoked command in '/home/kaymarrr/FourTurtleSim_ws/build/turtlesim_plus' returned '0': CMAKE_PREFIX_PATH=${CMAKE_PREFIX_PATH}:/opt/ros/humble /usr/bin/cmake --install /home/kaymarrr/FourTurtleSim_ws/build/turtlesim_plus
[3.471s] Level 1:colcon.colcon_core.environment:checking '/home/kaymarrr/FourTurtleSim_ws/install/turtlesim_plus' for CMake module files
[3.472s] Level 1:colcon.colcon_core.environment:checking '/home/kaymarrr/FourTurtleSim_ws/install/turtlesim_plus' for CMake config files
[3.472s] Level 1:colcon.colcon_core.shell:create_environment_hook('turtlesim_plus', 'cmake_prefix_path')
[3.485s] INFO:colcon.colcon_core.shell:Creating environment hook '/home/kaymarrr/FourTurtleSim_ws/install/turtlesim_plus/share/turtlesim_plus/hook/cmake_prefix_path.ps1'
[3.486s] INFO:colcon.colcon_core.shell:Creating environment descriptor '/home/kaymarrr/FourTurtleSim_ws/install/turtlesim_plus/share/turtlesim_plus/hook/cmake_prefix_path.dsv'
[3.487s] INFO:colcon.colcon_core.shell:Creating environment hook '/home/kaymarrr/FourTurtleSim_ws/install/turtlesim_plus/share/turtlesim_plus/hook/cmake_prefix_path.sh'
[3.488s] Level 1:colcon.colcon_core.environment:checking '/home/kaymarrr/FourTurtleSim_ws/install/turtlesim_plus/lib'
[3.488s] Level 1:colcon.colcon_core.environment:checking '/home/kaymarrr/FourTurtleSim_ws/install/turtlesim_plus/bin'
[3.488s] Level 1:colcon.colcon_core.environment:checking '/home/kaymarrr/FourTurtleSim_ws/install/turtlesim_plus/lib/pkgconfig/turtlesim_plus.pc'
[3.488s] Level 1:colcon.colcon_core.environment:checking '/home/kaymarrr/FourTurtleSim_ws/install/turtlesim_plus/lib/python3.10/site-packages'
[3.488s] Level 1:colcon.colcon_core.environment:checking '/home/kaymarrr/FourTurtleSim_ws/install/turtlesim_plus/bin'
[3.502s] INFO:colcon.colcon_core.shell:Creating package script '/home/kaymarrr/FourTurtleSim_ws/install/turtlesim_plus/share/turtlesim_plus/package.ps1'
[3.503s] INFO:colcon.colcon_core.shell:Creating package descriptor '/home/kaymarrr/FourTurtleSim_ws/install/turtlesim_plus/share/turtlesim_plus/package.dsv'
[3.504s] INFO:colcon.colcon_core.shell:Creating package script '/home/kaymarrr/FourTurtleSim_ws/install/turtlesim_plus/share/turtlesim_plus/package.sh'
[3.504s] INFO:colcon.colcon_core.shell:Creating package script '/home/kaymarrr/FourTurtleSim_ws/install/turtlesim_plus/share/turtlesim_plus/package.bash'
[3.505s] INFO:colcon.colcon_core.shell:Creating package script '/home/kaymarrr/FourTurtleSim_ws/install/turtlesim_plus/share/turtlesim_plus/package.zsh'
[3.506s] Level 1:colcon.colcon_core.environment:create_file_with_runtime_dependencies(/home/kaymarrr/FourTurtleSim_ws/install/turtlesim_plus/share/colcon-core/packages/turtlesim_plus)
[3.508s] DEBUG:colcon.colcon_core.event_handler.log_command:Invoked command in '/home/kaymarrr/FourTurtleSim_ws/build/controller_interfaces' returned '0': CMAKE_PREFIX_PATH=${CMAKE_PREFIX_PATH}:/opt/ros/humble /usr/bin/cmake /home/kaymarrr/FourTurtleSim_ws/src/controller_interfaces -DCMAKE_INSTALL_PREFIX=/home/kaymarrr/FourTurtleSim_ws/install/controller_interfaces
[3.509s] DEBUG:colcon.colcon_core.event_handler.log_command:Invoking command in '/home/kaymarrr/FourTurtleSim_ws/build/controller_interfaces': CMAKE_PREFIX_PATH=${CMAKE_PREFIX_PATH}:/opt/ros/humble /usr/bin/cmake --build /home/kaymarrr/FourTurtleSim_ws/build/controller_interfaces -- -j16 -l16
[3.538s] Level 1:colcon.colcon_core.environment:create_environment_scripts_only(turtlesim_plus)
[3.555s] Level 1:colcon.colcon_core.environment:checking '/home/kaymarrr/FourTurtleSim_ws/install/turtlesim_plus' for CMake module files
[3.556s] Level 1:colcon.colcon_core.environment:checking '/home/kaymarrr/FourTurtleSim_ws/install/turtlesim_plus' for CMake config files
[3.557s] Level 1:colcon.colcon_core.shell:create_environment_hook('turtlesim_plus', 'cmake_prefix_path')
[3.571s] INFO:colcon.colcon_core.shell:Creating environment hook '/home/kaymarrr/FourTurtleSim_ws/install/turtlesim_plus/share/turtlesim_plus/hook/cmake_prefix_path.ps1'
[3.572s] INFO:colcon.colcon_core.shell:Creating environment descriptor '/home/kaymarrr/FourTurtleSim_ws/install/turtlesim_plus/share/turtlesim_plus/hook/cmake_prefix_path.dsv'
[3.572s] INFO:colcon.colcon_core.shell:Creating environment hook '/home/kaymarrr/FourTurtleSim_ws/install/turtlesim_plus/share/turtlesim_plus/hook/cmake_prefix_path.sh'
[3.572s] Level 1:colcon.colcon_core.environment:checking '/home/kaymarrr/FourTurtleSim_ws/install/turtlesim_plus/lib'
[3.572s] Level 1:colcon.colcon_core.environment:checking '/home/kaymarrr/FourTurtleSim_ws/install/turtlesim_plus/bin'
[3.572s] Level 1:colcon.colcon_core.environment:checking '/home/kaymarrr/FourTurtleSim_ws/install/turtlesim_plus/lib/pkgconfig/turtlesim_plus.pc'
[3.573s] Level 1:colcon.colcon_core.environment:checking '/home/kaymarrr/FourTurtleSim_ws/install/turtlesim_plus/lib/python3.10/site-packages'
[3.573s] Level 1:colcon.colcon_core.environment:checking '/home/kaymarrr/FourTurtleSim_ws/install/turtlesim_plus/bin'
[3.587s] INFO:colcon.colcon_core.shell:Creating package script '/home/kaymarrr/FourTurtleSim_ws/install/turtlesim_plus/share/turtlesim_plus/package.ps1'
[3.588s] INFO:colcon.colcon_core.shell:Creating package descriptor '/home/kaymarrr/FourTurtleSim_ws/install/turtlesim_plus/share/turtlesim_plus/package.dsv'
[3.588s] INFO:colcon.colcon_core.shell:Creating package script '/home/kaymarrr/FourTurtleSim_ws/install/turtlesim_plus/share/turtlesim_plus/package.sh'
[3.588s] INFO:colcon.colcon_core.shell:Creating package script '/home/kaymarrr/FourTurtleSim_ws/install/turtlesim_plus/share/turtlesim_plus/package.bash'
[3.588s] INFO:colcon.colcon_core.shell:Creating package script '/home/kaymarrr/FourTurtleSim_ws/install/turtlesim_plus/share/turtlesim_plus/package.zsh'
[3.589s] Level 1:colcon.colcon_core.environment:create_file_with_runtime_dependencies(/home/kaymarrr/FourTurtleSim_ws/install/turtlesim_plus/share/colcon-core/packages/turtlesim_plus)
[3.591s] DEBUG:colcon.colcon_core.event_handler.log_command:Invoked command in '/home/kaymarrr/FourTurtleSim_ws/build/controller' returned '0': CMAKE_PREFIX_PATH=${CMAKE_PREFIX_PATH}:/opt/ros/humble /usr/bin/cmake --build /home/kaymarrr/FourTurtleSim_ws/build/controller -- -j16 -l16
[3.613s] DEBUG:colcon.colcon_core.event_handler.log_command:Invoking command in '/home/kaymarrr/FourTurtleSim_ws/build/controller': CMAKE_PREFIX_PATH=${CMAKE_PREFIX_PATH}:/opt/ros/humble /usr/bin/cmake --install /home/kaymarrr/FourTurtleSim_ws/build/controller
[3.661s] Level 1:colcon.colcon_core.environment:create_environment_scripts_only(controller)
[3.662s] DEBUG:colcon.colcon_core.event_handler.log_command:Invoked command in '/home/kaymarrr/FourTurtleSim_ws/build/controller' returned '0': CMAKE_PREFIX_PATH=${CMAKE_PREFIX_PATH}:/opt/ros/humble /usr/bin/cmake --install /home/kaymarrr/FourTurtleSim_ws/build/controller
[3.686s] Level 1:colcon.colcon_core.environment:checking '/home/kaymarrr/FourTurtleSim_ws/install/controller' for CMake module files
[3.686s] Level 1:colcon.colcon_core.environment:checking '/home/kaymarrr/FourTurtleSim_ws/install/controller' for CMake config files
[3.686s] Level 1:colcon.colcon_core.shell:create_environment_hook('controller', 'cmake_prefix_path')
[3.699s] INFO:colcon.colcon_core.shell:Creating environment hook '/home/kaymarrr/FourTurtleSim_ws/install/controller/share/controller/hook/cmake_prefix_path.ps1'
[3.700s] INFO:colcon.colcon_core.shell:Creating environment descriptor '/home/kaymarrr/FourTurtleSim_ws/install/controller/share/controller/hook/cmake_prefix_path.dsv'
[3.700s] INFO:colcon.colcon_core.shell:Creating environment hook '/home/kaymarrr/FourTurtleSim_ws/install/controller/share/controller/hook/cmake_prefix_path.sh'
[3.701s] Level 1:colcon.colcon_core.environment:checking '/home/kaymarrr/FourTurtleSim_ws/install/controller/lib'
[3.701s] Level 1:colcon.colcon_core.environment:checking '/home/kaymarrr/FourTurtleSim_ws/install/controller/bin'
[3.701s] Level 1:colcon.colcon_core.environment:checking '/home/kaymarrr/FourTurtleSim_ws/install/controller/lib/pkgconfig/controller.pc'
[3.701s] Level 1:colcon.colcon_core.environment:checking '/home/kaymarrr/FourTurtleSim_ws/install/controller/lib/python3.10/site-packages'
[3.701s] Level 1:colcon.colcon_core.environment:checking '/home/kaymarrr/FourTurtleSim_ws/install/controller/bin'
[3.714s] INFO:colcon.colcon_core.shell:Creating package script '/home/kaymarrr/FourTurtleSim_ws/install/controller/share/controller/package.ps1'
[3.715s] INFO:colcon.colcon_core.shell:Creating package descriptor '/home/kaymarrr/FourTurtleSim_ws/install/controller/share/controller/package.dsv'
[3.715s] INFO:colcon.colcon_core.shell:Creating package script '/home/kaymarrr/FourTurtleSim_ws/install/controller/share/controller/package.sh'
[3.715s] INFO:colcon.colcon_core.shell:Creating package script '/home/kaymarrr/FourTurtleSim_ws/install/controller/share/controller/package.bash'
[3.716s] INFO:colcon.colcon_core.shell:Creating package script '/home/kaymarrr/FourTurtleSim_ws/install/controller/share/controller/package.zsh'
[3.716s] Level 1:colcon.colcon_core.environment:create_file_with_runtime_dependencies(/home/kaymarrr/FourTurtleSim_ws/install/controller/share/colcon-core/packages/controller)
[3.750s] Level 1:colcon.colcon_core.environment:create_environment_scripts_only(controller)
[3.764s] Level 1:colcon.colcon_core.environment:checking '/home/kaymarrr/FourTurtleSim_ws/install/controller' for CMake module files
[3.764s] Level 1:colcon.colcon_core.environment:checking '/home/kaymarrr/FourTurtleSim_ws/install/controller' for CMake config files
[3.764s] Level 1:colcon.colcon_core.shell:create_environment_hook('controller', 'cmake_prefix_path')
[3.778s] INFO:colcon.colcon_core.shell:Creating environment hook '/home/kaymarrr/FourTurtleSim_ws/install/controller/share/controller/hook/cmake_prefix_path.ps1'
[3.778s] INFO:colcon.colcon_core.shell:Creating environment descriptor '/home/kaymarrr/FourTurtleSim_ws/install/controller/share/controller/hook/cmake_prefix_path.dsv'
[3.778s] INFO:colcon.colcon_core.shell:Creating environment hook '/home/kaymarrr/FourTurtleSim_ws/install/controller/share/controller/hook/cmake_prefix_path.sh'
[3.779s] Level 1:colcon.colcon_core.environment:checking '/home/kaymarrr/FourTurtleSim_ws/install/controller/lib'
[3.779s] Level 1:colcon.colcon_core.environment:checking '/home/kaymarrr/FourTurtleSim_ws/install/controller/bin'
[3.779s] Level 1:colcon.colcon_core.environment:checking '/home/kaymarrr/FourTurtleSim_ws/install/controller/lib/pkgconfig/controller.pc'
[3.779s] Level 1:colcon.colcon_core.environment:checking '/home/kaymarrr/FourTurtleSim_ws/install/controller/lib/python3.10/site-packages'
[3.779s] Level 1:colcon.colcon_core.environment:checking '/home/kaymarrr/FourTurtleSim_ws/install/controller/bin'
[3.794s] INFO:colcon.colcon_core.shell:Creating package script '/home/kaymarrr/FourTurtleSim_ws/install/controller/share/controller/package.ps1'
[3.794s] INFO:colcon.colcon_core.shell:Creating package descriptor '/home/kaymarrr/FourTurtleSim_ws/install/controller/share/controller/package.dsv'
[3.795s] INFO:colcon.colcon_core.shell:Creating package script '/home/kaymarrr/FourTurtleSim_ws/install/controller/share/controller/package.sh'
[3.795s] INFO:colcon.colcon_core.shell:Creating package script '/home/kaymarrr/FourTurtleSim_ws/install/controller/share/controller/package.bash'
[3.795s] INFO:colcon.colcon_core.shell:Creating package script '/home/kaymarrr/FourTurtleSim_ws/install/controller/share/controller/package.zsh'
[3.795s] Level 1:colcon.colcon_core.environment:create_file_with_runtime_dependencies(/home/kaymarrr/FourTurtleSim_ws/install/controller/share/colcon-core/packages/controller)
[6.219s] DEBUG:colcon.colcon_core.event_handler.log_command:Invoked command in '/home/kaymarrr/FourTurtleSim_ws/build/controller_interfaces' returned '0': CMAKE_PREFIX_PATH=${CMAKE_PREFIX_PATH}:/opt/ros/humble /usr/bin/cmake --build /home/kaymarrr/FourTurtleSim_ws/build/controller_interfaces -- -j16 -l16
[6.262s] DEBUG:colcon.colcon_core.event_handler.log_command:Invoking command in '/home/kaymarrr/FourTurtleSim_ws/build/controller_interfaces': CMAKE_PREFIX_PATH=${CMAKE_PREFIX_PATH}:/opt/ros/humble /usr/bin/cmake --install /home/kaymarrr/FourTurtleSim_ws/build/controller_interfaces
[6.310s] Level 1:colcon.colcon_core.environment:create_environment_scripts_only(controller_interfaces)
[6.311s] DEBUG:colcon.colcon_core.event_handler.log_command:Invoked command in '/home/kaymarrr/FourTurtleSim_ws/build/controller_interfaces' returned '0': CMAKE_PREFIX_PATH=${CMAKE_PREFIX_PATH}:/opt/ros/humble /usr/bin/cmake --install /home/kaymarrr/FourTurtleSim_ws/build/controller_interfaces
[6.321s] Level 1:colcon.colcon_core.environment:checking '/home/kaymarrr/FourTurtleSim_ws/install/controller_interfaces' for CMake module files
[6.321s] Level 1:colcon.colcon_core.environment:checking '/home/kaymarrr/FourTurtleSim_ws/install/controller_interfaces' for CMake config files
[6.321s] Level 1:colcon.colcon_core.shell:create_environment_hook('controller_interfaces', 'cmake_prefix_path')
[6.338s] INFO:colcon.colcon_core.shell:Creating environment hook '/home/kaymarrr/FourTurtleSim_ws/install/controller_interfaces/share/controller_interfaces/hook/cmake_prefix_path.ps1'
[6.338s] INFO:colcon.colcon_core.shell:Creating environment descriptor '/home/kaymarrr/FourTurtleSim_ws/install/controller_interfaces/share/controller_interfaces/hook/cmake_prefix_path.dsv'
[6.338s] INFO:colcon.colcon_core.shell:Creating environment hook '/home/kaymarrr/FourTurtleSim_ws/install/controller_interfaces/share/controller_interfaces/hook/cmake_prefix_path.sh'
[6.339s] Level 1:colcon.colcon_core.environment:checking '/home/kaymarrr/FourTurtleSim_ws/install/controller_interfaces/lib'
[6.339s] Level 1:colcon.colcon_core.shell:create_environment_hook('controller_interfaces', 'ld_library_path_lib')
[6.351s] INFO:colcon.colcon_core.shell:Creating environment hook '/home/kaymarrr/FourTurtleSim_ws/install/controller_interfaces/share/controller_interfaces/hook/ld_library_path_lib.ps1'
[6.351s] INFO:colcon.colcon_core.shell:Creating environment descriptor '/home/kaymarrr/FourTurtleSim_ws/install/controller_interfaces/share/controller_interfaces/hook/ld_library_path_lib.dsv'
[6.352s] INFO:colcon.colcon_core.shell:Creating environment hook '/home/kaymarrr/FourTurtleSim_ws/install/controller_interfaces/share/controller_interfaces/hook/ld_library_path_lib.sh'
[6.352s] Level 1:colcon.colcon_core.environment:checking '/home/kaymarrr/FourTurtleSim_ws/install/controller_interfaces/bin'
[6.352s] Level 1:colcon.colcon_core.environment:checking '/home/kaymarrr/FourTurtleSim_ws/install/controller_interfaces/lib/pkgconfig/controller_interfaces.pc'
[6.352s] Level 1:colcon.colcon_core.environment:checking '/home/kaymarrr/FourTurtleSim_ws/install/controller_interfaces/lib/python3.10/site-packages'
[6.352s] Level 1:colcon.colcon_core.environment:checking '/home/kaymarrr/FourTurtleSim_ws/install/controller_interfaces/bin'
[6.362s] INFO:colcon.colcon_core.shell:Creating package script '/home/kaymarrr/FourTurtleSim_ws/install/controller_interfaces/share/controller_interfaces/package.ps1'
[6.362s] INFO:colcon.colcon_core.shell:Creating package descriptor '/home/kaymarrr/FourTurtleSim_ws/install/controller_interfaces/share/controller_interfaces/package.dsv'
[6.363s] INFO:colcon.colcon_core.shell:Creating package script '/home/kaymarrr/FourTurtleSim_ws/install/controller_interfaces/share/controller_interfaces/package.sh'
[6.363s] INFO:colcon.colcon_core.shell:Creating package script '/home/kaymarrr/FourTurtleSim_ws/install/controller_interfaces/share/controller_interfaces/package.bash'
[6.363s] INFO:colcon.colcon_core.shell:Creating package script '/home/kaymarrr/FourTurtleSim_ws/install/controller_interfaces/share/controller_interfaces/package.zsh'
[6.363s] Level 1:colcon.colcon_core.environment:create_file_with_runtime_dependencies(/home/kaymarrr/FourTurtleSim_ws/install/controller_interfaces/share/colcon-core/packages/controller_interfaces)
[6.419s] Level 1:colcon.colcon_core.environment:create_environment_scripts_only(controller_interfaces)
[6.429s] Level 1:colcon.colcon_core.environment:checking '/home/kaymarrr/FourTurtleSim_ws/install/controller_interfaces' for CMake module files
[6.430s] Level 1:colcon.colcon_core.environment:checking '/home/kaymarrr/FourTurtleSim_ws/install/controller_interfaces' for CMake config files
[6.430s] Level 1:colcon.colcon_core.shell:create_environment_hook('controller_interfaces', 'cmake_prefix_path')
[6.440s] INFO:colcon.colcon_core.shell:Creating environment hook '/home/kaymarrr/FourTurtleSim_ws/install/controller_interfaces/share/controller_interfaces/hook/cmake_prefix_path.ps1'
[6.440s] INFO:colcon.colcon_core.shell:Creating environment descriptor '/home/kaymarrr/FourTurtleSim_ws/install/controller_interfaces/share/controller_interfaces/hook/cmake_prefix_path.dsv'
[6.440s] INFO:colcon.colcon_core.shell:Creating environment hook '/home/kaymarrr/FourTurtleSim_ws/install/controller_interfaces/share/controller_interfaces/hook/cmake_prefix_path.sh'
[6.440s] Level 1:colcon.colcon_core.environment:checking '/home/kaymarrr/FourTurtleSim_ws/install/controller_interfaces/lib'
[6.440s] Level 1:colcon.colcon_core.shell:create_environment_hook('controller_interfaces', 'ld_library_path_lib')
[6.450s] INFO:colcon.colcon_core.shell:Creating environment hook '/home/kaymarrr/FourTurtleSim_ws/install/controller_interfaces/share/controller_interfaces/hook/ld_library_path_lib.ps1'
[6.450s] INFO:colcon.colcon_core.shell:Creating environment descriptor '/home/kaymarrr/FourTurtleSim_ws/install/controller_interfaces/share/controller_interfaces/hook/ld_library_path_lib.dsv'
[6.450s] INFO:colcon.colcon_core.shell:Creating environment hook '/home/kaymarrr/FourTurtleSim_ws/install/controller_interfaces/share/controller_interfaces/hook/ld_library_path_lib.sh'
[6.451s] Level 1:colcon.colcon_core.environment:checking '/home/kaymarrr/FourTurtleSim_ws/install/controller_interfaces/bin'
[6.451s] Level 1:colcon.colcon_core.environment:checking '/home/kaymarrr/FourTurtleSim_ws/install/controller_interfaces/lib/pkgconfig/controller_interfaces.pc'
[6.451s] Level 1:colcon.colcon_core.environment:checking '/home/kaymarrr/FourTurtleSim_ws/install/controller_interfaces/lib/python3.10/site-packages'
[6.451s] Level 1:colcon.colcon_core.environment:checking '/home/kaymarrr/FourTurtleSim_ws/install/controller_interfaces/bin'
[6.460s] INFO:colcon.colcon_core.shell:Creating package script '/home/kaymarrr/FourTurtleSim_ws/install/controller_interfaces/share/controller_interfaces/package.ps1'
[6.461s] INFO:colcon.colcon_core.shell:Creating package descriptor '/home/kaymarrr/FourTurtleSim_ws/install/controller_interfaces/share/controller_interfaces/package.dsv'
[6.461s] INFO:colcon.colcon_core.shell:Creating package script '/home/kaymarrr/FourTurtleSim_ws/install/controller_interfaces/share/controller_interfaces/package.sh'
[6.461s] INFO:colcon.colcon_core.shell:Creating package script '/home/kaymarrr/FourTurtleSim_ws/install/controller_interfaces/share/controller_interfaces/package.bash'
[6.461s] INFO:colcon.colcon_core.shell:Creating package script '/home/kaymarrr/FourTurtleSim_ws/install/controller_interfaces/share/controller_interfaces/package.zsh'
[6.462s] Level 1:colcon.colcon_core.environment:create_file_with_runtime_dependencies(/home/kaymarrr/FourTurtleSim_ws/install/controller_interfaces/share/colcon-core/packages/controller_interfaces)
[6.844s] DEBUG:colcon.colcon_core.event_handler.log_command:Invoked command in '/home/kaymarrr/FourTurtleSim_ws/build/turtlesim_plus_interfaces' returned '0': CMAKE_PREFIX_PATH=${CMAKE_PREFIX_PATH}:/opt/ros/humble /usr/bin/cmake --build /home/kaymarrr/FourTurtleSim_ws/build/turtlesim_plus_interfaces -- -j16 -l16
[6.902s] DEBUG:colcon.colcon_core.event_handler.log_command:Invoking command in '/home/kaymarrr/FourTurtleSim_ws/build/turtlesim_plus_interfaces': CMAKE_PREFIX_PATH=${CMAKE_PREFIX_PATH}:/opt/ros/humble /usr/bin/cmake --install /home/kaymarrr/FourTurtleSim_ws/build/turtlesim_plus_interfaces
[6.952s] Level 1:colcon.colcon_core.environment:create_environment_scripts_only(turtlesim_plus_interfaces)
[6.952s] DEBUG:colcon.colcon_core.event_handler.log_command:Invoked command in '/home/kaymarrr/FourTurtleSim_ws/build/turtlesim_plus_interfaces' returned '0': CMAKE_PREFIX_PATH=${CMAKE_PREFIX_PATH}:/opt/ros/humble /usr/bin/cmake --install /home/kaymarrr/FourTurtleSim_ws/build/turtlesim_plus_interfaces
[6.970s] Level 1:colcon.colcon_core.environment:checking '/home/kaymarrr/FourTurtleSim_ws/install/turtlesim_plus_interfaces' for CMake module files
[6.971s] Level 1:colcon.colcon_core.environment:checking '/home/kaymarrr/FourTurtleSim_ws/install/turtlesim_plus_interfaces' for CMake config files
[6.971s] Level 1:colcon.colcon_core.shell:create_environment_hook('turtlesim_plus_interfaces', 'cmake_prefix_path')
[6.989s] INFO:colcon.colcon_core.shell:Creating environment hook '/home/kaymarrr/FourTurtleSim_ws/install/turtlesim_plus_interfaces/share/turtlesim_plus_interfaces/hook/cmake_prefix_path.ps1'
[6.989s] INFO:colcon.colcon_core.shell:Creating environment descriptor '/home/kaymarrr/FourTurtleSim_ws/install/turtlesim_plus_interfaces/share/turtlesim_plus_interfaces/hook/cmake_prefix_path.dsv'
[6.990s] INFO:colcon.colcon_core.shell:Creating environment hook '/home/kaymarrr/FourTurtleSim_ws/install/turtlesim_plus_interfaces/share/turtlesim_plus_interfaces/hook/cmake_prefix_path.sh'
[6.990s] Level 1:colcon.colcon_core.environment:checking '/home/kaymarrr/FourTurtleSim_ws/install/turtlesim_plus_interfaces/lib'
[6.990s] Level 1:colcon.colcon_core.shell:create_environment_hook('turtlesim_plus_interfaces', 'ld_library_path_lib')
[7.003s] INFO:colcon.colcon_core.shell:Creating environment hook '/home/kaymarrr/FourTurtleSim_ws/install/turtlesim_plus_interfaces/share/turtlesim_plus_interfaces/hook/ld_library_path_lib.ps1'
[7.003s] INFO:colcon.colcon_core.shell:Creating environment descriptor '/home/kaymarrr/FourTurtleSim_ws/install/turtlesim_plus_interfaces/share/turtlesim_plus_interfaces/hook/ld_library_path_lib.dsv'
[7.003s] INFO:colcon.colcon_core.shell:Creating environment hook '/home/kaymarrr/FourTurtleSim_ws/install/turtlesim_plus_interfaces/share/turtlesim_plus_interfaces/hook/ld_library_path_lib.sh'
[7.004s] Level 1:colcon.colcon_core.environment:checking '/home/kaymarrr/FourTurtleSim_ws/install/turtlesim_plus_interfaces/bin'
[7.004s] Level 1:colcon.colcon_core.environment:checking '/home/kaymarrr/FourTurtleSim_ws/install/turtlesim_plus_interfaces/lib/pkgconfig/turtlesim_plus_interfaces.pc'
[7.004s] Level 1:colcon.colcon_core.environment:checking '/home/kaymarrr/FourTurtleSim_ws/install/turtlesim_plus_interfaces/lib/python3.10/site-packages'
[7.004s] Level 1:colcon.colcon_core.environment:checking '/home/kaymarrr/FourTurtleSim_ws/install/turtlesim_plus_interfaces/bin'
[7.012s] INFO:colcon.colcon_core.shell:Creating package script '/home/kaymarrr/FourTurtleSim_ws/install/turtlesim_plus_interfaces/share/turtlesim_plus_interfaces/package.ps1'
[7.012s] INFO:colcon.colcon_core.shell:Creating package descriptor '/home/kaymarrr/FourTurtleSim_ws/install/turtlesim_plus_interfaces/share/turtlesim_plus_interfaces/package.dsv'
[7.013s] INFO:colcon.colcon_core.shell:Creating package script '/home/kaymarrr/FourTurtleSim_ws/install/turtlesim_plus_interfaces/share/turtlesim_plus_interfaces/package.sh'
[7.013s] INFO:colcon.colcon_core.shell:Creating package script '/home/kaymarrr/FourTurtleSim_ws/install/turtlesim_plus_interfaces/share/turtlesim_plus_interfaces/package.bash'
[7.013s] INFO:colcon.colcon_core.shell:Creating package script '/home/kaymarrr/FourTurtleSim_ws/install/turtlesim_plus_interfaces/share/turtlesim_plus_interfaces/package.zsh'
[7.013s] Level 1:colcon.colcon_core.environment:create_file_with_runtime_dependencies(/home/kaymarrr/FourTurtleSim_ws/install/turtlesim_plus_interfaces/share/colcon-core/packages/turtlesim_plus_interfaces)
[7.080s] Level 1:colcon.colcon_core.environment:create_environment_scripts_only(turtlesim_plus_interfaces)
[7.089s] Level 1:colcon.colcon_core.environment:checking '/home/kaymarrr/FourTurtleSim_ws/install/turtlesim_plus_interfaces' for CMake module files
[7.089s] Level 1:colcon.colcon_core.environment:checking '/home/kaymarrr/FourTurtleSim_ws/install/turtlesim_plus_interfaces' for CMake config files
[7.090s] Level 1:colcon.colcon_core.shell:create_environment_hook('turtlesim_plus_interfaces', 'cmake_prefix_path')
[7.098s] INFO:colcon.colcon_core.shell:Creating environment hook '/home/kaymarrr/FourTurtleSim_ws/install/turtlesim_plus_interfaces/share/turtlesim_plus_interfaces/hook/cmake_prefix_path.ps1'
[7.098s] INFO:colcon.colcon_core.shell:Creating environment descriptor '/home/kaymarrr/FourTurtleSim_ws/install/turtlesim_plus_interfaces/share/turtlesim_plus_interfaces/hook/cmake_prefix_path.dsv'
[7.098s] INFO:colcon.colcon_core.shell:Creating environment hook '/home/kaymarrr/FourTurtleSim_ws/install/turtlesim_plus_interfaces/share/turtlesim_plus_interfaces/hook/cmake_prefix_path.sh'
[7.099s] Level 1:colcon.colcon_core.environment:checking '/home/kaymarrr/FourTurtleSim_ws/install/turtlesim_plus_interfaces/lib'
[7.099s] Level 1:colcon.colcon_core.shell:create_environment_hook('turtlesim_plus_interfaces', 'ld_library_path_lib')
[7.107s] INFO:colcon.colcon_core.shell:Creating environment hook '/home/kaymarrr/FourTurtleSim_ws/install/turtlesim_plus_interfaces/share/turtlesim_plus_interfaces/hook/ld_library_path_lib.ps1'
[7.107s] INFO:colcon.colcon_core.shell:Creating environment descriptor '/home/kaymarrr/FourTurtleSim_ws/install/turtlesim_plus_interfaces/share/turtlesim_plus_interfaces/hook/ld_library_path_lib.dsv'
[7.108s] INFO:colcon.colcon_core.shell:Creating environment hook '/home/kaymarrr/FourTurtleSim_ws/install/turtlesim_plus_interfaces/share/turtlesim_plus_interfaces/hook/ld_library_path_lib.sh'
[7.108s] Level 1:colcon.colcon_core.environment:checking '/home/kaymarrr/FourTurtleSim_ws/install/turtlesim_plus_interfaces/bin'
[7.108s] Level 1:colcon.colcon_core.environment:checking '/home/kaymarrr/FourTurtleSim_ws/install/turtlesim_plus_interfaces/lib/pkgconfig/turtlesim_plus_interfaces.pc'
[7.108s] Level 1:colcon.colcon_core.environment:checking '/home/kaymarrr/FourTurtleSim_ws/install/turtlesim_plus_interfaces/lib/python3.10/site-packages'
[7.108s] Level 1:colcon.colcon_core.environment:checking '/home/kaymarrr/FourTurtleSim_ws/install/turtlesim_plus_interfaces/bin'
[7.116s] INFO:colcon.colcon_core.shell:Creating package script '/home/kaymarrr/FourTurtleSim_ws/install/turtlesim_plus_interfaces/share/turtlesim_plus_interfaces/package.ps1'
[7.117s] INFO:colcon.colcon_core.shell:Creating package descriptor '/home/kaymarrr/FourTurtleSim_ws/install/turtlesim_plus_interfaces/share/turtlesim_plus_interfaces/package.dsv'
[7.117s] INFO:colcon.colcon_core.shell:Creating package script '/home/kaymarrr/FourTurtleSim_ws/install/turtlesim_plus_interfaces/share/turtlesim_plus_interfaces/package.sh'
[7.117s] INFO:colcon.colcon_core.shell:Creating package script '/home/kaymarrr/FourTurtleSim_ws/install/turtlesim_plus_interfaces/share/turtlesim_plus_interfaces/package.bash'
[7.117s] INFO:colcon.colcon_core.shell:Creating package script '/home/kaymarrr/FourTurtleSim_ws/install/turtlesim_plus_interfaces/share/turtlesim_plus_interfaces/package.zsh'
[7.118s] Level 1:colcon.colcon_core.environment:create_file_with_runtime_dependencies(/home/kaymarrr/FourTurtleSim_ws/install/turtlesim_plus_interfaces/share/colcon-core/packages/turtlesim_plus_interfaces)
[7.118s] DEBUG:colcon.colcon_parallel_executor.executor.parallel:closing loop
[7.118s] DEBUG:colcon.colcon_parallel_executor.executor.parallel:loop closed
[7.118s] DEBUG:colcon.colcon_parallel_executor.executor.parallel:run_until_complete finished with '0'
[7.118s] DEBUG:colcon.colcon_core.event_reactor:joining thread
[7.141s] INFO:colcon.colcon_core.plugin_system:Skipping extension 'colcon_notification.desktop_notification.terminal_notifier': Not used on non-Darwin systems
[7.141s] INFO:colcon.colcon_core.plugin_system:Skipping extension 'colcon_notification.desktop_notification.win32': Not used on non-Windows systems
[7.141s] INFO:colcon.colcon_notification.desktop_notification:Sending desktop notification using 'notify2'
[7.156s] DEBUG:colcon.colcon_core.event_reactor:joined thread
[7.166s] INFO:colcon.colcon_core.shell:Creating prefix script '/home/kaymarrr/FourTurtleSim_ws/install/local_setup.ps1'
[7.167s] INFO:colcon.colcon_core.shell:Creating prefix util module '/home/kaymarrr/FourTurtleSim_ws/install/_local_setup_util_ps1.py'
[7.168s] INFO:colcon.colcon_core.shell:Creating prefix chain script '/home/kaymarrr/FourTurtleSim_ws/install/setup.ps1'
[7.179s] INFO:colcon.colcon_core.shell:Creating prefix script '/home/kaymarrr/FourTurtleSim_ws/install/local_setup.sh'
[7.179s] INFO:colcon.colcon_core.shell:Creating prefix util module '/home/kaymarrr/FourTurtleSim_ws/install/_local_setup_util_sh.py'
[7.179s] INFO:colcon.colcon_core.shell:Creating prefix chain script '/home/kaymarrr/FourTurtleSim_ws/install/setup.sh'
[7.189s] INFO:colcon.colcon_core.shell:Creating prefix script '/home/kaymarrr/FourTurtleSim_ws/install/local_setup.bash'
[7.189s] INFO:colcon.colcon_core.shell:Creating prefix chain script '/home/kaymarrr/FourTurtleSim_ws/install/setup.bash'
[7.199s] INFO:colcon.colcon_core.shell:Creating prefix script '/home/kaymarrr/FourTurtleSim_ws/install/local_setup.zsh'
[7.200s] INFO:colcon.colcon_core.shell:Creating prefix chain script '/home/kaymarrr/FourTurtleSim_ws/install/setup.zsh'
