-- The C compiler identification is GNU 11.4.0
-- The CXX compiler identification is GNU 11.4.0
-- Detecting C compiler ABI info
-- Detecting C compiler ABI info - done
-- Check for working C compiler: /usr/bin/cc - skipped
-- Detecting C compile features
-- Detecting C compile features - done
-- Detecting CXX compiler ABI info
-- Detecting CXX compiler ABI info - done
-- Check for working CXX compiler: /usr/bin/c++ - skipped
-- Detecting CXX compile features
-- Detecting CXX compile features - done
-- Found ament_cmake: 1.3.5 (/opt/ros/humble/share/ament_cmake/cmake)
-- Found Python3: /usr/bin/python3.10 (found version "3.10.12") found components: Interpreter 
-- Found rclcpp: 16.0.6 (/opt/ros/humble/share/rclcpp/cmake)
-- Found rosidl_generator_c: 3.1.5 (/opt/ros/humble/share/rosidl_generator_c/cmake)
-- Found rosidl_adapter: 3.1.5 (/opt/ros/humble/share/rosidl_adapter/cmake)
-- Found rosidl_generator_cpp: 3.1.5 (/opt/ros/humble/share/rosidl_generator_cpp/cmake)
-- Using all available rosidl_typesupport_c: rosidl_typesupport_fastrtps_c;rosidl_typesupport_introspection_c
-- Using all available rosidl_typesupport_cpp: rosidl_typesupport_fastrtps_cpp;rosidl_typesupport_introspection_cpp
-- Found rmw_implementation_cmake: 6.1.1 (/opt/ros/humble/share/rmw_implementation_cmake/cmake)
-- Found rmw_fastrtps_cpp: 6.2.4 (/opt/ros/humble/share/rmw_fastrtps_cpp/cmake)
-- Found OpenSSL: /usr/lib/x86_64-linux-gnu/libcrypto.so (found version "3.0.2")  
-- Found FastRTPS: /opt/ros/humble/include  
-- Using RMW implementation 'rmw_fastrtps_cpp' as default
-- Looking for pthread.h
-- Looking for pthread.h - found
-- Performing Test CMAKE_HAVE_LIBC_PTHREAD
-- Performing Test CMAKE_HAVE_LIBC_PTHREAD - Success
-- Found Threads: TRUE  
-- Found rclpy: 3.3.10 (/opt/ros/humble/share/rclpy/cmake)
-- Configuring done
-- Generating done
-- Build files have been written to: /home/kaymarrr/FourTurtleSim_ws/build/controller
[ 50%] [32mBuilding CXX object CMakeFiles/cpp_node_test.dir/src/cpp_node.cpp.o[0m
[ 50%] Built target ament_cmake_python_copy_controller
running egg_info
creating controller.egg-info
writing controller.egg-info/PKG-INFO
writing dependency_links to controller.egg-info/dependency_links.txt
writing top-level names to controller.egg-info/top_level.txt
writing manifest file 'controller.egg-info/SOURCES.txt'
reading manifest file 'controller.egg-info/SOURCES.txt'
writing manifest file 'controller.egg-info/SOURCES.txt'
[ 50%] Built target ament_cmake_python_build_controller_egg
[100%] [32m[1mLinking CXX executable cpp_node_test[0m
[100%] Built target cpp_node_test
-- Install configuration: ""
-- Installing: /home/kaymarrr/FourTurtleSim_ws/install/controller/share/controller/environment/pythonpath.sh
-- Installing: /home/kaymarrr/FourTurtleSim_ws/install/controller/share/controller/environment/pythonpath.dsv
-- Installing: /home/kaymarrr/FourTurtleSim_ws/install/controller/local/lib/python3.10/dist-packages/controller-0.0.0-py3.10.egg-info
-- Installing: /home/kaymarrr/FourTurtleSim_ws/install/controller/local/lib/python3.10/dist-packages/controller-0.0.0-py3.10.egg-info/top_level.txt
-- Installing: /home/kaymarrr/FourTurtleSim_ws/install/controller/local/lib/python3.10/dist-packages/controller-0.0.0-py3.10.egg-info/PKG-INFO
-- Installing: /home/kaymarrr/FourTurtleSim_ws/install/controller/local/lib/python3.10/dist-packages/controller-0.0.0-py3.10.egg-info/dependency_links.txt
-- Installing: /home/kaymarrr/FourTurtleSim_ws/install/controller/local/lib/python3.10/dist-packages/controller-0.0.0-py3.10.egg-info/SOURCES.txt
-- Installing: /home/kaymarrr/FourTurtleSim_ws/install/controller/local/lib/python3.10/dist-packages/controller
-- Installing: /home/kaymarrr/FourTurtleSim_ws/install/controller/local/lib/python3.10/dist-packages/controller/__init__.py
-- Installing: /home/kaymarrr/FourTurtleSim_ws/install/controller/local/lib/python3.10/dist-packages/controller/dummy_module.py
Listing '/home/kaymarrr/FourTurtleSim_ws/install/controller/local/lib/python3.10/dist-packages/controller'...
Compiling '/home/kaymarrr/FourTurtleSim_ws/install/controller/local/lib/python3.10/dist-packages/controller/__init__.py'...
Compiling '/home/kaymarrr/FourTurtleSim_ws/install/controller/local/lib/python3.10/dist-packages/controller/dummy_module.py'...
-- Installing: /home/kaymarrr/FourTurtleSim_ws/install/controller/lib/controller/controller.py
-- Installing: /home/kaymarrr/FourTurtleSim_ws/install/controller/lib/controller/scheduler.py
-- Installing: /home/kaymarrr/FourTurtleSim_ws/install/controller/lib/controller/cpp_node_test
-- Set runtime path of "/home/kaymarrr/FourTurtleSim_ws/install/controller/lib/controller/cpp_node_test" to ""
-- Installing: /home/kaymarrr/FourTurtleSim_ws/install/controller/share/controller/via_point
-- Installing: /home/kaymarrr/FourTurtleSim_ws/install/controller/share/controller/via_point/via_point.yaml
-- Installing: /home/kaymarrr/FourTurtleSim_ws/install/controller/share/controller/config
-- Installing: /home/kaymarrr/FourTurtleSim_ws/install/controller/share/controller/config/eater_config.yaml
-- Installing: /home/kaymarrr/FourTurtleSim_ws/install/controller/share/controller/config/controller_config.yaml
-- Installing: /home/kaymarrr/FourTurtleSim_ws/install/controller/share/controller/config/spawner_config.yaml
-- Installing: /home/kaymarrr/FourTurtleSim_ws/install/controller/share/controller/launch
-- Installing: /home/kaymarrr/FourTurtleSim_ws/install/controller/share/controller/launch/via_point_follower.launch.py
-- Installing: /home/kaymarrr/FourTurtleSim_ws/install/controller/share/controller/launch/controller_scheduler.launch.py
-- Installing: /home/kaymarrr/FourTurtleSim_ws/install/controller/share/controller/launch/spawn_turtle.launch.py
-- Installing: /home/kaymarrr/FourTurtleSim_ws/install/controller/share/controller/launch/multiple_turtle.launch.py
-- Installing: /home/kaymarrr/FourTurtleSim_ws/install/controller/share/ament_index/resource_index/package_run_dependencies/controller
-- Installing: /home/kaymarrr/FourTurtleSim_ws/install/controller/share/ament_index/resource_index/parent_prefix_path/controller
-- Installing: /home/kaymarrr/FourTurtleSim_ws/install/controller/share/controller/environment/ament_prefix_path.sh
-- Installing: /home/kaymarrr/FourTurtleSim_ws/install/controller/share/controller/environment/ament_prefix_path.dsv
-- Installing: /home/kaymarrr/FourTurtleSim_ws/install/controller/share/controller/environment/path.sh
-- Installing: /home/kaymarrr/FourTurtleSim_ws/install/controller/share/controller/environment/path.dsv
-- Installing: /home/kaymarrr/FourTurtleSim_ws/install/controller/share/controller/local_setup.bash
-- Installing: /home/kaymarrr/FourTurtleSim_ws/install/controller/share/controller/local_setup.sh
-- Installing: /home/kaymarrr/FourTurtleSim_ws/install/controller/share/controller/local_setup.zsh
-- Installing: /home/kaymarrr/FourTurtleSim_ws/install/controller/share/controller/local_setup.dsv
-- Installing: /home/kaymarrr/FourTurtleSim_ws/install/controller/share/controller/package.dsv
-- Installing: /home/kaymarrr/FourTurtleSim_ws/install/controller/share/ament_index/resource_index/packages/controller
-- Installing: /home/kaymarrr/FourTurtleSim_ws/install/controller/share/controller/cmake/controllerConfig.cmake
-- Installing: /home/kaymarrr/FourTurtleSim_ws/install/controller/share/controller/cmake/controllerConfig-version.cmake
-- Installing: /home/kaymarrr/FourTurtleSim_ws/install/controller/share/controller/package.xml
