[0.404s] Invoking command in '/home/kaymarrr/FourTurtleSim_ws/build/controller': CMAKE_PREFIX_PATH=${CMAKE_PREFIX_PATH}:/opt/ros/humble /usr/bin/cmake /home/kaymarrr/FourTurtleSim_ws/src/controller -DCMAKE_INSTALL_PREFIX=/home/kaymarrr/FourTurtleSim_ws/install/controller
[0.503s] -- The C compiler identification is GNU 11.4.0
[0.568s] -- The CXX compiler identification is GNU 11.4.0
[0.577s] -- Detecting C compiler ABI info
[0.625s] -- Detecting C compiler ABI info - done
[0.632s] -- Check for working C compiler: /usr/bin/cc - skipped
[0.633s] -- Detecting C compile features
[0.633s] -- Detecting C compile features - done
[0.636s] -- Detecting CXX compiler ABI info
[0.691s] -- Detecting CXX compiler ABI info - done
[0.697s] -- Check for working CXX compiler: /usr/bin/c++ - skipped
[0.697s] -- Detecting CXX compile features
[0.698s] -- Detecting CXX compile features - done
[0.704s] -- Found ament_cmake: 1.3.5 (/opt/ros/humble/share/ament_cmake/cmake)
[0.861s] -- Found Python3: /usr/bin/python3.10 (found version "3.10.12") found components: Interpreter 
[0.958s] -- Found rclcpp: 16.0.6 (/opt/ros/humble/share/rclcpp/cmake)
[1.011s] -- Found rosidl_generator_c: 3.1.5 (/opt/ros/humble/share/rosidl_generator_c/cmake)
[1.017s] -- Found rosidl_adapter: 3.1.5 (/opt/ros/humble/share/rosidl_adapter/cmake)
[1.027s] -- Found rosidl_generator_cpp: 3.1.5 (/opt/ros/humble/share/rosidl_generator_cpp/cmake)
[1.042s] -- Using all available rosidl_typesupport_c: rosidl_typesupport_fastrtps_c;rosidl_typesupport_introspection_c
[1.068s] -- Using all available rosidl_typesupport_cpp: rosidl_typesupport_fastrtps_cpp;rosidl_typesupport_introspection_cpp
[1.192s] -- Found rmw_implementation_cmake: 6.1.1 (/opt/ros/humble/share/rmw_implementation_cmake/cmake)
[1.198s] -- Found rmw_fastrtps_cpp: 6.2.4 (/opt/ros/humble/share/rmw_fastrtps_cpp/cmake)
[1.295s] -- Found OpenSSL: /usr/lib/x86_64-linux-gnu/libcrypto.so (found version "3.0.2")  
[1.322s] -- Found FastRTPS: /opt/ros/humble/include  
[1.384s] -- Using RMW implementation 'rmw_fastrtps_cpp' as default
[1.394s] -- Looking for pthread.h
[1.443s] -- Looking for pthread.h - found
[1.444s] -- Performing Test CMAKE_HAVE_LIBC_PTHREAD
[1.492s] -- Performing Test CMAKE_HAVE_LIBC_PTHREAD - Success
[1.493s] -- Found Threads: TRUE  
[1.655s] -- Found rclpy: 3.3.10 (/opt/ros/humble/share/rclpy/cmake)
[1.797s] -- Configuring done
[1.809s] -- Generating done
[1.811s] -- Build files have been written to: /home/kaymarrr/FourTurtleSim_ws/build/controller
[1.820s] Invoked command in '/home/kaymarrr/FourTurtleSim_ws/build/controller' returned '0': CMAKE_PREFIX_PATH=${CMAKE_PREFIX_PATH}:/opt/ros/humble /usr/bin/cmake /home/kaymarrr/FourTurtleSim_ws/src/controller -DCMAKE_INSTALL_PREFIX=/home/kaymarrr/FourTurtleSim_ws/install/controller
[1.821s] Invoking command in '/home/kaymarrr/FourTurtleSim_ws/build/controller': CMAKE_PREFIX_PATH=${CMAKE_PREFIX_PATH}:/opt/ros/humble /usr/bin/cmake --build /home/kaymarrr/FourTurtleSim_ws/build/controller -- -j16 -l16
[1.850s] [ 50%] [32mBuilding CXX object CMakeFiles/cpp_node_test.dir/src/cpp_node.cpp.o[0m
[1.855s] [ 50%] Built target ament_cmake_python_copy_controller
[2.081s] running egg_info
[2.081s] creating controller.egg-info
[2.081s] writing controller.egg-info/PKG-INFO
[2.082s] writing dependency_links to controller.egg-info/dependency_links.txt
[2.082s] writing top-level names to controller.egg-info/top_level.txt
[2.082s] writing manifest file 'controller.egg-info/SOURCES.txt'
[2.084s] reading manifest file 'controller.egg-info/SOURCES.txt'
[2.084s] writing manifest file 'controller.egg-info/SOURCES.txt'
[2.108s] [ 50%] Built target ament_cmake_python_build_controller_egg
[2.144s] [100%] [32m[1mLinking CXX executable cpp_node_test[0m
[2.249s] [100%] Built target cpp_node_test
[2.295s] Invoked command in '/home/kaymarrr/FourTurtleSim_ws/build/controller' returned '0': CMAKE_PREFIX_PATH=${CMAKE_PREFIX_PATH}:/opt/ros/humble /usr/bin/cmake --build /home/kaymarrr/FourTurtleSim_ws/build/controller -- -j16 -l16
[2.317s] Invoking command in '/home/kaymarrr/FourTurtleSim_ws/build/controller': CMAKE_PREFIX_PATH=${CMAKE_PREFIX_PATH}:/opt/ros/humble /usr/bin/cmake --install /home/kaymarrr/FourTurtleSim_ws/build/controller
[2.324s] -- Install configuration: ""
[2.324s] -- Installing: /home/kaymarrr/FourTurtleSim_ws/install/controller/share/controller/environment/pythonpath.sh
[2.325s] -- Installing: /home/kaymarrr/FourTurtleSim_ws/install/controller/share/controller/environment/pythonpath.dsv
[2.325s] -- Installing: /home/kaymarrr/FourTurtleSim_ws/install/controller/local/lib/python3.10/dist-packages/controller-0.0.0-py3.10.egg-info
[2.325s] -- Installing: /home/kaymarrr/FourTurtleSim_ws/install/controller/local/lib/python3.10/dist-packages/controller-0.0.0-py3.10.egg-info/top_level.txt
[2.325s] -- Installing: /home/kaymarrr/FourTurtleSim_ws/install/controller/local/lib/python3.10/dist-packages/controller-0.0.0-py3.10.egg-info/PKG-INFO
[2.325s] -- Installing: /home/kaymarrr/FourTurtleSim_ws/install/controller/local/lib/python3.10/dist-packages/controller-0.0.0-py3.10.egg-info/dependency_links.txt
[2.325s] -- Installing: /home/kaymarrr/FourTurtleSim_ws/install/controller/local/lib/python3.10/dist-packages/controller-0.0.0-py3.10.egg-info/SOURCES.txt
[2.325s] -- Installing: /home/kaymarrr/FourTurtleSim_ws/install/controller/local/lib/python3.10/dist-packages/controller
[2.325s] -- Installing: /home/kaymarrr/FourTurtleSim_ws/install/controller/local/lib/python3.10/dist-packages/controller/__init__.py
[2.325s] -- Installing: /home/kaymarrr/FourTurtleSim_ws/install/controller/local/lib/python3.10/dist-packages/controller/dummy_module.py
[2.357s] Listing '/home/kaymarrr/FourTurtleSim_ws/install/controller/local/lib/python3.10/dist-packages/controller'...
[2.358s] Compiling '/home/kaymarrr/FourTurtleSim_ws/install/controller/local/lib/python3.10/dist-packages/controller/__init__.py'...
[2.358s] Compiling '/home/kaymarrr/FourTurtleSim_ws/install/controller/local/lib/python3.10/dist-packages/controller/dummy_module.py'...
[2.361s] -- Installing: /home/kaymarrr/FourTurtleSim_ws/install/controller/lib/controller/controller.py
[2.361s] -- Installing: /home/kaymarrr/FourTurtleSim_ws/install/controller/lib/controller/scheduler.py
[2.361s] -- Installing: /home/kaymarrr/FourTurtleSim_ws/install/controller/lib/controller/cpp_node_test
[2.362s] -- Set runtime path of "/home/kaymarrr/FourTurtleSim_ws/install/controller/lib/controller/cpp_node_test" to ""
[2.362s] -- Installing: /home/kaymarrr/FourTurtleSim_ws/install/controller/share/controller/via_point
[2.362s] -- Installing: /home/kaymarrr/FourTurtleSim_ws/install/controller/share/controller/via_point/via_point.yaml
[2.362s] -- Installing: /home/kaymarrr/FourTurtleSim_ws/install/controller/share/controller/config
[2.362s] -- Installing: /home/kaymarrr/FourTurtleSim_ws/install/controller/share/controller/config/eater_config.yaml
[2.362s] -- Installing: /home/kaymarrr/FourTurtleSim_ws/install/controller/share/controller/config/controller_config.yaml
[2.362s] -- Installing: /home/kaymarrr/FourTurtleSim_ws/install/controller/share/controller/config/spawner_config.yaml
[2.362s] -- Installing: /home/kaymarrr/FourTurtleSim_ws/install/controller/share/controller/launch
[2.363s] -- Installing: /home/kaymarrr/FourTurtleSim_ws/install/controller/share/controller/launch/via_point_follower.launch.py
[2.363s] -- Installing: /home/kaymarrr/FourTurtleSim_ws/install/controller/share/controller/launch/controller_scheduler.launch.py
[2.363s] -- Installing: /home/kaymarrr/FourTurtleSim_ws/install/controller/share/controller/launch/spawn_turtle.launch.py
[2.363s] -- Installing: /home/kaymarrr/FourTurtleSim_ws/install/controller/share/controller/launch/multiple_turtle.launch.py
[2.363s] -- Installing: /home/kaymarrr/FourTurtleSim_ws/install/controller/share/ament_index/resource_index/package_run_dependencies/controller
[2.363s] -- Installing: /home/kaymarrr/FourTurtleSim_ws/install/controller/share/ament_index/resource_index/parent_prefix_path/controller
[2.363s] -- Installing: /home/kaymarrr/FourTurtleSim_ws/install/controller/share/controller/environment/ament_prefix_path.sh
[2.363s] -- Installing: /home/kaymarrr/FourTurtleSim_ws/install/controller/share/controller/environment/ament_prefix_path.dsv
[2.363s] -- Installing: /home/kaymarrr/FourTurtleSim_ws/install/controller/share/controller/environment/path.sh
[2.364s] -- Installing: /home/kaymarrr/FourTurtleSim_ws/install/controller/share/controller/environment/path.dsv
[2.364s] -- Installing: /home/kaymarrr/FourTurtleSim_ws/install/controller/share/controller/local_setup.bash
[2.364s] -- Installing: /home/kaymarrr/FourTurtleSim_ws/install/controller/share/controller/local_setup.sh
[2.364s] -- Installing: /home/kaymarrr/FourTurtleSim_ws/install/controller/share/controller/local_setup.zsh
[2.364s] -- Installing: /home/kaymarrr/FourTurtleSim_ws/install/controller/share/controller/local_setup.dsv
[2.364s] -- Installing: /home/kaymarrr/FourTurtleSim_ws/install/controller/share/controller/package.dsv
[2.364s] -- Installing: /home/kaymarrr/FourTurtleSim_ws/install/controller/share/ament_index/resource_index/packages/controller
[2.364s] -- Installing: /home/kaymarrr/FourTurtleSim_ws/install/controller/share/controller/cmake/controllerConfig.cmake
[2.364s] -- Installing: /home/kaymarrr/FourTurtleSim_ws/install/controller/share/controller/cmake/controllerConfig-version.cmake
[2.364s] -- Installing: /home/kaymarrr/FourTurtleSim_ws/install/controller/share/controller/package.xml
[2.366s] Invoked command in '/home/kaymarrr/FourTurtleSim_ws/build/controller' returned '0': CMAKE_PREFIX_PATH=${CMAKE_PREFIX_PATH}:/opt/ros/humble /usr/bin/cmake --install /home/kaymarrr/FourTurtleSim_ws/build/controller
