[35m[1mConsolidate compiler generated dependencies of target controller_interfaces__rosidl_generator_c[0m
[  2%] Built target controller_interfaces__cpp
[ 12%] Built target controller_interfaces__rosidl_generator_c
[ 12%] Built target ament_cmake_python_copy_controller_interfaces
[35m[1mConsolidate compiler generated dependencies of target controller_interfaces__rosidl_typesupport_cpp[0m
[35m[1mConsolidate compiler generated dependencies of target controller_interfaces__rosidl_typesupport_fastrtps_cpp[0m
[35m[1mConsolidate compiler generated dependencies of target controller_interfaces__rosidl_typesupport_introspection_cpp[0m
[35m[1mConsolidate compiler generated dependencies of target controller_interfaces__rosidl_typesupport_fastrtps_c[0m
[35m[1mConsolidate compiler generated dependencies of target controller_interfaces__rosidl_typesupport_c[0m
[35m[1mConsolidate compiler generated dependencies of target controller_interfaces__rosidl_typesupport_introspection_c[0m
[ 23%] Built target controller_interfaces__rosidl_typesupport_cpp
[ 33%] Built target controller_interfaces__rosidl_typesupport_introspection_cpp
[ 43%] Built target controller_interfaces__rosidl_typesupport_fastrtps_cpp
[ 53%] Built target controller_interfaces__rosidl_typesupport_c
[ 64%] Built target controller_interfaces__rosidl_typesupport_fastrtps_c
[ 74%] Built target controller_interfaces__rosidl_typesupport_introspection_c
[ 74%] Built target controller_interfaces
[ 76%] Built target controller_interfaces__py
[35m[1mConsolidate compiler generated dependencies of target controller_interfaces__rosidl_generator_py[0m
[ 84%] Built target controller_interfaces__rosidl_generator_py
[35m[1mConsolidate compiler generated dependencies of target controller_interfaces__rosidl_typesupport_c__pyext[0m
[35m[1mConsolidate compiler generated dependencies of target controller_interfaces__rosidl_typesupport_introspection_c__pyext[0m
[35m[1mConsolidate compiler generated dependencies of target controller_interfaces__rosidl_typesupport_fastrtps_c__pyext[0m
[ 89%] Built target controller_interfaces__rosidl_typesupport_fastrtps_c__pyext
[ 94%] Built target controller_interfaces__rosidl_typesupport_introspection_c__pyext
[100%] Built target controller_interfaces__rosidl_typesupport_c__pyext
running egg_info
writing controller_interfaces.egg-info/PKG-INFO
writing dependency_links to controller_interfaces.egg-info/dependency_links.txt
writing top-level names to controller_interfaces.egg-info/top_level.txt
reading manifest file 'controller_interfaces.egg-info/SOURCES.txt'
writing manifest file 'controller_interfaces.egg-info/SOURCES.txt'
[100%] Built target ament_cmake_python_build_controller_interfaces_egg
-- Install configuration: ""
-- Up-to-date: /home/kaymarrr/FourTurtleSim_ws/install/controller_interfaces/share/ament_index/resource_index/rosidl_interfaces/controller_interfaces
-- Up-to-date: /home/kaymarrr/FourTurtleSim_ws/install/controller_interfaces/include/controller_interfaces/controller_interfaces
-- Up-to-date: /home/kaymarrr/FourTurtleSim_ws/install/controller_interfaces/include/controller_interfaces/controller_interfaces/msg
-- Up-to-date: /home/kaymarrr/FourTurtleSim_ws/install/controller_interfaces/include/controller_interfaces/controller_interfaces/msg/rosidl_generator_c__visibility_control.h
-- Up-to-date: /home/kaymarrr/FourTurtleSim_ws/install/controller_interfaces/include/controller_interfaces/controller_interfaces/srv
-- Up-to-date: /home/kaymarrr/FourTurtleSim_ws/install/controller_interfaces/include/controller_interfaces/controller_interfaces/srv/detail
-- Up-to-date: /home/kaymarrr/FourTurtleSim_ws/install/controller_interfaces/include/controller_interfaces/controller_interfaces/srv/detail/notify__type_support.h
-- Up-to-date: /home/kaymarrr/FourTurtleSim_ws/install/controller_interfaces/include/controller_interfaces/controller_interfaces/srv/detail/set_target__functions.h
-- Up-to-date: /home/kaymarrr/FourTurtleSim_ws/install/controller_interfaces/include/controller_interfaces/controller_interfaces/srv/detail/notify__struct.h
-- Up-to-date: /home/kaymarrr/FourTurtleSim_ws/install/controller_interfaces/include/controller_interfaces/controller_interfaces/srv/detail/set_target__functions.c
-- Up-to-date: /home/kaymarrr/FourTurtleSim_ws/install/controller_interfaces/include/controller_interfaces/controller_interfaces/srv/detail/notify__functions.c
-- Up-to-date: /home/kaymarrr/FourTurtleSim_ws/install/controller_interfaces/include/controller_interfaces/controller_interfaces/srv/detail/notify__functions.h
-- Up-to-date: /home/kaymarrr/FourTurtleSim_ws/install/controller_interfaces/include/controller_interfaces/controller_interfaces/srv/detail/set_target__struct.h
-- Up-to-date: /home/kaymarrr/FourTurtleSim_ws/install/controller_interfaces/include/controller_interfaces/controller_interfaces/srv/detail/set_target__type_support.h
-- Up-to-date: /home/kaymarrr/FourTurtleSim_ws/install/controller_interfaces/include/controller_interfaces/controller_interfaces/srv/notify.h
-- Up-to-date: /home/kaymarrr/FourTurtleSim_ws/install/controller_interfaces/include/controller_interfaces/controller_interfaces/srv/set_target.h
-- Up-to-date: /home/kaymarrr/FourTurtleSim_ws/install/controller_interfaces/share/controller_interfaces/environment/library_path.sh
-- Up-to-date: /home/kaymarrr/FourTurtleSim_ws/install/controller_interfaces/share/controller_interfaces/environment/library_path.dsv
-- Up-to-date: /home/kaymarrr/FourTurtleSim_ws/install/controller_interfaces/lib/libcontroller_interfaces__rosidl_generator_c.so
-- Up-to-date: /home/kaymarrr/FourTurtleSim_ws/install/controller_interfaces/include/controller_interfaces/controller_interfaces
-- Up-to-date: /home/kaymarrr/FourTurtleSim_ws/install/controller_interfaces/include/controller_interfaces/controller_interfaces/msg
-- Up-to-date: /home/kaymarrr/FourTurtleSim_ws/install/controller_interfaces/include/controller_interfaces/controller_interfaces/msg/rosidl_typesupport_fastrtps_c__visibility_control.h
-- Up-to-date: /home/kaymarrr/FourTurtleSim_ws/install/controller_interfaces/include/controller_interfaces/controller_interfaces/srv
-- Up-to-date: /home/kaymarrr/FourTurtleSim_ws/install/controller_interfaces/include/controller_interfaces/controller_interfaces/srv/detail
-- Up-to-date: /home/kaymarrr/FourTurtleSim_ws/install/controller_interfaces/include/controller_interfaces/controller_interfaces/srv/detail/notify__rosidl_typesupport_fastrtps_c.h
-- Up-to-date: /home/kaymarrr/FourTurtleSim_ws/install/controller_interfaces/include/controller_interfaces/controller_interfaces/srv/detail/set_target__rosidl_typesupport_fastrtps_c.h
-- Up-to-date: /home/kaymarrr/FourTurtleSim_ws/install/controller_interfaces/lib/libcontroller_interfaces__rosidl_typesupport_fastrtps_c.so
-- Up-to-date: /home/kaymarrr/FourTurtleSim_ws/install/controller_interfaces/include/controller_interfaces/controller_interfaces
-- Up-to-date: /home/kaymarrr/FourTurtleSim_ws/install/controller_interfaces/include/controller_interfaces/controller_interfaces/srv
-- Up-to-date: /home/kaymarrr/FourTurtleSim_ws/install/controller_interfaces/include/controller_interfaces/controller_interfaces/srv/notify.hpp
-- Up-to-date: /home/kaymarrr/FourTurtleSim_ws/install/controller_interfaces/include/controller_interfaces/controller_interfaces/srv/set_target.hpp
-- Up-to-date: /home/kaymarrr/FourTurtleSim_ws/install/controller_interfaces/include/controller_interfaces/controller_interfaces/srv/detail
-- Up-to-date: /home/kaymarrr/FourTurtleSim_ws/install/controller_interfaces/include/controller_interfaces/controller_interfaces/srv/detail/set_target__builder.hpp
-- Up-to-date: /home/kaymarrr/FourTurtleSim_ws/install/controller_interfaces/include/controller_interfaces/controller_interfaces/srv/detail/notify__struct.hpp
-- Up-to-date: /home/kaymarrr/FourTurtleSim_ws/install/controller_interfaces/include/controller_interfaces/controller_interfaces/srv/detail/notify__traits.hpp
-- Up-to-date: /home/kaymarrr/FourTurtleSim_ws/install/controller_interfaces/include/controller_interfaces/controller_interfaces/srv/detail/notify__builder.hpp
-- Up-to-date: /home/kaymarrr/FourTurtleSim_ws/install/controller_interfaces/include/controller_interfaces/controller_interfaces/srv/detail/set_target__struct.hpp
-- Up-to-date: /home/kaymarrr/FourTurtleSim_ws/install/controller_interfaces/include/controller_interfaces/controller_interfaces/srv/detail/set_target__traits.hpp
-- Up-to-date: /home/kaymarrr/FourTurtleSim_ws/install/controller_interfaces/include/controller_interfaces/controller_interfaces
-- Up-to-date: /home/kaymarrr/FourTurtleSim_ws/install/controller_interfaces/include/controller_interfaces/controller_interfaces/msg
-- Up-to-date: /home/kaymarrr/FourTurtleSim_ws/install/controller_interfaces/include/controller_interfaces/controller_interfaces/msg/rosidl_typesupport_fastrtps_cpp__visibility_control.h
-- Up-to-date: /home/kaymarrr/FourTurtleSim_ws/install/controller_interfaces/include/controller_interfaces/controller_interfaces/srv
-- Up-to-date: /home/kaymarrr/FourTurtleSim_ws/install/controller_interfaces/include/controller_interfaces/controller_interfaces/srv/detail
-- Up-to-date: /home/kaymarrr/FourTurtleSim_ws/install/controller_interfaces/include/controller_interfaces/controller_interfaces/srv/detail/set_target__rosidl_typesupport_fastrtps_cpp.hpp
-- Up-to-date: /home/kaymarrr/FourTurtleSim_ws/install/controller_interfaces/include/controller_interfaces/controller_interfaces/srv/detail/notify__rosidl_typesupport_fastrtps_cpp.hpp
-- Up-to-date: /home/kaymarrr/FourTurtleSim_ws/install/controller_interfaces/include/controller_interfaces/controller_interfaces/srv/detail/dds_fastrtps
-- Up-to-date: /home/kaymarrr/FourTurtleSim_ws/install/controller_interfaces/lib/libcontroller_interfaces__rosidl_typesupport_fastrtps_cpp.so
-- Up-to-date: /home/kaymarrr/FourTurtleSim_ws/install/controller_interfaces/include/controller_interfaces/controller_interfaces
-- Up-to-date: /home/kaymarrr/FourTurtleSim_ws/install/controller_interfaces/include/controller_interfaces/controller_interfaces/msg
-- Up-to-date: /home/kaymarrr/FourTurtleSim_ws/install/controller_interfaces/include/controller_interfaces/controller_interfaces/msg/rosidl_typesupport_introspection_c__visibility_control.h
-- Up-to-date: /home/kaymarrr/FourTurtleSim_ws/install/controller_interfaces/include/controller_interfaces/controller_interfaces/srv
-- Up-to-date: /home/kaymarrr/FourTurtleSim_ws/install/controller_interfaces/include/controller_interfaces/controller_interfaces/srv/detail
-- Up-to-date: /home/kaymarrr/FourTurtleSim_ws/install/controller_interfaces/include/controller_interfaces/controller_interfaces/srv/detail/notify__rosidl_typesupport_introspection_c.h
-- Up-to-date: /home/kaymarrr/FourTurtleSim_ws/install/controller_interfaces/include/controller_interfaces/controller_interfaces/srv/detail/notify__type_support.c
-- Up-to-date: /home/kaymarrr/FourTurtleSim_ws/install/controller_interfaces/include/controller_interfaces/controller_interfaces/srv/detail/set_target__rosidl_typesupport_introspection_c.h
-- Up-to-date: /home/kaymarrr/FourTurtleSim_ws/install/controller_interfaces/include/controller_interfaces/controller_interfaces/srv/detail/set_target__type_support.c
-- Up-to-date: /home/kaymarrr/FourTurtleSim_ws/install/controller_interfaces/lib/libcontroller_interfaces__rosidl_typesupport_introspection_c.so
-- Up-to-date: /home/kaymarrr/FourTurtleSim_ws/install/controller_interfaces/lib/libcontroller_interfaces__rosidl_typesupport_c.so
-- Up-to-date: /home/kaymarrr/FourTurtleSim_ws/install/controller_interfaces/include/controller_interfaces/controller_interfaces
-- Up-to-date: /home/kaymarrr/FourTurtleSim_ws/install/controller_interfaces/include/controller_interfaces/controller_interfaces/srv
-- Up-to-date: /home/kaymarrr/FourTurtleSim_ws/install/controller_interfaces/include/controller_interfaces/controller_interfaces/srv/detail
-- Up-to-date: /home/kaymarrr/FourTurtleSim_ws/install/controller_interfaces/include/controller_interfaces/controller_interfaces/srv/detail/set_target__rosidl_typesupport_introspection_cpp.hpp
-- Up-to-date: /home/kaymarrr/FourTurtleSim_ws/install/controller_interfaces/include/controller_interfaces/controller_interfaces/srv/detail/notify__type_support.cpp
-- Up-to-date: /home/kaymarrr/FourTurtleSim_ws/install/controller_interfaces/include/controller_interfaces/controller_interfaces/srv/detail/notify__rosidl_typesupport_introspection_cpp.hpp
-- Up-to-date: /home/kaymarrr/FourTurtleSim_ws/install/controller_interfaces/include/controller_interfaces/controller_interfaces/srv/detail/set_target__type_support.cpp
-- Up-to-date: /home/kaymarrr/FourTurtleSim_ws/install/controller_interfaces/lib/libcontroller_interfaces__rosidl_typesupport_introspection_cpp.so
-- Up-to-date: /home/kaymarrr/FourTurtleSim_ws/install/controller_interfaces/lib/libcontroller_interfaces__rosidl_typesupport_cpp.so
-- Up-to-date: /home/kaymarrr/FourTurtleSim_ws/install/controller_interfaces/share/controller_interfaces/environment/pythonpath.sh
-- Up-to-date: /home/kaymarrr/FourTurtleSim_ws/install/controller_interfaces/share/controller_interfaces/environment/pythonpath.dsv
-- Up-to-date: /home/kaymarrr/FourTurtleSim_ws/install/controller_interfaces/local/lib/python3.10/dist-packages/controller_interfaces-0.0.0-py3.10.egg-info
-- Installing: /home/kaymarrr/FourTurtleSim_ws/install/controller_interfaces/local/lib/python3.10/dist-packages/controller_interfaces-0.0.0-py3.10.egg-info/top_level.txt
-- Installing: /home/kaymarrr/FourTurtleSim_ws/install/controller_interfaces/local/lib/python3.10/dist-packages/controller_interfaces-0.0.0-py3.10.egg-info/PKG-INFO
-- Installing: /home/kaymarrr/FourTurtleSim_ws/install/controller_interfaces/local/lib/python3.10/dist-packages/controller_interfaces-0.0.0-py3.10.egg-info/dependency_links.txt
-- Installing: /home/kaymarrr/FourTurtleSim_ws/install/controller_interfaces/local/lib/python3.10/dist-packages/controller_interfaces-0.0.0-py3.10.egg-info/SOURCES.txt
-- Up-to-date: /home/kaymarrr/FourTurtleSim_ws/install/controller_interfaces/local/lib/python3.10/dist-packages/controller_interfaces
-- Up-to-date: /home/kaymarrr/FourTurtleSim_ws/install/controller_interfaces/local/lib/python3.10/dist-packages/controller_interfaces/_controller_interfaces_s.ep.rosidl_typesupport_fastrtps_c.c
-- Up-to-date: /home/kaymarrr/FourTurtleSim_ws/install/controller_interfaces/local/lib/python3.10/dist-packages/controller_interfaces/controller_interfaces_s__rosidl_typesupport_fastrtps_c.cpython-310-x86_64-linux-gnu.so
-- Up-to-date: /home/kaymarrr/FourTurtleSim_ws/install/controller_interfaces/local/lib/python3.10/dist-packages/controller_interfaces/__init__.py
-- Up-to-date: /home/kaymarrr/FourTurtleSim_ws/install/controller_interfaces/local/lib/python3.10/dist-packages/controller_interfaces/controller_interfaces_s__rosidl_typesupport_introspection_c.cpython-310-x86_64-linux-gnu.so
-- Up-to-date: /home/kaymarrr/FourTurtleSim_ws/install/controller_interfaces/local/lib/python3.10/dist-packages/controller_interfaces/controller_interfaces_s__rosidl_typesupport_c.cpython-310-x86_64-linux-gnu.so
-- Up-to-date: /home/kaymarrr/FourTurtleSim_ws/install/controller_interfaces/local/lib/python3.10/dist-packages/controller_interfaces/libcontroller_interfaces__rosidl_generator_py.so
-- Up-to-date: /home/kaymarrr/FourTurtleSim_ws/install/controller_interfaces/local/lib/python3.10/dist-packages/controller_interfaces/_controller_interfaces_s.ep.rosidl_typesupport_c.c
-- Up-to-date: /home/kaymarrr/FourTurtleSim_ws/install/controller_interfaces/local/lib/python3.10/dist-packages/controller_interfaces/srv
-- Up-to-date: /home/kaymarrr/FourTurtleSim_ws/install/controller_interfaces/local/lib/python3.10/dist-packages/controller_interfaces/srv/_notify_s.c
-- Up-to-date: /home/kaymarrr/FourTurtleSim_ws/install/controller_interfaces/local/lib/python3.10/dist-packages/controller_interfaces/srv/_set_target.py
-- Up-to-date: /home/kaymarrr/FourTurtleSim_ws/install/controller_interfaces/local/lib/python3.10/dist-packages/controller_interfaces/srv/__init__.py
-- Up-to-date: /home/kaymarrr/FourTurtleSim_ws/install/controller_interfaces/local/lib/python3.10/dist-packages/controller_interfaces/srv/_notify.py
-- Up-to-date: /home/kaymarrr/FourTurtleSim_ws/install/controller_interfaces/local/lib/python3.10/dist-packages/controller_interfaces/srv/_set_target_s.c
-- Up-to-date: /home/kaymarrr/FourTurtleSim_ws/install/controller_interfaces/local/lib/python3.10/dist-packages/controller_interfaces/_controller_interfaces_s.ep.rosidl_typesupport_introspection_c.c
Listing '/home/kaymarrr/FourTurtleSim_ws/install/controller_interfaces/local/lib/python3.10/dist-packages/controller_interfaces'...
Listing '/home/kaymarrr/FourTurtleSim_ws/install/controller_interfaces/local/lib/python3.10/dist-packages/controller_interfaces/srv'...
-- Up-to-date: /home/kaymarrr/FourTurtleSim_ws/install/controller_interfaces/local/lib/python3.10/dist-packages/controller_interfaces/controller_interfaces_s__rosidl_typesupport_fastrtps_c.cpython-310-x86_64-linux-gnu.so
-- Up-to-date: /home/kaymarrr/FourTurtleSim_ws/install/controller_interfaces/local/lib/python3.10/dist-packages/controller_interfaces/controller_interfaces_s__rosidl_typesupport_introspection_c.cpython-310-x86_64-linux-gnu.so
-- Up-to-date: /home/kaymarrr/FourTurtleSim_ws/install/controller_interfaces/local/lib/python3.10/dist-packages/controller_interfaces/controller_interfaces_s__rosidl_typesupport_c.cpython-310-x86_64-linux-gnu.so
-- Up-to-date: /home/kaymarrr/FourTurtleSim_ws/install/controller_interfaces/lib/libcontroller_interfaces__rosidl_generator_py.so
-- Up-to-date: /home/kaymarrr/FourTurtleSim_ws/install/controller_interfaces/share/controller_interfaces/srv/SetTarget.idl
-- Up-to-date: /home/kaymarrr/FourTurtleSim_ws/install/controller_interfaces/share/controller_interfaces/srv/Notify.idl
-- Up-to-date: /home/kaymarrr/FourTurtleSim_ws/install/controller_interfaces/share/controller_interfaces/srv/SetTarget.srv
-- Up-to-date: /home/kaymarrr/FourTurtleSim_ws/install/controller_interfaces/share/controller_interfaces/srv/SetTarget_Request.msg
-- Up-to-date: /home/kaymarrr/FourTurtleSim_ws/install/controller_interfaces/share/controller_interfaces/srv/SetTarget_Response.msg
-- Up-to-date: /home/kaymarrr/FourTurtleSim_ws/install/controller_interfaces/share/controller_interfaces/srv/Notify.srv
-- Up-to-date: /home/kaymarrr/FourTurtleSim_ws/install/controller_interfaces/share/controller_interfaces/srv/Notify_Request.msg
-- Up-to-date: /home/kaymarrr/FourTurtleSim_ws/install/controller_interfaces/share/controller_interfaces/srv/Notify_Response.msg
-- Up-to-date: /home/kaymarrr/FourTurtleSim_ws/install/controller_interfaces/share/ament_index/resource_index/package_run_dependencies/controller_interfaces
-- Up-to-date: /home/kaymarrr/FourTurtleSim_ws/install/controller_interfaces/share/ament_index/resource_index/parent_prefix_path/controller_interfaces
-- Up-to-date: /home/kaymarrr/FourTurtleSim_ws/install/controller_interfaces/share/controller_interfaces/environment/ament_prefix_path.sh
-- Up-to-date: /home/kaymarrr/FourTurtleSim_ws/install/controller_interfaces/share/controller_interfaces/environment/ament_prefix_path.dsv
-- Up-to-date: /home/kaymarrr/FourTurtleSim_ws/install/controller_interfaces/share/controller_interfaces/environment/path.sh
-- Up-to-date: /home/kaymarrr/FourTurtleSim_ws/install/controller_interfaces/share/controller_interfaces/environment/path.dsv
-- Up-to-date: /home/kaymarrr/FourTurtleSim_ws/install/controller_interfaces/share/controller_interfaces/local_setup.bash
-- Up-to-date: /home/kaymarrr/FourTurtleSim_ws/install/controller_interfaces/share/controller_interfaces/local_setup.sh
-- Up-to-date: /home/kaymarrr/FourTurtleSim_ws/install/controller_interfaces/share/controller_interfaces/local_setup.zsh
-- Up-to-date: /home/kaymarrr/FourTurtleSim_ws/install/controller_interfaces/share/controller_interfaces/local_setup.dsv
-- Installing: /home/kaymarrr/FourTurtleSim_ws/install/controller_interfaces/share/controller_interfaces/package.dsv
-- Up-to-date: /home/kaymarrr/FourTurtleSim_ws/install/controller_interfaces/share/ament_index/resource_index/packages/controller_interfaces
-- Up-to-date: /home/kaymarrr/FourTurtleSim_ws/install/controller_interfaces/share/controller_interfaces/cmake/export_controller_interfaces__rosidl_generator_cExport.cmake
-- Up-to-date: /home/kaymarrr/FourTurtleSim_ws/install/controller_interfaces/share/controller_interfaces/cmake/export_controller_interfaces__rosidl_generator_cExport-noconfig.cmake
-- Up-to-date: /home/kaymarrr/FourTurtleSim_ws/install/controller_interfaces/share/controller_interfaces/cmake/export_controller_interfaces__rosidl_typesupport_fastrtps_cExport.cmake
-- Up-to-date: /home/kaymarrr/FourTurtleSim_ws/install/controller_interfaces/share/controller_interfaces/cmake/export_controller_interfaces__rosidl_typesupport_fastrtps_cExport-noconfig.cmake
-- Up-to-date: /home/kaymarrr/FourTurtleSim_ws/install/controller_interfaces/share/controller_interfaces/cmake/export_controller_interfaces__rosidl_generator_cppExport.cmake
-- Up-to-date: /home/kaymarrr/FourTurtleSim_ws/install/controller_interfaces/share/controller_interfaces/cmake/export_controller_interfaces__rosidl_typesupport_fastrtps_cppExport.cmake
-- Up-to-date: /home/kaymarrr/FourTurtleSim_ws/install/controller_interfaces/share/controller_interfaces/cmake/export_controller_interfaces__rosidl_typesupport_fastrtps_cppExport-noconfig.cmake
-- Up-to-date: /home/kaymarrr/FourTurtleSim_ws/install/controller_interfaces/share/controller_interfaces/cmake/controller_interfaces__rosidl_typesupport_introspection_cExport.cmake
-- Up-to-date: /home/kaymarrr/FourTurtleSim_ws/install/controller_interfaces/share/controller_interfaces/cmake/controller_interfaces__rosidl_typesupport_introspection_cExport-noconfig.cmake
-- Up-to-date: /home/kaymarrr/FourTurtleSim_ws/install/controller_interfaces/share/controller_interfaces/cmake/controller_interfaces__rosidl_typesupport_cExport.cmake
-- Up-to-date: /home/kaymarrr/FourTurtleSim_ws/install/controller_interfaces/share/controller_interfaces/cmake/controller_interfaces__rosidl_typesupport_cExport-noconfig.cmake
-- Up-to-date: /home/kaymarrr/FourTurtleSim_ws/install/controller_interfaces/share/controller_interfaces/cmake/controller_interfaces__rosidl_typesupport_introspection_cppExport.cmake
-- Up-to-date: /home/kaymarrr/FourTurtleSim_ws/install/controller_interfaces/share/controller_interfaces/cmake/controller_interfaces__rosidl_typesupport_introspection_cppExport-noconfig.cmake
-- Up-to-date: /home/kaymarrr/FourTurtleSim_ws/install/controller_interfaces/share/controller_interfaces/cmake/controller_interfaces__rosidl_typesupport_cppExport.cmake
-- Up-to-date: /home/kaymarrr/FourTurtleSim_ws/install/controller_interfaces/share/controller_interfaces/cmake/controller_interfaces__rosidl_typesupport_cppExport-noconfig.cmake
-- Up-to-date: /home/kaymarrr/FourTurtleSim_ws/install/controller_interfaces/share/controller_interfaces/cmake/export_controller_interfaces__rosidl_generator_pyExport.cmake
-- Up-to-date: /home/kaymarrr/FourTurtleSim_ws/install/controller_interfaces/share/controller_interfaces/cmake/export_controller_interfaces__rosidl_generator_pyExport-noconfig.cmake
-- Up-to-date: /home/kaymarrr/FourTurtleSim_ws/install/controller_interfaces/share/controller_interfaces/cmake/rosidl_cmake-extras.cmake
-- Up-to-date: /home/kaymarrr/FourTurtleSim_ws/install/controller_interfaces/share/controller_interfaces/cmake/ament_cmake_export_dependencies-extras.cmake
-- Up-to-date: /home/kaymarrr/FourTurtleSim_ws/install/controller_interfaces/share/controller_interfaces/cmake/ament_cmake_export_include_directories-extras.cmake
-- Up-to-date: /home/kaymarrr/FourTurtleSim_ws/install/controller_interfaces/share/controller_interfaces/cmake/ament_cmake_export_libraries-extras.cmake
-- Up-to-date: /home/kaymarrr/FourTurtleSim_ws/install/controller_interfaces/share/controller_interfaces/cmake/ament_cmake_export_targets-extras.cmake
-- Up-to-date: /home/kaymarrr/FourTurtleSim_ws/install/controller_interfaces/share/controller_interfaces/cmake/rosidl_cmake_export_typesupport_targets-extras.cmake
-- Up-to-date: /home/kaymarrr/FourTurtleSim_ws/install/controller_interfaces/share/controller_interfaces/cmake/rosidl_cmake_export_typesupport_libraries-extras.cmake
-- Up-to-date: /home/kaymarrr/FourTurtleSim_ws/install/controller_interfaces/share/controller_interfaces/cmake/controller_interfacesConfig.cmake
-- Up-to-date: /home/kaymarrr/FourTurtleSim_ws/install/controller_interfaces/share/controller_interfaces/cmake/controller_interfacesConfig-version.cmake
-- Up-to-date: /home/kaymarrr/FourTurtleSim_ws/install/controller_interfaces/share/controller_interfaces/package.xml
