[0.456s] Invoking command in '/home/kaymarrr/FourTurtleSim_ws/build/controller_interfaces': CMAKE_PREFIX_PATH=${CMAKE_PREFIX_PATH}:/opt/ros/humble /usr/bin/cmake --build /home/kaymarrr/FourTurtleSim_ws/build/controller_interfaces -- -j16 -l16
[0.509s] [35m[1mConsolidate compiler generated dependencies of target controller_interfaces__rosidl_generator_c[0m
[0.513s] [  2%] Built target controller_interfaces__cpp
[0.525s] [ 12%] Built target controller_interfaces__rosidl_generator_c
[0.525s] [ 12%] Built target ament_cmake_python_copy_controller_interfaces
[0.526s] [35m[1mConsolidate compiler generated dependencies of target controller_interfaces__rosidl_typesupport_cpp[0m
[0.527s] [35m[1mConsolidate compiler generated dependencies of target controller_interfaces__rosidl_typesupport_fastrtps_cpp[0m
[0.528s] [35m[1mConsolidate compiler generated dependencies of target controller_interfaces__rosidl_typesupport_introspection_cpp[0m
[0.541s] [35m[1mConsolidate compiler generated dependencies of target controller_interfaces__rosidl_typesupport_fastrtps_c[0m
[0.542s] [35m[1mConsolidate compiler generated dependencies of target controller_interfaces__rosidl_typesupport_c[0m
[0.545s] [35m[1mConsolidate compiler generated dependencies of target controller_interfaces__rosidl_typesupport_introspection_c[0m
[0.548s] [ 23%] Built target controller_interfaces__rosidl_typesupport_cpp
[0.549s] [ 33%] Built target controller_interfaces__rosidl_typesupport_introspection_cpp
[0.550s] [ 43%] Built target controller_interfaces__rosidl_typesupport_fastrtps_cpp
[0.560s] [ 53%] Built target controller_interfaces__rosidl_typesupport_c
[0.561s] [ 64%] Built target controller_interfaces__rosidl_typesupport_fastrtps_c
[0.562s] [ 74%] Built target controller_interfaces__rosidl_typesupport_introspection_c
[0.580s] [ 74%] Built target controller_interfaces
[0.601s] [ 76%] Built target controller_interfaces__py
[0.612s] [35m[1mConsolidate compiler generated dependencies of target controller_interfaces__rosidl_generator_py[0m
[0.624s] [ 84%] Built target controller_interfaces__rosidl_generator_py
[0.637s] [35m[1mConsolidate compiler generated dependencies of target controller_interfaces__rosidl_typesupport_c__pyext[0m
[0.637s] [35m[1mConsolidate compiler generated dependencies of target controller_interfaces__rosidl_typesupport_introspection_c__pyext[0m
[0.637s] [35m[1mConsolidate compiler generated dependencies of target controller_interfaces__rosidl_typesupport_fastrtps_c__pyext[0m
[0.653s] [ 89%] Built target controller_interfaces__rosidl_typesupport_fastrtps_c__pyext
[0.653s] [ 94%] Built target controller_interfaces__rosidl_typesupport_introspection_c__pyext
[0.661s] [100%] Built target controller_interfaces__rosidl_typesupport_c__pyext
[0.815s] running egg_info
[0.815s] writing controller_interfaces.egg-info/PKG-INFO
[0.816s] writing dependency_links to controller_interfaces.egg-info/dependency_links.txt
[0.816s] writing top-level names to controller_interfaces.egg-info/top_level.txt
[0.819s] reading manifest file 'controller_interfaces.egg-info/SOURCES.txt'
[0.819s] writing manifest file 'controller_interfaces.egg-info/SOURCES.txt'
[0.842s] [100%] Built target ament_cmake_python_build_controller_interfaces_egg
[0.851s] Invoked command in '/home/kaymarrr/FourTurtleSim_ws/build/controller_interfaces' returned '0': CMAKE_PREFIX_PATH=${CMAKE_PREFIX_PATH}:/opt/ros/humble /usr/bin/cmake --build /home/kaymarrr/FourTurtleSim_ws/build/controller_interfaces -- -j16 -l16
[0.921s] Invoking command in '/home/kaymarrr/FourTurtleSim_ws/build/controller_interfaces': CMAKE_PREFIX_PATH=${CMAKE_PREFIX_PATH}:/opt/ros/humble /usr/bin/cmake --install /home/kaymarrr/FourTurtleSim_ws/build/controller_interfaces
[0.929s] -- Install configuration: ""
[0.929s] -- Up-to-date: /home/kaymarrr/FourTurtleSim_ws/install/controller_interfaces/share/ament_index/resource_index/rosidl_interfaces/controller_interfaces
[0.929s] -- Up-to-date: /home/kaymarrr/FourTurtleSim_ws/install/controller_interfaces/include/controller_interfaces/controller_interfaces
[0.929s] -- Up-to-date: /home/kaymarrr/FourTurtleSim_ws/install/controller_interfaces/include/controller_interfaces/controller_interfaces/msg
[0.929s] -- Up-to-date: /home/kaymarrr/FourTurtleSim_ws/install/controller_interfaces/include/controller_interfaces/controller_interfaces/msg/rosidl_generator_c__visibility_control.h
[0.930s] -- Up-to-date: /home/kaymarrr/FourTurtleSim_ws/install/controller_interfaces/include/controller_interfaces/controller_interfaces/srv
[0.930s] -- Up-to-date: /home/kaymarrr/FourTurtleSim_ws/install/controller_interfaces/include/controller_interfaces/controller_interfaces/srv/detail
[0.930s] -- Up-to-date: /home/kaymarrr/FourTurtleSim_ws/install/controller_interfaces/include/controller_interfaces/controller_interfaces/srv/detail/notify__type_support.h
[0.930s] -- Up-to-date: /home/kaymarrr/FourTurtleSim_ws/install/controller_interfaces/include/controller_interfaces/controller_interfaces/srv/detail/set_target__functions.h
[0.930s] -- Up-to-date: /home/kaymarrr/FourTurtleSim_ws/install/controller_interfaces/include/controller_interfaces/controller_interfaces/srv/detail/notify__struct.h
[0.930s] -- Up-to-date: /home/kaymarrr/FourTurtleSim_ws/install/controller_interfaces/include/controller_interfaces/controller_interfaces/srv/detail/set_target__functions.c
[0.930s] -- Up-to-date: /home/kaymarrr/FourTurtleSim_ws/install/controller_interfaces/include/controller_interfaces/controller_interfaces/srv/detail/notify__functions.c
[0.930s] -- Up-to-date: /home/kaymarrr/FourTurtleSim_ws/install/controller_interfaces/include/controller_interfaces/controller_interfaces/srv/detail/notify__functions.h
[0.930s] -- Up-to-date: /home/kaymarrr/FourTurtleSim_ws/install/controller_interfaces/include/controller_interfaces/controller_interfaces/srv/detail/set_target__struct.h
[0.930s] -- Up-to-date: /home/kaymarrr/FourTurtleSim_ws/install/controller_interfaces/include/controller_interfaces/controller_interfaces/srv/detail/set_target__type_support.h
[0.930s] -- Up-to-date: /home/kaymarrr/FourTurtleSim_ws/install/controller_interfaces/include/controller_interfaces/controller_interfaces/srv/notify.h
[0.930s] -- Up-to-date: /home/kaymarrr/FourTurtleSim_ws/install/controller_interfaces/include/controller_interfaces/controller_interfaces/srv/set_target.h
[0.930s] -- Up-to-date: /home/kaymarrr/FourTurtleSim_ws/install/controller_interfaces/share/controller_interfaces/environment/library_path.sh
[0.930s] -- Up-to-date: /home/kaymarrr/FourTurtleSim_ws/install/controller_interfaces/share/controller_interfaces/environment/library_path.dsv
[0.932s] -- Up-to-date: /home/kaymarrr/FourTurtleSim_ws/install/controller_interfaces/lib/libcontroller_interfaces__rosidl_generator_c.so
[0.932s] -- Up-to-date: /home/kaymarrr/FourTurtleSim_ws/install/controller_interfaces/include/controller_interfaces/controller_interfaces
[0.932s] -- Up-to-date: /home/kaymarrr/FourTurtleSim_ws/install/controller_interfaces/include/controller_interfaces/controller_interfaces/msg
[0.932s] -- Up-to-date: /home/kaymarrr/FourTurtleSim_ws/install/controller_interfaces/include/controller_interfaces/controller_interfaces/msg/rosidl_typesupport_fastrtps_c__visibility_control.h
[0.932s] -- Up-to-date: /home/kaymarrr/FourTurtleSim_ws/install/controller_interfaces/include/controller_interfaces/controller_interfaces/srv
[0.932s] -- Up-to-date: /home/kaymarrr/FourTurtleSim_ws/install/controller_interfaces/include/controller_interfaces/controller_interfaces/srv/detail
[0.932s] -- Up-to-date: /home/kaymarrr/FourTurtleSim_ws/install/controller_interfaces/include/controller_interfaces/controller_interfaces/srv/detail/notify__rosidl_typesupport_fastrtps_c.h
[0.932s] -- Up-to-date: /home/kaymarrr/FourTurtleSim_ws/install/controller_interfaces/include/controller_interfaces/controller_interfaces/srv/detail/set_target__rosidl_typesupport_fastrtps_c.h
[0.935s] -- Up-to-date: /home/kaymarrr/FourTurtleSim_ws/install/controller_interfaces/lib/libcontroller_interfaces__rosidl_typesupport_fastrtps_c.so
[0.935s] -- Up-to-date: /home/kaymarrr/FourTurtleSim_ws/install/controller_interfaces/include/controller_interfaces/controller_interfaces
[0.935s] -- Up-to-date: /home/kaymarrr/FourTurtleSim_ws/install/controller_interfaces/include/controller_interfaces/controller_interfaces/srv
[0.936s] -- Up-to-date: /home/kaymarrr/FourTurtleSim_ws/install/controller_interfaces/include/controller_interfaces/controller_interfaces/srv/notify.hpp
[0.936s] -- Up-to-date: /home/kaymarrr/FourTurtleSim_ws/install/controller_interfaces/include/controller_interfaces/controller_interfaces/srv/set_target.hpp
[0.936s] -- Up-to-date: /home/kaymarrr/FourTurtleSim_ws/install/controller_interfaces/include/controller_interfaces/controller_interfaces/srv/detail
[0.936s] -- Up-to-date: /home/kaymarrr/FourTurtleSim_ws/install/controller_interfaces/include/controller_interfaces/controller_interfaces/srv/detail/set_target__builder.hpp
[0.936s] -- Up-to-date: /home/kaymarrr/FourTurtleSim_ws/install/controller_interfaces/include/controller_interfaces/controller_interfaces/srv/detail/notify__struct.hpp
[0.936s] -- Up-to-date: /home/kaymarrr/FourTurtleSim_ws/install/controller_interfaces/include/controller_interfaces/controller_interfaces/srv/detail/notify__traits.hpp
[0.936s] -- Up-to-date: /home/kaymarrr/FourTurtleSim_ws/install/controller_interfaces/include/controller_interfaces/controller_interfaces/srv/detail/notify__builder.hpp
[0.936s] -- Up-to-date: /home/kaymarrr/FourTurtleSim_ws/install/controller_interfaces/include/controller_interfaces/controller_interfaces/srv/detail/set_target__struct.hpp
[0.936s] -- Up-to-date: /home/kaymarrr/FourTurtleSim_ws/install/controller_interfaces/include/controller_interfaces/controller_interfaces/srv/detail/set_target__traits.hpp
[0.936s] -- Up-to-date: /home/kaymarrr/FourTurtleSim_ws/install/controller_interfaces/include/controller_interfaces/controller_interfaces
[0.936s] -- Up-to-date: /home/kaymarrr/FourTurtleSim_ws/install/controller_interfaces/include/controller_interfaces/controller_interfaces/msg
[0.936s] -- Up-to-date: /home/kaymarrr/FourTurtleSim_ws/install/controller_interfaces/include/controller_interfaces/controller_interfaces/msg/rosidl_typesupport_fastrtps_cpp__visibility_control.h
[0.937s] -- Up-to-date: /home/kaymarrr/FourTurtleSim_ws/install/controller_interfaces/include/controller_interfaces/controller_interfaces/srv
[0.937s] -- Up-to-date: /home/kaymarrr/FourTurtleSim_ws/install/controller_interfaces/include/controller_interfaces/controller_interfaces/srv/detail
[0.937s] -- Up-to-date: /home/kaymarrr/FourTurtleSim_ws/install/controller_interfaces/include/controller_interfaces/controller_interfaces/srv/detail/set_target__rosidl_typesupport_fastrtps_cpp.hpp
[0.937s] -- Up-to-date: /home/kaymarrr/FourTurtleSim_ws/install/controller_interfaces/include/controller_interfaces/controller_interfaces/srv/detail/notify__rosidl_typesupport_fastrtps_cpp.hpp
[0.937s] -- Up-to-date: /home/kaymarrr/FourTurtleSim_ws/install/controller_interfaces/include/controller_interfaces/controller_interfaces/srv/detail/dds_fastrtps
[0.938s] -- Up-to-date: /home/kaymarrr/FourTurtleSim_ws/install/controller_interfaces/lib/libcontroller_interfaces__rosidl_typesupport_fastrtps_cpp.so
[0.938s] -- Up-to-date: /home/kaymarrr/FourTurtleSim_ws/install/controller_interfaces/include/controller_interfaces/controller_interfaces
[0.938s] -- Up-to-date: /home/kaymarrr/FourTurtleSim_ws/install/controller_interfaces/include/controller_interfaces/controller_interfaces/msg
[0.939s] -- Up-to-date: /home/kaymarrr/FourTurtleSim_ws/install/controller_interfaces/include/controller_interfaces/controller_interfaces/msg/rosidl_typesupport_introspection_c__visibility_control.h
[0.939s] -- Up-to-date: /home/kaymarrr/FourTurtleSim_ws/install/controller_interfaces/include/controller_interfaces/controller_interfaces/srv
[0.939s] -- Up-to-date: /home/kaymarrr/FourTurtleSim_ws/install/controller_interfaces/include/controller_interfaces/controller_interfaces/srv/detail
[0.939s] -- Up-to-date: /home/kaymarrr/FourTurtleSim_ws/install/controller_interfaces/include/controller_interfaces/controller_interfaces/srv/detail/notify__rosidl_typesupport_introspection_c.h
[0.939s] -- Up-to-date: /home/kaymarrr/FourTurtleSim_ws/install/controller_interfaces/include/controller_interfaces/controller_interfaces/srv/detail/notify__type_support.c
[0.939s] -- Up-to-date: /home/kaymarrr/FourTurtleSim_ws/install/controller_interfaces/include/controller_interfaces/controller_interfaces/srv/detail/set_target__rosidl_typesupport_introspection_c.h
[0.939s] -- Up-to-date: /home/kaymarrr/FourTurtleSim_ws/install/controller_interfaces/include/controller_interfaces/controller_interfaces/srv/detail/set_target__type_support.c
[0.939s] -- Up-to-date: /home/kaymarrr/FourTurtleSim_ws/install/controller_interfaces/lib/libcontroller_interfaces__rosidl_typesupport_introspection_c.so
[0.940s] -- Up-to-date: /home/kaymarrr/FourTurtleSim_ws/install/controller_interfaces/lib/libcontroller_interfaces__rosidl_typesupport_c.so
[0.940s] -- Up-to-date: /home/kaymarrr/FourTurtleSim_ws/install/controller_interfaces/include/controller_interfaces/controller_interfaces
[0.940s] -- Up-to-date: /home/kaymarrr/FourTurtleSim_ws/install/controller_interfaces/include/controller_interfaces/controller_interfaces/srv
[0.940s] -- Up-to-date: /home/kaymarrr/FourTurtleSim_ws/install/controller_interfaces/include/controller_interfaces/controller_interfaces/srv/detail
[0.940s] -- Up-to-date: /home/kaymarrr/FourTurtleSim_ws/install/controller_interfaces/include/controller_interfaces/controller_interfaces/srv/detail/set_target__rosidl_typesupport_introspection_cpp.hpp
[0.941s] -- Up-to-date: /home/kaymarrr/FourTurtleSim_ws/install/controller_interfaces/include/controller_interfaces/controller_interfaces/srv/detail/notify__type_support.cpp
[0.941s] -- Up-to-date: /home/kaymarrr/FourTurtleSim_ws/install/controller_interfaces/include/controller_interfaces/controller_interfaces/srv/detail/notify__rosidl_typesupport_introspection_cpp.hpp
[0.941s] -- Up-to-date: /home/kaymarrr/FourTurtleSim_ws/install/controller_interfaces/include/controller_interfaces/controller_interfaces/srv/detail/set_target__type_support.cpp
[0.941s] -- Up-to-date: /home/kaymarrr/FourTurtleSim_ws/install/controller_interfaces/lib/libcontroller_interfaces__rosidl_typesupport_introspection_cpp.so
[0.941s] -- Up-to-date: /home/kaymarrr/FourTurtleSim_ws/install/controller_interfaces/lib/libcontroller_interfaces__rosidl_typesupport_cpp.so
[0.942s] -- Up-to-date: /home/kaymarrr/FourTurtleSim_ws/install/controller_interfaces/share/controller_interfaces/environment/pythonpath.sh
[0.942s] -- Up-to-date: /home/kaymarrr/FourTurtleSim_ws/install/controller_interfaces/share/controller_interfaces/environment/pythonpath.dsv
[0.942s] -- Up-to-date: /home/kaymarrr/FourTurtleSim_ws/install/controller_interfaces/local/lib/python3.10/dist-packages/controller_interfaces-0.0.0-py3.10.egg-info
[0.942s] -- Installing: /home/kaymarrr/FourTurtleSim_ws/install/controller_interfaces/local/lib/python3.10/dist-packages/controller_interfaces-0.0.0-py3.10.egg-info/top_level.txt
[0.942s] -- Installing: /home/kaymarrr/FourTurtleSim_ws/install/controller_interfaces/local/lib/python3.10/dist-packages/controller_interfaces-0.0.0-py3.10.egg-info/PKG-INFO
[0.942s] -- Installing: /home/kaymarrr/FourTurtleSim_ws/install/controller_interfaces/local/lib/python3.10/dist-packages/controller_interfaces-0.0.0-py3.10.egg-info/dependency_links.txt
[0.942s] -- Installing: /home/kaymarrr/FourTurtleSim_ws/install/controller_interfaces/local/lib/python3.10/dist-packages/controller_interfaces-0.0.0-py3.10.egg-info/SOURCES.txt
[0.942s] -- Up-to-date: /home/kaymarrr/FourTurtleSim_ws/install/controller_interfaces/local/lib/python3.10/dist-packages/controller_interfaces
[0.943s] -- Up-to-date: /home/kaymarrr/FourTurtleSim_ws/install/controller_interfaces/local/lib/python3.10/dist-packages/controller_interfaces/_controller_interfaces_s.ep.rosidl_typesupport_fastrtps_c.c
[0.943s] -- Up-to-date: /home/kaymarrr/FourTurtleSim_ws/install/controller_interfaces/local/lib/python3.10/dist-packages/controller_interfaces/controller_interfaces_s__rosidl_typesupport_fastrtps_c.cpython-310-x86_64-linux-gnu.so
[0.943s] -- Up-to-date: /home/kaymarrr/FourTurtleSim_ws/install/controller_interfaces/local/lib/python3.10/dist-packages/controller_interfaces/__init__.py
[0.943s] -- Up-to-date: /home/kaymarrr/FourTurtleSim_ws/install/controller_interfaces/local/lib/python3.10/dist-packages/controller_interfaces/controller_interfaces_s__rosidl_typesupport_introspection_c.cpython-310-x86_64-linux-gnu.so
[0.943s] -- Up-to-date: /home/kaymarrr/FourTurtleSim_ws/install/controller_interfaces/local/lib/python3.10/dist-packages/controller_interfaces/controller_interfaces_s__rosidl_typesupport_c.cpython-310-x86_64-linux-gnu.so
[0.944s] -- Up-to-date: /home/kaymarrr/FourTurtleSim_ws/install/controller_interfaces/local/lib/python3.10/dist-packages/controller_interfaces/libcontroller_interfaces__rosidl_generator_py.so
[0.944s] -- Up-to-date: /home/kaymarrr/FourTurtleSim_ws/install/controller_interfaces/local/lib/python3.10/dist-packages/controller_interfaces/_controller_interfaces_s.ep.rosidl_typesupport_c.c
[0.944s] -- Up-to-date: /home/kaymarrr/FourTurtleSim_ws/install/controller_interfaces/local/lib/python3.10/dist-packages/controller_interfaces/srv
[0.944s] -- Up-to-date: /home/kaymarrr/FourTurtleSim_ws/install/controller_interfaces/local/lib/python3.10/dist-packages/controller_interfaces/srv/_notify_s.c
[0.945s] -- Up-to-date: /home/kaymarrr/FourTurtleSim_ws/install/controller_interfaces/local/lib/python3.10/dist-packages/controller_interfaces/srv/_set_target.py
[0.945s] -- Up-to-date: /home/kaymarrr/FourTurtleSim_ws/install/controller_interfaces/local/lib/python3.10/dist-packages/controller_interfaces/srv/__init__.py
[0.945s] -- Up-to-date: /home/kaymarrr/FourTurtleSim_ws/install/controller_interfaces/local/lib/python3.10/dist-packages/controller_interfaces/srv/_notify.py
[0.945s] -- Up-to-date: /home/kaymarrr/FourTurtleSim_ws/install/controller_interfaces/local/lib/python3.10/dist-packages/controller_interfaces/srv/_set_target_s.c
[0.946s] -- Up-to-date: /home/kaymarrr/FourTurtleSim_ws/install/controller_interfaces/local/lib/python3.10/dist-packages/controller_interfaces/_controller_interfaces_s.ep.rosidl_typesupport_introspection_c.c
[0.972s] Listing '/home/kaymarrr/FourTurtleSim_ws/install/controller_interfaces/local/lib/python3.10/dist-packages/controller_interfaces'...
[0.972s] Listing '/home/kaymarrr/FourTurtleSim_ws/install/controller_interfaces/local/lib/python3.10/dist-packages/controller_interfaces/srv'...
[0.975s] -- Up-to-date: /home/kaymarrr/FourTurtleSim_ws/install/controller_interfaces/local/lib/python3.10/dist-packages/controller_interfaces/controller_interfaces_s__rosidl_typesupport_fastrtps_c.cpython-310-x86_64-linux-gnu.so
[0.976s] -- Up-to-date: /home/kaymarrr/FourTurtleSim_ws/install/controller_interfaces/local/lib/python3.10/dist-packages/controller_interfaces/controller_interfaces_s__rosidl_typesupport_introspection_c.cpython-310-x86_64-linux-gnu.so
[0.977s] -- Up-to-date: /home/kaymarrr/FourTurtleSim_ws/install/controller_interfaces/local/lib/python3.10/dist-packages/controller_interfaces/controller_interfaces_s__rosidl_typesupport_c.cpython-310-x86_64-linux-gnu.so
[0.978s] -- Up-to-date: /home/kaymarrr/FourTurtleSim_ws/install/controller_interfaces/lib/libcontroller_interfaces__rosidl_generator_py.so
[0.978s] -- Up-to-date: /home/kaymarrr/FourTurtleSim_ws/install/controller_interfaces/share/controller_interfaces/srv/SetTarget.idl
[0.978s] -- Up-to-date: /home/kaymarrr/FourTurtleSim_ws/install/controller_interfaces/share/controller_interfaces/srv/Notify.idl
[0.978s] -- Up-to-date: /home/kaymarrr/FourTurtleSim_ws/install/controller_interfaces/share/controller_interfaces/srv/SetTarget.srv
[0.978s] -- Up-to-date: /home/kaymarrr/FourTurtleSim_ws/install/controller_interfaces/share/controller_interfaces/srv/SetTarget_Request.msg
[0.978s] -- Up-to-date: /home/kaymarrr/FourTurtleSim_ws/install/controller_interfaces/share/controller_interfaces/srv/SetTarget_Response.msg
[0.978s] -- Up-to-date: /home/kaymarrr/FourTurtleSim_ws/install/controller_interfaces/share/controller_interfaces/srv/Notify.srv
[0.978s] -- Up-to-date: /home/kaymarrr/FourTurtleSim_ws/install/controller_interfaces/share/controller_interfaces/srv/Notify_Request.msg
[0.978s] -- Up-to-date: /home/kaymarrr/FourTurtleSim_ws/install/controller_interfaces/share/controller_interfaces/srv/Notify_Response.msg
[0.978s] -- Up-to-date: /home/kaymarrr/FourTurtleSim_ws/install/controller_interfaces/share/ament_index/resource_index/package_run_dependencies/controller_interfaces
[0.978s] -- Up-to-date: /home/kaymarrr/FourTurtleSim_ws/install/controller_interfaces/share/ament_index/resource_index/parent_prefix_path/controller_interfaces
[0.978s] -- Up-to-date: /home/kaymarrr/FourTurtleSim_ws/install/controller_interfaces/share/controller_interfaces/environment/ament_prefix_path.sh
[0.978s] -- Up-to-date: /home/kaymarrr/FourTurtleSim_ws/install/controller_interfaces/share/controller_interfaces/environment/ament_prefix_path.dsv
[0.978s] -- Up-to-date: /home/kaymarrr/FourTurtleSim_ws/install/controller_interfaces/share/controller_interfaces/environment/path.sh
[0.978s] -- Up-to-date: /home/kaymarrr/FourTurtleSim_ws/install/controller_interfaces/share/controller_interfaces/environment/path.dsv
[0.979s] -- Up-to-date: /home/kaymarrr/FourTurtleSim_ws/install/controller_interfaces/share/controller_interfaces/local_setup.bash
[0.979s] -- Up-to-date: /home/kaymarrr/FourTurtleSim_ws/install/controller_interfaces/share/controller_interfaces/local_setup.sh
[0.979s] -- Up-to-date: /home/kaymarrr/FourTurtleSim_ws/install/controller_interfaces/share/controller_interfaces/local_setup.zsh
[0.979s] -- Up-to-date: /home/kaymarrr/FourTurtleSim_ws/install/controller_interfaces/share/controller_interfaces/local_setup.dsv
[0.979s] -- Installing: /home/kaymarrr/FourTurtleSim_ws/install/controller_interfaces/share/controller_interfaces/package.dsv
[0.979s] -- Up-to-date: /home/kaymarrr/FourTurtleSim_ws/install/controller_interfaces/share/ament_index/resource_index/packages/controller_interfaces
[0.979s] -- Up-to-date: /home/kaymarrr/FourTurtleSim_ws/install/controller_interfaces/share/controller_interfaces/cmake/export_controller_interfaces__rosidl_generator_cExport.cmake
[0.979s] -- Up-to-date: /home/kaymarrr/FourTurtleSim_ws/install/controller_interfaces/share/controller_interfaces/cmake/export_controller_interfaces__rosidl_generator_cExport-noconfig.cmake
[0.979s] -- Up-to-date: /home/kaymarrr/FourTurtleSim_ws/install/controller_interfaces/share/controller_interfaces/cmake/export_controller_interfaces__rosidl_typesupport_fastrtps_cExport.cmake
[0.979s] -- Up-to-date: /home/kaymarrr/FourTurtleSim_ws/install/controller_interfaces/share/controller_interfaces/cmake/export_controller_interfaces__rosidl_typesupport_fastrtps_cExport-noconfig.cmake
[0.980s] -- Up-to-date: /home/kaymarrr/FourTurtleSim_ws/install/controller_interfaces/share/controller_interfaces/cmake/export_controller_interfaces__rosidl_generator_cppExport.cmake
[0.980s] -- Up-to-date: /home/kaymarrr/FourTurtleSim_ws/install/controller_interfaces/share/controller_interfaces/cmake/export_controller_interfaces__rosidl_typesupport_fastrtps_cppExport.cmake
[0.980s] -- Up-to-date: /home/kaymarrr/FourTurtleSim_ws/install/controller_interfaces/share/controller_interfaces/cmake/export_controller_interfaces__rosidl_typesupport_fastrtps_cppExport-noconfig.cmake
[0.981s] -- Up-to-date: /home/kaymarrr/FourTurtleSim_ws/install/controller_interfaces/share/controller_interfaces/cmake/controller_interfaces__rosidl_typesupport_introspection_cExport.cmake
[0.981s] -- Up-to-date: /home/kaymarrr/FourTurtleSim_ws/install/controller_interfaces/share/controller_interfaces/cmake/controller_interfaces__rosidl_typesupport_introspection_cExport-noconfig.cmake
[0.981s] -- Up-to-date: /home/kaymarrr/FourTurtleSim_ws/install/controller_interfaces/share/controller_interfaces/cmake/controller_interfaces__rosidl_typesupport_cExport.cmake
[0.981s] -- Up-to-date: /home/kaymarrr/FourTurtleSim_ws/install/controller_interfaces/share/controller_interfaces/cmake/controller_interfaces__rosidl_typesupport_cExport-noconfig.cmake
[0.982s] -- Up-to-date: /home/kaymarrr/FourTurtleSim_ws/install/controller_interfaces/share/controller_interfaces/cmake/controller_interfaces__rosidl_typesupport_introspection_cppExport.cmake
[0.982s] -- Up-to-date: /home/kaymarrr/FourTurtleSim_ws/install/controller_interfaces/share/controller_interfaces/cmake/controller_interfaces__rosidl_typesupport_introspection_cppExport-noconfig.cmake
[0.983s] -- Up-to-date: /home/kaymarrr/FourTurtleSim_ws/install/controller_interfaces/share/controller_interfaces/cmake/controller_interfaces__rosidl_typesupport_cppExport.cmake
[0.983s] -- Up-to-date: /home/kaymarrr/FourTurtleSim_ws/install/controller_interfaces/share/controller_interfaces/cmake/controller_interfaces__rosidl_typesupport_cppExport-noconfig.cmake
[0.984s] -- Up-to-date: /home/kaymarrr/FourTurtleSim_ws/install/controller_interfaces/share/controller_interfaces/cmake/export_controller_interfaces__rosidl_generator_pyExport.cmake
[0.984s] -- Up-to-date: /home/kaymarrr/FourTurtleSim_ws/install/controller_interfaces/share/controller_interfaces/cmake/export_controller_interfaces__rosidl_generator_pyExport-noconfig.cmake
[0.984s] -- Up-to-date: /home/kaymarrr/FourTurtleSim_ws/install/controller_interfaces/share/controller_interfaces/cmake/rosidl_cmake-extras.cmake
[0.984s] -- Up-to-date: /home/kaymarrr/FourTurtleSim_ws/install/controller_interfaces/share/controller_interfaces/cmake/ament_cmake_export_dependencies-extras.cmake
[0.985s] -- Up-to-date: /home/kaymarrr/FourTurtleSim_ws/install/controller_interfaces/share/controller_interfaces/cmake/ament_cmake_export_include_directories-extras.cmake
[0.985s] -- Up-to-date: /home/kaymarrr/FourTurtleSim_ws/install/controller_interfaces/share/controller_interfaces/cmake/ament_cmake_export_libraries-extras.cmake
[0.985s] -- Up-to-date: /home/kaymarrr/FourTurtleSim_ws/install/controller_interfaces/share/controller_interfaces/cmake/ament_cmake_export_targets-extras.cmake
[0.985s] -- Up-to-date: /home/kaymarrr/FourTurtleSim_ws/install/controller_interfaces/share/controller_interfaces/cmake/rosidl_cmake_export_typesupport_targets-extras.cmake
[0.986s] -- Up-to-date: /home/kaymarrr/FourTurtleSim_ws/install/controller_interfaces/share/controller_interfaces/cmake/rosidl_cmake_export_typesupport_libraries-extras.cmake
[0.986s] -- Up-to-date: /home/kaymarrr/FourTurtleSim_ws/install/controller_interfaces/share/controller_interfaces/cmake/controller_interfacesConfig.cmake
[0.986s] -- Up-to-date: /home/kaymarrr/FourTurtleSim_ws/install/controller_interfaces/share/controller_interfaces/cmake/controller_interfacesConfig-version.cmake
[0.987s] -- Up-to-date: /home/kaymarrr/FourTurtleSim_ws/install/controller_interfaces/share/controller_interfaces/package.xml
[1.044s] Invoked command in '/home/kaymarrr/FourTurtleSim_ws/build/controller_interfaces' returned '0': CMAKE_PREFIX_PATH=${CMAKE_PREFIX_PATH}:/opt/ros/humble /usr/bin/cmake --install /home/kaymarrr/FourTurtleSim_ws/build/controller_interfaces
