[0.211s] Invoking command in '/home/kaymarrr/FourTurtleSim_ws/build/turtlesim_plus': CMAKE_PREFIX_PATH=${CMAKE_PREFIX_PATH}:/opt/ros/humble /usr/bin/cmake /home/kaymarrr/FourTurtleSim_ws/src/turtlesim_plus/turtlesim_plus -DCMAKE_INSTALL_PREFIX=/home/kaymarrr/FourTurtleSim_ws/install/turtlesim_plus
[0.295s] -- The C compiler identification is GNU 11.4.0
[0.359s] -- The CXX compiler identification is GNU 11.4.0
[0.368s] -- Detecting C compiler ABI info
[0.418s] -- Detecting C compiler ABI info - done
[0.424s] -- Check for working C compiler: /usr/bin/cc - skipped
[0.424s] -- Detecting C compile features
[0.425s] -- Detecting C compile features - done
[0.428s] -- Detecting CXX compiler ABI info
[0.483s] -- Detecting CXX compiler ABI info - done
[0.489s] -- Check for working CXX compiler: /usr/bin/c++ - skipped
[0.489s] -- Detecting CXX compile features
[0.490s] -- Detecting CXX compile features - done
[0.496s] -- Found ament_cmake: 1.3.5 (/opt/ros/humble/share/ament_cmake/cmake)
[0.653s] -- Found Python3: /usr/bin/python3.10 (found version "3.10.12") found components: Interpreter 
[0.748s] -- Found rclcpp: 16.0.6 (/opt/ros/humble/share/rclcpp/cmake)
[0.803s] -- Found rosidl_generator_c: 3.1.5 (/opt/ros/humble/share/rosidl_generator_c/cmake)
[0.809s] -- Found rosidl_adapter: 3.1.5 (/opt/ros/humble/share/rosidl_adapter/cmake)
[0.819s] -- Found rosidl_generator_cpp: 3.1.5 (/opt/ros/humble/share/rosidl_generator_cpp/cmake)
[0.834s] -- Using all available rosidl_typesupport_c: rosidl_typesupport_fastrtps_c;rosidl_typesupport_introspection_c
[0.859s] -- Using all available rosidl_typesupport_cpp: rosidl_typesupport_fastrtps_cpp;rosidl_typesupport_introspection_cpp
[0.984s] -- Found rmw_implementation_cmake: 6.1.1 (/opt/ros/humble/share/rmw_implementation_cmake/cmake)
[0.990s] -- Found rmw_fastrtps_cpp: 6.2.4 (/opt/ros/humble/share/rmw_fastrtps_cpp/cmake)
[1.087s] -- Found OpenSSL: /usr/lib/x86_64-linux-gnu/libcrypto.so (found version "3.0.2")  
[1.111s] -- Found FastRTPS: /opt/ros/humble/include  
[1.161s] -- Using RMW implementation 'rmw_fastrtps_cpp' as default
[1.174s] -- Looking for pthread.h
[1.235s] -- Looking for pthread.h - found
[1.235s] -- Performing Test CMAKE_HAVE_LIBC_PTHREAD
[1.287s] -- Performing Test CMAKE_HAVE_LIBC_PTHREAD - Success
[1.288s] -- Found Threads: TRUE  
[1.419s] -- Found rclpy: 3.3.10 (/opt/ros/humble/share/rclpy/cmake)
[1.555s] -- Configuring done
[1.559s] -- Generating done
[1.560s] -- Build files have been written to: /home/kaymarrr/FourTurtleSim_ws/build/turtlesim_plus
[1.568s] Invoked command in '/home/kaymarrr/FourTurtleSim_ws/build/turtlesim_plus' returned '0': CMAKE_PREFIX_PATH=${CMAKE_PREFIX_PATH}:/opt/ros/humble /usr/bin/cmake /home/kaymarrr/FourTurtleSim_ws/src/turtlesim_plus/turtlesim_plus -DCMAKE_INSTALL_PREFIX=/home/kaymarrr/FourTurtleSim_ws/install/turtlesim_plus
[1.570s] Invoking command in '/home/kaymarrr/FourTurtleSim_ws/build/turtlesim_plus': CMAKE_PREFIX_PATH=${CMAKE_PREFIX_PATH}:/opt/ros/humble /usr/bin/cmake --build /home/kaymarrr/FourTurtleSim_ws/build/turtlesim_plus -- -j16 -l16
[1.612s] Built target ament_cmake_python_copy_turtlesim_plus
[1.829s] running egg_info
[1.829s] creating turtlesim_plus.egg-info
[1.829s] writing turtlesim_plus.egg-info/PKG-INFO
[1.829s] writing dependency_links to turtlesim_plus.egg-info/dependency_links.txt
[1.829s] writing top-level names to turtlesim_plus.egg-info/top_level.txt
[1.830s] writing manifest file 'turtlesim_plus.egg-info/SOURCES.txt'
[1.832s] reading manifest file 'turtlesim_plus.egg-info/SOURCES.txt'
[1.832s] writing manifest file 'turtlesim_plus.egg-info/SOURCES.txt'
[1.856s] Built target ament_cmake_python_build_turtlesim_plus_egg
[1.864s] Invoked command in '/home/kaymarrr/FourTurtleSim_ws/build/turtlesim_plus' returned '0': CMAKE_PREFIX_PATH=${CMAKE_PREFIX_PATH}:/opt/ros/humble /usr/bin/cmake --build /home/kaymarrr/FourTurtleSim_ws/build/turtlesim_plus -- -j16 -l16
[1.891s] Invoking command in '/home/kaymarrr/FourTurtleSim_ws/build/turtlesim_plus': CMAKE_PREFIX_PATH=${CMAKE_PREFIX_PATH}:/opt/ros/humble /usr/bin/cmake --install /home/kaymarrr/FourTurtleSim_ws/build/turtlesim_plus
[1.897s] -- Install configuration: ""
[1.897s] -- Installing: /home/kaymarrr/FourTurtleSim_ws/install/turtlesim_plus/share/turtlesim_plus/environment/pythonpath.sh
[1.897s] -- Installing: /home/kaymarrr/FourTurtleSim_ws/install/turtlesim_plus/share/turtlesim_plus/environment/pythonpath.dsv
[1.897s] -- Installing: /home/kaymarrr/FourTurtleSim_ws/install/turtlesim_plus/local/lib/python3.10/dist-packages/turtlesim_plus-1.0.0-py3.10.egg-info
[1.897s] -- Installing: /home/kaymarrr/FourTurtleSim_ws/install/turtlesim_plus/local/lib/python3.10/dist-packages/turtlesim_plus-1.0.0-py3.10.egg-info/top_level.txt
[1.897s] -- Installing: /home/kaymarrr/FourTurtleSim_ws/install/turtlesim_plus/local/lib/python3.10/dist-packages/turtlesim_plus-1.0.0-py3.10.egg-info/PKG-INFO
[1.897s] -- Installing: /home/kaymarrr/FourTurtleSim_ws/install/turtlesim_plus/local/lib/python3.10/dist-packages/turtlesim_plus-1.0.0-py3.10.egg-info/dependency_links.txt
[1.897s] -- Installing: /home/kaymarrr/FourTurtleSim_ws/install/turtlesim_plus/local/lib/python3.10/dist-packages/turtlesim_plus-1.0.0-py3.10.egg-info/SOURCES.txt
[1.898s] -- Installing: /home/kaymarrr/FourTurtleSim_ws/install/turtlesim_plus/local/lib/python3.10/dist-packages/turtlesim_plus
[1.898s] -- Installing: /home/kaymarrr/FourTurtleSim_ws/install/turtlesim_plus/local/lib/python3.10/dist-packages/turtlesim_plus/ros2_plugins.py
[1.898s] -- Installing: /home/kaymarrr/FourTurtleSim_ws/install/turtlesim_plus/local/lib/python3.10/dist-packages/turtlesim_plus/__init__.py
[1.898s] -- Installing: /home/kaymarrr/FourTurtleSim_ws/install/turtlesim_plus/local/lib/python3.10/dist-packages/turtlesim_plus/image
[1.898s] -- Installing: /home/kaymarrr/FourTurtleSim_ws/install/turtlesim_plus/local/lib/python3.10/dist-packages/turtlesim_plus/image/object
[1.898s] -- Installing: /home/kaymarrr/FourTurtleSim_ws/install/turtlesim_plus/local/lib/python3.10/dist-packages/turtlesim_plus/image/object/parcel.png
[1.898s] -- Installing: /home/kaymarrr/FourTurtleSim_ws/install/turtlesim_plus/local/lib/python3.10/dist-packages/turtlesim_plus/image/object/pizza.png
[1.898s] -- Installing: /home/kaymarrr/FourTurtleSim_ws/install/turtlesim_plus/local/lib/python3.10/dist-packages/turtlesim_plus/image/turtle
[1.898s] -- Installing: /home/kaymarrr/FourTurtleSim_ws/install/turtlesim_plus/local/lib/python3.10/dist-packages/turtlesim_plus/image/turtle/bouncy.png
[1.898s] -- Installing: /home/kaymarrr/FourTurtleSim_ws/install/turtlesim_plus/local/lib/python3.10/dist-packages/turtlesim_plus/image/turtle/rolling.png
[1.898s] -- Installing: /home/kaymarrr/FourTurtleSim_ws/install/turtlesim_plus/local/lib/python3.10/dist-packages/turtlesim_plus/image/turtle/galactic.png
[1.899s] -- Installing: /home/kaymarrr/FourTurtleSim_ws/install/turtlesim_plus/local/lib/python3.10/dist-packages/turtlesim_plus/image/turtle/foxy.png
[1.899s] -- Installing: /home/kaymarrr/FourTurtleSim_ws/install/turtlesim_plus/local/lib/python3.10/dist-packages/turtlesim_plus/image/turtle/humble.png
[1.899s] -- Installing: /home/kaymarrr/FourTurtleSim_ws/install/turtlesim_plus/local/lib/python3.10/dist-packages/turtlesim_plus/image/turtle/eloquent.png
[1.899s] -- Installing: /home/kaymarrr/FourTurtleSim_ws/install/turtlesim_plus/local/lib/python3.10/dist-packages/turtlesim_plus/image/turtle/dashing.png
[1.899s] -- Installing: /home/kaymarrr/FourTurtleSim_ws/install/turtlesim_plus/local/lib/python3.10/dist-packages/turtlesim_plus/image/turtle/otto.png
[1.899s] -- Installing: /home/kaymarrr/FourTurtleSim_ws/install/turtlesim_plus/local/lib/python3.10/dist-packages/turtlesim_plus/image/turtle/ardent.png
[1.899s] -- Installing: /home/kaymarrr/FourTurtleSim_ws/install/turtlesim_plus/local/lib/python3.10/dist-packages/turtlesim_plus/image/turtle/crystal.png
[1.899s] -- Installing: /home/kaymarrr/FourTurtleSim_ws/install/turtlesim_plus/local/lib/python3.10/dist-packages/turtlesim_plus/image/map
[1.900s] -- Installing: /home/kaymarrr/FourTurtleSim_ws/install/turtlesim_plus/local/lib/python3.10/dist-packages/turtlesim_plus/image/map/map.png
[1.900s] -- Installing: /home/kaymarrr/FourTurtleSim_ws/install/turtlesim_plus/local/lib/python3.10/dist-packages/turtlesim_plus/entity.py
[1.939s] Listing '/home/kaymarrr/FourTurtleSim_ws/install/turtlesim_plus/local/lib/python3.10/dist-packages/turtlesim_plus'...
[1.939s] Compiling '/home/kaymarrr/FourTurtleSim_ws/install/turtlesim_plus/local/lib/python3.10/dist-packages/turtlesim_plus/__init__.py'...
[1.939s] Compiling '/home/kaymarrr/FourTurtleSim_ws/install/turtlesim_plus/local/lib/python3.10/dist-packages/turtlesim_plus/entity.py'...
[1.939s] Listing '/home/kaymarrr/FourTurtleSim_ws/install/turtlesim_plus/local/lib/python3.10/dist-packages/turtlesim_plus/image'...
[1.939s] Listing '/home/kaymarrr/FourTurtleSim_ws/install/turtlesim_plus/local/lib/python3.10/dist-packages/turtlesim_plus/image/map'...
[1.939s] Listing '/home/kaymarrr/FourTurtleSim_ws/install/turtlesim_plus/local/lib/python3.10/dist-packages/turtlesim_plus/image/object'...
[1.939s] Listing '/home/kaymarrr/FourTurtleSim_ws/install/turtlesim_plus/local/lib/python3.10/dist-packages/turtlesim_plus/image/turtle'...
[1.939s] Compiling '/home/kaymarrr/FourTurtleSim_ws/install/turtlesim_plus/local/lib/python3.10/dist-packages/turtlesim_plus/ros2_plugins.py'...
[1.943s] -- Installing: /home/kaymarrr/FourTurtleSim_ws/install/turtlesim_plus/lib/turtlesim_plus/turtlesim_plus_node.py
[1.943s] -- Installing: /home/kaymarrr/FourTurtleSim_ws/install/turtlesim_plus/lib/turtlesim_plus/pizza_on_click.py
[1.943s] -- Up-to-date: /home/kaymarrr/FourTurtleSim_ws/install/turtlesim_plus/share/turtlesim_plus
[1.944s] -- Installing: /home/kaymarrr/FourTurtleSim_ws/install/turtlesim_plus/share/ament_index/resource_index/package_run_dependencies/turtlesim_plus
[1.944s] -- Installing: /home/kaymarrr/FourTurtleSim_ws/install/turtlesim_plus/share/ament_index/resource_index/parent_prefix_path/turtlesim_plus
[1.944s] -- Installing: /home/kaymarrr/FourTurtleSim_ws/install/turtlesim_plus/share/turtlesim_plus/environment/ament_prefix_path.sh
[1.944s] -- Installing: /home/kaymarrr/FourTurtleSim_ws/install/turtlesim_plus/share/turtlesim_plus/environment/ament_prefix_path.dsv
[1.944s] -- Installing: /home/kaymarrr/FourTurtleSim_ws/install/turtlesim_plus/share/turtlesim_plus/environment/path.sh
[1.944s] -- Installing: /home/kaymarrr/FourTurtleSim_ws/install/turtlesim_plus/share/turtlesim_plus/environment/path.dsv
[1.944s] -- Installing: /home/kaymarrr/FourTurtleSim_ws/install/turtlesim_plus/share/turtlesim_plus/local_setup.bash
[1.944s] -- Installing: /home/kaymarrr/FourTurtleSim_ws/install/turtlesim_plus/share/turtlesim_plus/local_setup.sh
[1.944s] -- Installing: /home/kaymarrr/FourTurtleSim_ws/install/turtlesim_plus/share/turtlesim_plus/local_setup.zsh
[1.945s] -- Installing: /home/kaymarrr/FourTurtleSim_ws/install/turtlesim_plus/share/turtlesim_plus/local_setup.dsv
[1.945s] -- Installing: /home/kaymarrr/FourTurtleSim_ws/install/turtlesim_plus/share/turtlesim_plus/package.dsv
[1.945s] -- Installing: /home/kaymarrr/FourTurtleSim_ws/install/turtlesim_plus/share/ament_index/resource_index/packages/turtlesim_plus
[1.945s] -- Installing: /home/kaymarrr/FourTurtleSim_ws/install/turtlesim_plus/share/turtlesim_plus/cmake/turtlesim_plusConfig.cmake
[1.945s] -- Installing: /home/kaymarrr/FourTurtleSim_ws/install/turtlesim_plus/share/turtlesim_plus/cmake/turtlesim_plusConfig-version.cmake
[1.945s] -- Installing: /home/kaymarrr/FourTurtleSim_ws/install/turtlesim_plus/share/turtlesim_plus/package.xml
[1.946s] Invoked command in '/home/kaymarrr/FourTurtleSim_ws/build/turtlesim_plus' returned '0': CMAKE_PREFIX_PATH=${CMAKE_PREFIX_PATH}:/opt/ros/humble /usr/bin/cmake --install /home/kaymarrr/FourTurtleSim_ws/build/turtlesim_plus
