[35m[1mConsolidate compiler generated dependencies of target cpp_node_test[0m
[100%] Built target cpp_node_test
[100%] Built target ament_cmake_python_copy_controller
running egg_info
writing controller.egg-info/PKG-INFO
writing dependency_links to controller.egg-info/dependency_links.txt
writing top-level names to controller.egg-info/top_level.txt
reading manifest file 'controller.egg-info/SOURCES.txt'
writing manifest file 'controller.egg-info/SOURCES.txt'
[100%] Built target ament_cmake_python_build_controller_egg
-- Install configuration: ""
-- Up-to-date: /home/kaymarrr/FourTurtleSim_ws/install/controller/share/controller/environment/pythonpath.sh
-- Up-to-date: /home/kaymarrr/FourTurtleSim_ws/install/controller/share/controller/environment/pythonpath.dsv
-- Up-to-date: /home/kaymarrr/FourTurtleSim_ws/install/controller/local/lib/python3.10/dist-packages/controller-0.0.0-py3.10.egg-info
-- Installing: /home/kaymarrr/FourTurtleSim_ws/install/controller/local/lib/python3.10/dist-packages/controller-0.0.0-py3.10.egg-info/top_level.txt
-- Installing: /home/kaymarrr/FourTurtleSim_ws/install/controller/local/lib/python3.10/dist-packages/controller-0.0.0-py3.10.egg-info/PKG-INFO
-- Installing: /home/kaymarrr/FourTurtleSim_ws/install/controller/local/lib/python3.10/dist-packages/controller-0.0.0-py3.10.egg-info/dependency_links.txt
-- Installing: /home/kaymarrr/FourTurtleSim_ws/install/controller/local/lib/python3.10/dist-packages/controller-0.0.0-py3.10.egg-info/SOURCES.txt
-- Up-to-date: /home/kaymarrr/FourTurtleSim_ws/install/controller/local/lib/python3.10/dist-packages/controller
-- Up-to-date: /home/kaymarrr/FourTurtleSim_ws/install/controller/local/lib/python3.10/dist-packages/controller/__init__.py
-- Up-to-date: /home/kaymarrr/FourTurtleSim_ws/install/controller/local/lib/python3.10/dist-packages/controller/dummy_module.py
Listing '/home/kaymarrr/FourTurtleSim_ws/install/controller/local/lib/python3.10/dist-packages/controller'...
-- Up-to-date: /home/kaymarrr/FourTurtleSim_ws/install/controller/lib/controller/controller.py
-- Up-to-date: /home/kaymarrr/FourTurtleSim_ws/install/controller/lib/controller/scheduler.py
-- Up-to-date: /home/kaymarrr/FourTurtleSim_ws/install/controller/lib/controller/cpp_node_test
-- Up-to-date: /home/kaymarrr/FourTurtleSim_ws/install/controller/share/controller/via_point
-- Up-to-date: /home/kaymarrr/FourTurtleSim_ws/install/controller/share/controller/via_point/via_point.yaml
-- Up-to-date: /home/kaymarrr/FourTurtleSim_ws/install/controller/share/controller/config
-- Up-to-date: /home/kaymarrr/FourTurtleSim_ws/install/controller/share/controller/config/eater_config.yaml
-- Up-to-date: /home/kaymarrr/FourTurtleSim_ws/install/controller/share/controller/config/controller_config.yaml
-- Up-to-date: /home/kaymarrr/FourTurtleSim_ws/install/controller/share/controller/config/spawner_config.yaml
-- Up-to-date: /home/kaymarrr/FourTurtleSim_ws/install/controller/share/controller/launch
-- Up-to-date: /home/kaymarrr/FourTurtleSim_ws/install/controller/share/controller/launch/via_point_follower.launch.py
-- Up-to-date: /home/kaymarrr/FourTurtleSim_ws/install/controller/share/controller/launch/controller_scheduler.launch.py
-- Up-to-date: /home/kaymarrr/FourTurtleSim_ws/install/controller/share/controller/launch/spawn_turtle.launch.py
-- Up-to-date: /home/kaymarrr/FourTurtleSim_ws/install/controller/share/controller/launch/multiple_turtle.launch.py
-- Up-to-date: /home/kaymarrr/FourTurtleSim_ws/install/controller/share/ament_index/resource_index/package_run_dependencies/controller
-- Up-to-date: /home/kaymarrr/FourTurtleSim_ws/install/controller/share/ament_index/resource_index/parent_prefix_path/controller
-- Up-to-date: /home/kaymarrr/FourTurtleSim_ws/install/controller/share/controller/environment/ament_prefix_path.sh
-- Up-to-date: /home/kaymarrr/FourTurtleSim_ws/install/controller/share/controller/environment/ament_prefix_path.dsv
-- Up-to-date: /home/kaymarrr/FourTurtleSim_ws/install/controller/share/controller/environment/path.sh
-- Up-to-date: /home/kaymarrr/FourTurtleSim_ws/install/controller/share/controller/environment/path.dsv
-- Up-to-date: /home/kaymarrr/FourTurtleSim_ws/install/controller/share/controller/local_setup.bash
-- Up-to-date: /home/kaymarrr/FourTurtleSim_ws/install/controller/share/controller/local_setup.sh
-- Up-to-date: /home/kaymarrr/FourTurtleSim_ws/install/controller/share/controller/local_setup.zsh
-- Up-to-date: /home/kaymarrr/FourTurtleSim_ws/install/controller/share/controller/local_setup.dsv
-- Up-to-date: /home/kaymarrr/FourTurtleSim_ws/install/controller/share/controller/package.dsv
-- Up-to-date: /home/kaymarrr/FourTurtleSim_ws/install/controller/share/ament_index/resource_index/packages/controller
-- Up-to-date: /home/kaymarrr/FourTurtleSim_ws/install/controller/share/controller/cmake/controllerConfig.cmake
-- Up-to-date: /home/kaymarrr/FourTurtleSim_ws/install/controller/share/controller/cmake/controllerConfig-version.cmake
-- Up-to-date: /home/kaymarrr/FourTurtleSim_ws/install/controller/share/controller/package.xml
